#
# A fatal error has been detected by the Java Runtime Environment:
#
#  EXCEPTION_ACCESS_VIOLATION (0xc0000005) at pc=0x00007ffc22f6d69a, pid=10700, tid=17660
#
# JRE version: OpenJDK Runtime Environment Temurin-17.0.2+8 (17.0.2+8) (build 17.0.2+8)
# Java VM: OpenJDK 64-Bit Server VM Temurin-17.0.2+8 (17.0.2+8, mixed mode, emulated-client, tiered, compressed oops, compressed class ptrs, g1 gc, windows-amd64)
# Problematic frame:
# V  [jvm.dll+0x79d69a]
#
# No core dump will be written. Minidumps are not enabled by default on client versions of Windows
#
# If you would like to submit a bug report, please visit:
#   https://github.com/adoptium/adoptium-support/issues
#

---------------  S U M M A R Y ------------

Command Line: -XX:+ShowCodeDetailsInExceptionMessages -agentlib:jdwp=transport=dt_socket,suspend=y,address=localhost:5723 -Dcom.sun.management.jmxremote -Dcom.sun.management.jmxremote.port=5722 -Dcom.sun.management.jmxremote.authenticate=false -Dcom.sun.management.jmxremote.ssl=false -Djava.rmi.server.hostname=localhost -Dspring.jmx.enabled=true -Dspring.application.admin.enabled=true -XX:TieredStopAtLevel=1 -Dspring.boot.project.name=gx-workshop-flow -javaagent:D:\sts-4.14.0.RELEASE\configuration\org.eclipse.osgi\265\0\.cp\lib\javaagent-shaded.jar -Dfile.encoding=utf8 io.graphenee.workshop.FlowApplication --spring.output.ansi.enabled=always

Host: Intel(R) Core(TM) i7-10510U CPU @ 1.80GHz, 8 cores, 15G,  Windows 10 , 64 bit Build 19041 (10.0.19041.1889)
Time: Thu Aug 25 11:23:43 2022 Pakistan Standard Time elapsed time: 4934.136624 seconds (0d 1h 22m 14s)

---------------  T H R E A D  ---------------

Current thread (0x000002414ff22fc0):  JavaThread "JDWP Transport Listener: dt_socket" daemon [_thread_in_vm, id=17660, stack(0x000000995f000000,0x000000995f100000)]

Stack: [0x000000995f000000,0x000000995f100000],  sp=0x000000995f0ff820,  free space=1022k
Native frames: (J=compiled Java code, j=interpreted, Vv=VM code, C=native code)
V  [jvm.dll+0x79d69a]
V  [jvm.dll+0x50842c]
V  [jvm.dll+0x4cfa94]
C  [jdwp.dll+0x22dff]


siginfo: EXCEPTION_ACCESS_VIOLATION (0xc0000005), reading address 0x00000000022707e9


Register to memory mapping:

RIP=0x00007ffc22f6d69a jvm.dll
RAX=0x00000000000007e9 is an unknown value
RBX=0x000002414fc81315 points into unknown readable memory: 61 62 6c
RCX=0x00000000022707e5 is an unknown value
RDX=0x0000024150be3f40 points into unknown readable memory: 0x706172672f6f694c | 4c 69 6f 2f 67 72 61 70
RSP=0x000000995f0ff820 is pointing into the stack for thread: 0x000002414ff22fc0
RBP=0x000002414ff0ef10 points into unknown readable memory: 0x0074006600000002 | 02 00 00 00 66 00 74 00
RSI=0x0 is NULL
RDI=0xffffffffffffffff is an unknown value
R8 =0x00000000000000e7 is an unknown value
R9 =0x000000000000003e is an unknown value
R10=0x00000000000000c0 is an unknown value
R11=0x000000995f0ff840 is pointing into the stack for thread: 0x000002414ff22fc0
R12=0x000000995f0ff978 is pointing into the stack for thread: 0x000002414ff22fc0
R13=0x0 is NULL
R14=0x0000000800410920 is a pointer to class: 
io.graphenee.vaadin.flow.base.GxAbstractEntityList {0x0000000800410928}
 - instance size:     17
 - klass size:        330
 - access:            public synchronized abstract 
 - state:             fully_initialized
 - name:              'io/graphenee/vaadin/flow/base/GxAbstractEntityList'
 - super:             'com/vaadin/flow/component/orderedlayout/VerticalLayout'
 - sub:               'io/graphenee/vaadin/flow/sms/GxSmsProviderListPanel'   'io/graphenee/vaadin/flow/security/GxUserAccountList'   'io/graphenee/vaadin/flow/security/GxSecurityPolicyList'   'io/graphenee/vaadin/flow/security/GxSecurityGroupList'   (7 more klasses...)
 - arrays:            NULL
 - methods:           Array<T>(0x000002415e447680)
 - method ordering:   Array<T>(0x000002415e45be00)
 - default_methods:   Array<T>(0x00000241533c3288)
 - default vtable indices:   Array<T>(0x00000241533c3480)
 - local interfaces:  Array<T>(0x000002414f400058)
 - trans. interfaces: Array<T>(0x00000241533b1a10)
 - constants:         constant pool [2275]/operands[257] {0x000002415e478e30} for 'io/graphenee/vaadin/flow/base/GxAbstractEntityList' cache=0x00000241533b8000
 - class loader data:  loader data: 0x000002414fc25190 for instance a 'jdk/internal/loader/ClassLoaders$AppClassLoader'{0x000000070c6cfc00}
 - source file:       'GxAbstractEntityList.java'
 - source debug extension:       SMAP
GxAbstractEntityList.java
Java
*S jdt
*F
1 GxAbstractEntityList.java
2 file:/D:/sandbox/graphenee/gx/gx-flow/target/classes/
*L
*E

 - class annotations:       Array<T>(0x00000241533c1980)
 - class type annotations:  Array<T>(0x0000000000000000)
 - field annotations:       Array<T>(0x0000000000000000)
 - field type annotations:  Array<T>(0x0000000000000000)
 - generic signature: '
[error occurred during error reporting (printing register info), id 0xc0000005, EXCEPTION_ACCESS_VIOLATION (0xc0000005) at pc=0x00007ffc22f6e2a6]

Registers:
RAX=0x00000000000007e9, RBX=0x000002414fc81315, RCX=0x00000000022707e5, RDX=0x0000024150be3f40
RSP=0x000000995f0ff820, RBP=0x000002414ff0ef10, RSI=0x0000000000000000, RDI=0xffffffffffffffff
R8 =0x00000000000000e7, R9 =0x000000000000003e, R10=0x00000000000000c0, R11=0x000000995f0ff840
R12=0x000000995f0ff978, R13=0x0000000000000000, R14=0x0000000800410920, R15=0x000000995f0ff9c8
RIP=0x00007ffc22f6d69a, EFLAGS=0x0000000000010202

Top of Stack: (sp=0x000000995f0ff820)
0x000000995f0ff820:   0000000000000032 0000000800410920
0x000000995f0ff830:   000002414ff22fc0 0000000000000000
0x000000995f0ff840:   ffffffffffffffff 00007ffc22cd842c
0x000000995f0ff850:   000002414fc81315 000002414fc812e0
0x000000995f0ff860:   000002414ff0ef10 000002415a4811f0
0x000000995f0ff870:   000002414fc81290 00000000000003d8
0x000000995f0ff880:   000002414fc812a0 000002414fc81678
0x000000995f0ff890:   0000000000000002 000000995f0ff978
0x000000995f0ff8a0:   0000000000000000 0000000000000000
0x000000995f0ff8b0:   000000070d45b050 00007ffc22c9fa94
0x000000995f0ff8c0:   000002414ff22fc0 000000995f0ff9c8
0x000000995f0ff8d0:   000002413cfa8270 000000995f0ff9c8
0x000000995f0ff8e0:   000002414ff22fc0 0000000000000000
0x000000995f0ff8f0:   0000024100000000 0000000000000000
0x000000995f0ff900:   000000000000000d 00007ffc7fb72dff
0x000000995f0ff910:   000000995f0ff9c0 00007ffc7fb81aa0 

Instructions: (pc=0x00007ffc22f6d69a)
0x00007ffc22f6d59a:   48 83 c4 20 5f e9 4c 8d 90 ff cc cc cc cc cc cc
0x00007ffc22f6d5aa:   cc cc cc cc cc cc 48 89 5c 24 08 57 48 83 ec 20
0x00007ffc22f6d5ba:   83 fa 02 8d 42 06 b9 08 00 00 00 49 8b d8 0f 4e
0x00007ffc22f6d5ca:   c1 48 63 c8 48 83 c1 07 83 e1 f8 48 63 f9 49 8b
0x00007ffc22f6d5da:   48 18 48 8b c7 48 f7 d0 48 3b c1 73 16 4c 8d 05
0x00007ffc22f6d5ea:   da 4c 17 00 48 8b d7 48 8b cb e8 57 f0 90 ff 48
0x00007ffc22f6d5fa:   8b 4b 18 48 8d 04 39 48 3b 43 20 76 18 45 33 c0
0x00007ffc22f6d60a:   48 8b d7 48 8b cb 48 8b 5c 24 30 48 83 c4 20 5f
0x00007ffc22f6d61a:   e9 b1 ec 90 ff 48 89 43 18 48 8b c1 48 8b 5c 24
0x00007ffc22f6d62a:   30 48 83 c4 20 5f c3 cc cc cc cc cc cc cc cc cc
0x00007ffc22f6d63a:   cc cc cc cc cc cc 4c 8b d2 4c 8b d9 45 85 c0 7e
0x00007ffc22f6d64a:   3c 44 0f b7 49 04 41 8d 40 ff 41 3b c1 44 0f 4c
0x00007ffc22f6d65a:   c8 4d 63 c1 45 85 c9 7e 1f 48 8b c2 4c 2b da 49
0x00007ffc22f6d66a:   8b d0 0f 1f 40 00 41 0f b6 4c 03 06 88 08 48 8d
0x00007ffc22f6d67a:   40 01 48 83 ea 01 75 ee 43 c6 04 10 00 49 8b c2
0x00007ffc22f6d68a:   c3 cc cc cc cc cc 48 89 5c 24 08 57 48 83 ec 20
0x00007ffc22f6d69a:   0f b7 59 04 48 8b f9 33 d2 48 8d 4b 01 e8 84 df
0x00007ffc22f6d6aa:   f2 ff 0f b7 57 04 4c 8b c0 3b da 0f 42 d3 44 8b
0x00007ffc22f6d6ba:   ca 85 d2 74 39 48 2b f8 0f 1f 40 00 66 66 0f 1f
0x00007ffc22f6d6ca:   84 00 00 00 00 00 0f b6 4c 07 06 88 08 48 ff c0
0x00007ffc22f6d6da:   48 8b c8 49 2b c8 49 3b c9 7c eb 42 c6 04 02 00
0x00007ffc22f6d6ea:   49 8b c0 48 8b 5c 24 30 48 83 c4 20 5f c3 48 8b
0x00007ffc22f6d6fa:   5c 24 30 c6 04 02 00 48 83 c4 20 5f c3 cc cc cc
0x00007ffc22f6d70a:   cc cc cc cc cc cc 4c 8b d1 45 85 c0 7e 6c 44 0f
0x00007ffc22f6d71a:   b7 49 04 41 8d 40 ff 41 3b c1 44 0f 4c c8 4d 63
0x00007ffc22f6d72a:   d9 45 85 c9 7e 22 48 8b ca 4c 2b d2 4d 8b c3 0f
0x00007ffc22f6d73a:   1f 80 00 00 00 00 41 0f b6 44 0a 06 88 01 48 8d
0x00007ffc22f6d74a:   49 01 49 83 e8 01 75 ee 41 c6 04 13 00 48 c7 c0
0x00007ffc22f6d75a:   ff ff ff ff 66 90 48 ff c0 80 3c 02 00 75 f7 48
0x00007ffc22f6d76a:   63 c8 85 c0 48 8b c2 7e 14 80 38 2f 75 03 c6 00
0x00007ffc22f6d77a:   2e 48 ff c0 48 83 e9 01 75 ef 48 8b c2 c3 cc cc
0x00007ffc22f6d78a:   cc cc cc cc cc cc 48 83 ec 28 e8 f7 fe ff ff 4c 


Stack slot to memory mapping:
stack at sp + 0 slots: 0x0000000000000032 is an unknown value
stack at sp + 1 slots: 0x0000000800410920 is a pointer to class: 
io.graphenee.vaadin.flow.base.GxAbstractEntityList {0x0000000800410928}
 - instance size:     17
 - klass size:        330
 - access:            public synchronized abstract 
 - state:             fully_initialized
 - name:              'io/graphenee/vaadin/flow/base/GxAbstractEntityList'
 - super:             'com/vaadin/flow/component/orderedlayout/VerticalLayout'
 - sub:               'io/graphenee/vaadin/flow/sms/GxSmsProviderListPanel'   'io/graphenee/vaadin/flow/security/GxUserAccountList'   'io/graphenee/vaadin/flow/security/GxSecurityPolicyList'   'io/graphenee/vaadin/flow/security/GxSecurityGroupList'   (7 more klasses...)
 - arrays:            NULL
 - methods:           Array<T>(0x000002415e447680)
 - method ordering:   Array<T>(0x000002415e45be00)
 - default_methods:   Array<T>(0x00000241533c3288)
 - default vtable indices:   Array<T>(0x00000241533c3480)
 - local interfaces:  Array<T>(0x000002414f400058)
 - trans. interfaces: Array<T>(0x00000241533b1a10)
 - constants:         constant pool [2275]/operands[257] {0x000002415e478e30} for 'io/graphenee/vaadin/flow/base/GxAbstractEntityList' cache=0x00000241533b8000
 - class loader data:  loader data: 0x000002414fc25190 for instance a 'jdk/internal/loader/ClassLoaders$AppClassLoader'{0x000000070c6cfc00}
 - source file:       'GxAbstractEntityList.java'
 - source debug extension:       SMAP
GxAbstractEntityList.java
Java
*S jdt
*F
1 GxAbstractEntityList.java
2 file:/D:/sandbox/graphenee/gx/gx-flow/target/classes/
*L
*E

 - class annotations:       Array<T>(0x00000241533c1980)
 - class type annotations:  Array<T>(0x0000000000000000)
 - field annotations:       Array<T>(0x0000000000000000)
 - field type annotations:  Array<T>(0x0000000000000000)
 - generic signature: '
[error occurred during error reporting (inspecting top of stack), id 0xc0000005, EXCEPTION_ACCESS_VIOLATION (0xc0000005) at pc=0x00007ffc22f6e2a6]


---------------  P R O C E S S  ---------------

Threads class SMR info:
_java_thread_list=0x00000241559cd5c0, length=44, elements={
0x000002414f33db30, 0x000002414f33e3e0, 0x000002414fc7e010, 0x000002414fc7e4e0,
0x000002414fc7f9c0, 0x000002414fc83ea0, 0x000002414fca17e0, 0x000002414fca2500,
0x000002414fea3560, 0x000002414ff22fc0, 0x000002414ff2ca00, 0x000002414ff2f0f0,
0x0000024150c3cc90, 0x0000024150d89020, 0x0000024150dfd980, 0x0000024150efa7f0,
0x00000241512edcf0, 0x0000024151306160, 0x000002415130f6c0, 0x0000024151265410,
0x0000024151263260, 0x0000024151263730, 0x00000241512645a0, 0x00000241516ecd00,
0x00000241516ea680, 0x00000241516f01f0, 0x00000241516eb4f0, 0x00000241516eeeb0,
0x00000241516ef380, 0x00000241516eab50, 0x00000241516eb020, 0x00000241516edb70,
0x00000241516ee040, 0x00000241516f06c0, 0x00000241516ee9e0, 0x00000241516efd20,
0x00000241516eb9c0, 0x00000241516f0b90, 0x00000241516ef850, 0x00000241515a5530,
0x00000241515a3d20, 0x00000241515a6d40, 0x00000241515a76e0, 0x0000024158f38130
}

Java Threads: ( => current thread )
  0x000002414f33db30 JavaThread "Reference Handler" daemon [_thread_blocked, id=17080, stack(0x000000995e500000,0x000000995e600000)]
  0x000002414f33e3e0 JavaThread "Finalizer" daemon [_thread_blocked, id=16504, stack(0x000000995e600000,0x000000995e700000)]
  0x000002414fc7e010 JavaThread "Signal Dispatcher" daemon [_thread_blocked, id=18656, stack(0x000000995e700000,0x000000995e800000)]
  0x000002414fc7e4e0 JavaThread "Attach Listener" daemon [_thread_blocked, id=20280, stack(0x000000995e800000,0x000000995e900000)]
  0x000002414fc7f9c0 JavaThread "Service Thread" daemon [_thread_blocked, id=16496, stack(0x000000995e900000,0x000000995ea00000)]
  0x000002414fc83ea0 JavaThread "Monitor Deflation Thread" daemon [_thread_blocked, id=20220, stack(0x000000995ea00000,0x000000995eb00000)]
  0x000002414fca17e0 JavaThread "C1 CompilerThread0" daemon [_thread_blocked, id=19836, stack(0x000000995eb00000,0x000000995ec00000)]
  0x000002414fca2500 JavaThread "Sweeper thread" daemon [_thread_blocked, id=10256, stack(0x000000995ec00000,0x000000995ed00000)]
  0x000002414fea3560 JavaThread "Common-Cleaner" daemon [_thread_blocked, id=7704, stack(0x000000995ed00000,0x000000995ee00000)]
=>0x000002414ff22fc0 JavaThread "JDWP Transport Listener: dt_socket" daemon [_thread_in_vm, id=17660, stack(0x000000995f000000,0x000000995f100000)]
  0x000002414ff2ca00 JavaThread "JDWP Event Helper Thread" daemon [_thread_blocked, id=5168, stack(0x000000995f100000,0x000000995f200000)]
  0x000002414ff2f0f0 JavaThread "JDWP Command Reader" daemon [_thread_in_native, id=18780, stack(0x000000995f200000,0x000000995f300000)]
  0x0000024150c3cc90 JavaThread "Notification Thread" daemon [_thread_blocked, id=16508, stack(0x000000995f300000,0x000000995f400000)]
  0x0000024150d89020 JavaThread "RMI TCP Accept-0" daemon [_thread_in_native, id=4004, stack(0x000000995fc00000,0x000000995fd00000)]
  0x0000024150dfd980 JavaThread "RMI TCP Accept-5722" daemon [_thread_in_native, id=19544, stack(0x000000995fd00000,0x000000995fe00000)]
  0x0000024150efa7f0 JavaThread "RMI TCP Accept-0" daemon [_thread_in_native, id=1560, stack(0x000000995fe00000,0x000000995ff00000)]
  0x00000241512edcf0 JavaThread "RMI Scheduler(0)" daemon [_thread_blocked, id=12888, stack(0x0000009960200000,0x0000009960300000)]
  0x0000024151306160 JavaThread "RMI TCP Connection(89)-127.0.0.1" daemon [_thread_in_native, id=15548, stack(0x0000009960300000,0x0000009960400000)]
  0x000002415130f6c0 JavaThread "JMX server connection timeout 25" daemon [_thread_blocked, id=7060, stack(0x0000009960400000,0x0000009960500000)]
  0x0000024151265410 JavaThread "Catalina-utility-1" [_thread_blocked, id=18848, stack(0x0000009960b00000,0x0000009960c00000)]
  0x0000024151263260 JavaThread "Catalina-utility-2" [_thread_blocked, id=19272, stack(0x0000009960c00000,0x0000009960d00000)]
  0x0000024151263730 JavaThread "container-0" [_thread_blocked, id=11056, stack(0x0000009960d00000,0x0000009960e00000)]
  0x00000241512645a0 JavaThread "HikariPool-1 housekeeper" daemon [_thread_blocked, id=18252, stack(0x0000009961000000,0x0000009961100000)]
  0x00000241516ecd00 JavaThread "Thread-2" daemon [_thread_in_native, id=20168, stack(0x0000009961300000,0x0000009961400000)]
  0x00000241516ea680 JavaThread "webpack" daemon [_thread_in_native, id=6900, stack(0x0000009961400000,0x0000009961500000)]
  0x00000241516f01f0 JavaThread "http-nio-8080-BlockPoller" daemon [_thread_in_native, id=17944, stack(0x0000009961700000,0x0000009961800000)]
  0x00000241516eb4f0 JavaThread "http-nio-8080-exec-1" daemon [_thread_blocked, id=16376, stack(0x0000009961800000,0x0000009961900000)]
  0x00000241516eeeb0 JavaThread "http-nio-8080-exec-2" daemon [_thread_blocked, id=15936, stack(0x0000009961900000,0x0000009961a00000)]
  0x00000241516ef380 JavaThread "http-nio-8080-exec-3" daemon [_thread_blocked, id=12796, stack(0x0000009961a00000,0x0000009961b00000)]
  0x00000241516eab50 JavaThread "http-nio-8080-exec-4" daemon [_thread_blocked, id=20424, stack(0x0000009961b00000,0x0000009961c00000)]
  0x00000241516eb020 JavaThread "http-nio-8080-exec-5" daemon [_thread_blocked, id=9268, stack(0x0000009961c00000,0x0000009961d00000)]
  0x00000241516edb70 JavaThread "http-nio-8080-exec-6" daemon [_thread_blocked, id=16312, stack(0x0000009961d00000,0x0000009961e00000)]
  0x00000241516ee040 JavaThread "http-nio-8080-exec-7" daemon [_thread_blocked, id=14448, stack(0x0000009961e00000,0x0000009961f00000)]
  0x00000241516f06c0 JavaThread "http-nio-8080-exec-8" daemon [_thread_blocked, id=9024, stack(0x0000009961f00000,0x0000009962000000)]
  0x00000241516ee9e0 JavaThread "http-nio-8080-exec-9" daemon [_thread_blocked, id=7856, stack(0x0000009962000000,0x0000009962100000)]
  0x00000241516efd20 JavaThread "http-nio-8080-exec-10" daemon [_thread_blocked, id=2712, stack(0x0000009962100000,0x0000009962200000)]
  0x00000241516eb9c0 JavaThread "http-nio-8080-ClientPoller" daemon [_thread_in_native, id=6920, stack(0x0000009962200000,0x0000009962300000)]
  0x00000241516f0b90 JavaThread "http-nio-8080-Acceptor" daemon [_thread_in_native, id=17936, stack(0x0000009962300000,0x0000009962400000)]
  0x00000241516ef850 JavaThread "DestroyJavaVM" [_thread_blocked, id=19100, stack(0x000000995de00000,0x000000995df00000)]
  0x00000241515a5530 JavaThread "PostgreSQL-JDBC-SharedTimer-2" daemon [_thread_blocked, id=15496, stack(0x000000995dd00000,0x000000995de00000)]
  0x00000241515a3d20 JavaThread "WebSocket background processing" daemon [_thread_blocked, id=8496, stack(0x0000009960f00000,0x0000009961000000)]
  0x00000241515a6d40 JavaThread "Atmosphere-Scheduler-163" daemon [_thread_blocked, id=7768, stack(0x0000009961200000,0x0000009961300000)]
  0x00000241515a76e0 JavaThread "Atmosphere-Scheduler-164" daemon [_thread_blocked, id=18112, stack(0x000000995ee00000,0x000000995ef00000)]
  0x0000024158f38130 JavaThread "C1 CompilerThread1" daemon [_thread_blocked, id=15488, stack(0x000000995ef00000,0x000000995f000000)]

Other Threads:
  0x000002414f3145a0 VMThread "VM Thread" [stack: 0x000000995e400000,0x000000995e500000] [id=5632]
  0x000002413d02b1b0 WatcherThread [stack: 0x000000995ff00000,0x0000009960000000] [id=12444]
  0x000002413d009420 GCTaskThread "GC Thread#0" [stack: 0x000000995df00000,0x000000995e000000] [id=19732]
  0x0000024150d61dc0 GCTaskThread "GC Thread#1" [stack: 0x000000995f400000,0x000000995f500000] [id=11612]
  0x0000024150dac3a0 GCTaskThread "GC Thread#2" [stack: 0x000000995f500000,0x000000995f600000] [id=18208]
  0x0000024150d8ec00 GCTaskThread "GC Thread#3" [stack: 0x000000995f600000,0x000000995f700000] [id=17716]
  0x0000024150d8f820 GCTaskThread "GC Thread#4" [stack: 0x000000995f700000,0x000000995f800000] [id=10884]
  0x0000024150db1090 GCTaskThread "GC Thread#5" [stack: 0x000000995f800000,0x000000995f900000] [id=15772]
  0x0000024150d8a420 GCTaskThread "GC Thread#6" [stack: 0x000000995f900000,0x000000995fa00000] [id=12964]
  0x0000024150dd5930 GCTaskThread "GC Thread#7" [stack: 0x000000995fa00000,0x000000995fb00000] [id=13212]
  0x000002413d019570 ConcurrentGCThread "G1 Main Marker" [stack: 0x000000995e000000,0x000000995e100000] [id=16692]
  0x000002413d01a530 ConcurrentGCThread "G1 Conc#0" [stack: 0x000000995e100000,0x000000995e200000] [id=9332]
  0x00000241513ec620 ConcurrentGCThread "G1 Conc#1" [stack: 0x0000009960600000,0x0000009960700000] [id=19340]
  0x000002414f1a84f0 ConcurrentGCThread "G1 Refine#0" [stack: 0x000000995e200000,0x000000995e300000] [id=16660]
  0x0000024150d8fad0 ConcurrentGCThread "G1 Refine#1" [stack: 0x000000995fb00000,0x000000995fc00000] [id=612]
  0x0000024153c58f60 ConcurrentGCThread "G1 Refine#2" [stack: 0x0000009960500000,0x0000009960600000] [id=20208]
  0x0000024153c59520 ConcurrentGCThread "G1 Refine#3" [stack: 0x0000009960700000,0x0000009960800000] [id=17612]
  0x0000024153c59dc0 ConcurrentGCThread "G1 Refine#4" [stack: 0x0000009960800000,0x0000009960900000] [id=4364]
  0x0000024153c59800 ConcurrentGCThread "G1 Refine#5" [stack: 0x0000009960900000,0x0000009960a00000] [id=15580]
  0x000002414f1a87d0 ConcurrentGCThread "G1 Service" [stack: 0x000000995e300000,0x000000995e400000] [id=3988]

Threads with active compile tasks:

VM state: not at safepoint (normal execution)

VM Mutex/Monitor currently owned by a thread: None

Heap address: 0x000000070c000000, size: 3904 MB, Compressed Oops mode: Zero based, Oop shift amount: 3

CDS archive(s) not mapped
Compressed class space mapped at: 0x0000000800000000-0x0000000840000000, reserved size: 1073741824
Narrow klass base: 0x0000000800000000, Narrow klass shift: 0, Narrow klass range: 0x40000000

GC Precious Log:
 CPUs: 8 total, 8 available
 Memory: 15608M
 Large Page Support: Disabled
 NUMA Support: Disabled
 Compressed Oops: Enabled (Zero based)
 Heap Region Size: 2M
 Heap Min Capacity: 8M
 Heap Initial Capacity: 244M
 Heap Max Capacity: 3904M
 Pre-touch: Disabled
 Parallel Workers: 8
 Concurrent Workers: 2
 Concurrent Refinement Workers: 8
 Periodic GC: Disabled

Heap:
 garbage-first heap   total 614400K, used 290495K [0x000000070c000000, 0x0000000800000000)
  region size 2048K, 105 young (215040K), 2 survivors (4096K)
 Metaspace       used 89275K, committed 89920K, reserved 1130496K
  class space    used 12153K, committed 12480K, reserved 1048576K

Heap Regions: E=young(eden), S=young(survivor), O=old, HS=humongous(starts), HC=humongous(continues), CS=collection set, F=free, OA=open archive, CA=closed archive, TAMS=top-at-mark-start (previous, next)
|   0|0x000000070c000000, 0x000000070c200000, 0x000000070c200000|100%| O|  |TAMS 0x000000070c200000, 0x000000070c000000| Untracked 
|   1|0x000000070c200000, 0x000000070c400000, 0x000000070c400000|100%| O|  |TAMS 0x000000070c400000, 0x000000070c200000| Untracked 
|   2|0x000000070c400000, 0x000000070c600000, 0x000000070c600000|100%| O|  |TAMS 0x000000070c600000, 0x000000070c400000| Untracked 
|   3|0x000000070c600000, 0x000000070c800000, 0x000000070c800000|100%| O|  |TAMS 0x000000070c800000, 0x000000070c600000| Untracked 
|   4|0x000000070c800000, 0x000000070ca00000, 0x000000070ca00000|100%| O|  |TAMS 0x000000070ca00000, 0x000000070c800000| Untracked 
|   5|0x000000070ca00000, 0x000000070cc00000, 0x000000070cc00000|100%| O|  |TAMS 0x000000070cc00000, 0x000000070ca00000| Untracked 
|   6|0x000000070cc00000, 0x000000070ce00000, 0x000000070ce00000|100%| O|  |TAMS 0x000000070ce00000, 0x000000070cc00000| Untracked 
|   7|0x000000070ce00000, 0x000000070d000000, 0x000000070d000000|100%| O|  |TAMS 0x000000070d000000, 0x000000070ce00000| Untracked 
|   8|0x000000070d000000, 0x000000070d000000, 0x000000070d200000|  0%| F|  |TAMS 0x000000070d000000, 0x000000070d000000| Untracked 
|   9|0x000000070d200000, 0x000000070d400000, 0x000000070d400000|100%| O|  |TAMS 0x000000070d400000, 0x000000070d200000| Untracked 
|  10|0x000000070d400000, 0x000000070d600000, 0x000000070d600000|100%| O|  |TAMS 0x000000070d600000, 0x000000070d400000| Untracked 
|  11|0x000000070d600000, 0x000000070d800000, 0x000000070d800000|100%| O|  |TAMS 0x000000070d800000, 0x000000070d600000| Untracked 
|  12|0x000000070d800000, 0x000000070da00000, 0x000000070da00000|100%| O|  |TAMS 0x000000070da00000, 0x000000070d800000| Untracked 
|  13|0x000000070da00000, 0x000000070da00000, 0x000000070dc00000|  0%| F|  |TAMS 0x000000070da00000, 0x000000070da00000| Untracked 
|  14|0x000000070dc00000, 0x000000070dc00000, 0x000000070de00000|  0%| F|  |TAMS 0x000000070dc00000, 0x000000070dc00000| Untracked 
|  15|0x000000070de00000, 0x000000070de00000, 0x000000070e000000|  0%| F|  |TAMS 0x000000070de00000, 0x000000070de00000| Untracked 
|  16|0x000000070e000000, 0x000000070e000000, 0x000000070e200000|  0%| F|  |TAMS 0x000000070e000000, 0x000000070e000000| Untracked 
|  17|0x000000070e200000, 0x000000070e400000, 0x000000070e400000|100%| O|  |TAMS 0x000000070e400000, 0x000000070e200000| Untracked 
|  18|0x000000070e400000, 0x000000070e600000, 0x000000070e600000|100%| O|  |TAMS 0x000000070e600000, 0x000000070e400000| Untracked 
|  19|0x000000070e600000, 0x000000070e800000, 0x000000070e800000|100%| O|  |TAMS 0x000000070e800000, 0x000000070e600000| Untracked 
|  20|0x000000070e800000, 0x000000070ea00000, 0x000000070ea00000|100%| O|  |TAMS 0x000000070ea00000, 0x000000070e800000| Untracked 
|  21|0x000000070ea00000, 0x000000070ec00000, 0x000000070ec00000|100%| O|  |TAMS 0x000000070ec00000, 0x000000070ea00000| Untracked 
|  22|0x000000070ec00000, 0x000000070ec00000, 0x000000070ee00000|  0%| F|  |TAMS 0x000000070ec00000, 0x000000070ec00000| Untracked 
|  23|0x000000070ee00000, 0x000000070f000000, 0x000000070f000000|100%| O|  |TAMS 0x000000070f000000, 0x000000070ee00000| Untracked 
|  24|0x000000070f000000, 0x000000070f000000, 0x000000070f200000|  0%| F|  |TAMS 0x000000070f000000, 0x000000070f000000| Untracked 
|  25|0x000000070f200000, 0x000000070f400000, 0x000000070f400000|100%| O|  |TAMS 0x000000070f400000, 0x000000070f200000| Untracked 
|  26|0x000000070f400000, 0x000000070f600000, 0x000000070f600000|100%| O|  |TAMS 0x000000070f600000, 0x000000070f400000| Untracked 
|  27|0x000000070f600000, 0x000000070f600000, 0x000000070f800000|  0%| F|  |TAMS 0x000000070f600000, 0x000000070f600000| Untracked 
|  28|0x000000070f800000, 0x000000070fa00000, 0x000000070fa00000|100%| O|  |TAMS 0x000000070fa00000, 0x000000070f800000| Untracked 
|  29|0x000000070fa00000, 0x000000070fc00000, 0x000000070fc00000|100%| O|  |TAMS 0x000000070fc00000, 0x000000070fa00000| Untracked 
|  30|0x000000070fc00000, 0x000000070fe00000, 0x000000070fe00000|100%| O|  |TAMS 0x000000070fe00000, 0x000000070fc00000| Untracked 
|  31|0x000000070fe00000, 0x0000000710000000, 0x0000000710000000|100%| O|  |TAMS 0x0000000710000000, 0x000000070fe00000| Untracked 
|  32|0x0000000710000000, 0x0000000710200000, 0x0000000710200000|100%| O|  |TAMS 0x0000000710200000, 0x0000000710000000| Untracked 
|  33|0x0000000710200000, 0x0000000710400000, 0x0000000710400000|100%| O|  |TAMS 0x0000000710400000, 0x0000000710200000| Untracked 
|  34|0x0000000710400000, 0x0000000710600000, 0x0000000710600000|100%| O|  |TAMS 0x0000000710481c00, 0x0000000710400000| Untracked 
|  35|0x0000000710600000, 0x0000000710800000, 0x0000000710800000|100%| O|  |TAMS 0x0000000710600000, 0x0000000710600000| Untracked 
|  36|0x0000000710800000, 0x0000000710a00000, 0x0000000710a00000|100%| O|  |TAMS 0x0000000710800000, 0x0000000710800000| Untracked 
|  37|0x0000000710a00000, 0x0000000710c00000, 0x0000000710c00000|100%| O|  |TAMS 0x0000000710a00000, 0x0000000710a00000| Untracked 
|  38|0x0000000710c00000, 0x0000000710e00000, 0x0000000710e00000|100%| O|  |TAMS 0x0000000710e00000, 0x0000000710c00000| Untracked 
|  39|0x0000000710e00000, 0x0000000711000000, 0x0000000711000000|100%| O|  |TAMS 0x0000000711000000, 0x0000000710e00000| Untracked 
|  40|0x0000000711000000, 0x0000000711200000, 0x0000000711200000|100%| O|  |TAMS 0x0000000711200000, 0x0000000711000000| Untracked 
|  41|0x0000000711200000, 0x0000000711400000, 0x0000000711400000|100%| O|  |TAMS 0x0000000711200000, 0x0000000711200000| Untracked 
|  42|0x0000000711400000, 0x0000000711600000, 0x0000000711600000|100%| O|  |TAMS 0x0000000711400000, 0x0000000711400000| Untracked 
|  43|0x0000000711600000, 0x0000000711800000, 0x0000000711800000|100%| O|  |TAMS 0x0000000711600000, 0x0000000711600000| Untracked 
|  44|0x0000000711800000, 0x000000071186d400, 0x0000000711a00000| 21%| O|  |TAMS 0x0000000711800000, 0x0000000711800000| Untracked 
|  45|0x0000000711a00000, 0x0000000711a00000, 0x0000000711c00000|  0%| F|  |TAMS 0x0000000711a00000, 0x0000000711a00000| Untracked 
|  46|0x0000000711c00000, 0x0000000711c00000, 0x0000000711e00000|  0%| F|  |TAMS 0x0000000711c00000, 0x0000000711c00000| Untracked 
|  47|0x0000000711e00000, 0x0000000711e00000, 0x0000000712000000|  0%| F|  |TAMS 0x0000000711e00000, 0x0000000711e00000| Untracked 
|  48|0x0000000712000000, 0x0000000712000000, 0x0000000712200000|  0%| F|  |TAMS 0x0000000712000000, 0x0000000712000000| Untracked 
|  49|0x0000000712200000, 0x0000000712200000, 0x0000000712400000|  0%| F|  |TAMS 0x0000000712200000, 0x0000000712200000| Untracked 
|  50|0x0000000712400000, 0x0000000712400000, 0x0000000712600000|  0%| F|  |TAMS 0x0000000712400000, 0x0000000712400000| Untracked 
|  51|0x0000000712600000, 0x0000000712600000, 0x0000000712800000|  0%| F|  |TAMS 0x0000000712600000, 0x0000000712600000| Untracked 
|  52|0x0000000712800000, 0x0000000712800000, 0x0000000712a00000|  0%| F|  |TAMS 0x0000000712800000, 0x0000000712800000| Untracked 
|  53|0x0000000712a00000, 0x0000000712a00000, 0x0000000712c00000|  0%| F|  |TAMS 0x0000000712a00000, 0x0000000712a00000| Untracked 
|  54|0x0000000712c00000, 0x0000000712c00000, 0x0000000712e00000|  0%| F|  |TAMS 0x0000000712c00000, 0x0000000712c00000| Untracked 
|  55|0x0000000712e00000, 0x0000000712e00000, 0x0000000713000000|  0%| F|  |TAMS 0x0000000712e00000, 0x0000000712e00000| Untracked 
|  56|0x0000000713000000, 0x0000000713000000, 0x0000000713200000|  0%| F|  |TAMS 0x0000000713000000, 0x0000000713000000| Untracked 
|  57|0x0000000713200000, 0x0000000713200000, 0x0000000713400000|  0%| F|  |TAMS 0x0000000713200000, 0x0000000713200000| Untracked 
|  58|0x0000000713400000, 0x0000000713400000, 0x0000000713600000|  0%| F|  |TAMS 0x0000000713400000, 0x0000000713400000| Untracked 
|  59|0x0000000713600000, 0x0000000713600000, 0x0000000713800000|  0%| F|  |TAMS 0x0000000713600000, 0x0000000713600000| Untracked 
|  60|0x0000000713800000, 0x0000000713800000, 0x0000000713a00000|  0%| F|  |TAMS 0x0000000713800000, 0x0000000713800000| Untracked 
|  61|0x0000000713a00000, 0x0000000713a00000, 0x0000000713c00000|  0%| F|  |TAMS 0x0000000713a00000, 0x0000000713a00000| Untracked 
|  62|0x0000000713c00000, 0x0000000713d42a28, 0x0000000713e00000| 63%| S|CS|TAMS 0x0000000713c00000, 0x0000000713c00000| Complete 
|  63|0x0000000713e00000, 0x0000000714000000, 0x0000000714000000|100%| S|CS|TAMS 0x0000000713e00000, 0x0000000713e00000| Complete 
|  64|0x0000000714000000, 0x0000000714000000, 0x0000000714200000|  0%| F|  |TAMS 0x0000000714000000, 0x0000000714000000| Untracked 
|  65|0x0000000714200000, 0x0000000714200000, 0x0000000714400000|  0%| F|  |TAMS 0x0000000714200000, 0x0000000714200000| Untracked 
|  66|0x0000000714400000, 0x0000000714400000, 0x0000000714600000|  0%| F|  |TAMS 0x0000000714400000, 0x0000000714400000| Untracked 
|  67|0x0000000714600000, 0x0000000714600000, 0x0000000714800000|  0%| F|  |TAMS 0x0000000714600000, 0x0000000714600000| Untracked 
|  68|0x0000000714800000, 0x0000000714800000, 0x0000000714a00000|  0%| F|  |TAMS 0x0000000714800000, 0x0000000714800000| Untracked 
|  69|0x0000000714a00000, 0x0000000714a00000, 0x0000000714c00000|  0%| F|  |TAMS 0x0000000714a00000, 0x0000000714a00000| Untracked 
|  70|0x0000000714c00000, 0x0000000714c00000, 0x0000000714e00000|  0%| F|  |TAMS 0x0000000714c00000, 0x0000000714c00000| Untracked 
|  71|0x0000000714e00000, 0x0000000714e00000, 0x0000000715000000|  0%| F|  |TAMS 0x0000000714e00000, 0x0000000714e00000| Untracked 
|  72|0x0000000715000000, 0x0000000715000000, 0x0000000715200000|  0%| F|  |TAMS 0x0000000715000000, 0x0000000715000000| Untracked 
|  73|0x0000000715200000, 0x0000000715200000, 0x0000000715400000|  0%| F|  |TAMS 0x0000000715200000, 0x0000000715200000| Untracked 
|  74|0x0000000715400000, 0x0000000715400000, 0x0000000715600000|  0%| F|  |TAMS 0x0000000715400000, 0x0000000715400000| Untracked 
|  75|0x0000000715600000, 0x0000000715600000, 0x0000000715800000|  0%| F|  |TAMS 0x0000000715600000, 0x0000000715600000| Untracked 
|  76|0x0000000715800000, 0x0000000715a00000, 0x0000000715a00000|100%|HS|  |TAMS 0x0000000715800000, 0x0000000715800000| Complete 
|  77|0x0000000715a00000, 0x0000000715c00000, 0x0000000715c00000|100%|HC|  |TAMS 0x0000000715a00000, 0x0000000715a00000| Complete 
|  78|0x0000000715c00000, 0x0000000715c00000, 0x0000000715e00000|  0%| F|  |TAMS 0x0000000715c00000, 0x0000000715c00000| Untracked 
|  79|0x0000000715e00000, 0x0000000715e00000, 0x0000000716000000|  0%| F|  |TAMS 0x0000000715e00000, 0x0000000715e00000| Untracked 
|  80|0x0000000716000000, 0x0000000716000000, 0x0000000716200000|  0%| F|  |TAMS 0x0000000716000000, 0x0000000716000000| Untracked 
|  81|0x0000000716200000, 0x0000000716400000, 0x0000000716400000|100%|HS|  |TAMS 0x0000000716200000, 0x0000000716200000| Complete 
|  82|0x0000000716400000, 0x0000000716400000, 0x0000000716600000|  0%| F|  |TAMS 0x0000000716400000, 0x0000000716400000| Untracked 
|  83|0x0000000716600000, 0x0000000716600000, 0x0000000716800000|  0%| F|  |TAMS 0x0000000716600000, 0x0000000716600000| Untracked 
|  84|0x0000000716800000, 0x0000000716800000, 0x0000000716a00000|  0%| F|  |TAMS 0x0000000716800000, 0x0000000716800000| Untracked 
|  85|0x0000000716a00000, 0x0000000716a00000, 0x0000000716c00000|  0%| F|  |TAMS 0x0000000716a00000, 0x0000000716a00000| Untracked 
|  86|0x0000000716c00000, 0x0000000716c00000, 0x0000000716e00000|  0%| F|  |TAMS 0x0000000716c00000, 0x0000000716c00000| Untracked 
|  87|0x0000000716e00000, 0x0000000716e00000, 0x0000000717000000|  0%| F|  |TAMS 0x0000000716e00000, 0x0000000716e00000| Untracked 
|  88|0x0000000717000000, 0x0000000717000000, 0x0000000717200000|  0%| F|  |TAMS 0x0000000717000000, 0x0000000717000000| Untracked 
|  89|0x0000000717200000, 0x0000000717200000, 0x0000000717400000|  0%| F|  |TAMS 0x0000000717200000, 0x0000000717200000| Untracked 
|  90|0x0000000717400000, 0x0000000717400000, 0x0000000717600000|  0%| F|  |TAMS 0x0000000717400000, 0x0000000717400000| Untracked 
|  91|0x0000000717600000, 0x0000000717600000, 0x0000000717800000|  0%| F|  |TAMS 0x0000000717600000, 0x0000000717600000| Untracked 
|  92|0x0000000717800000, 0x0000000717800000, 0x0000000717a00000|  0%| F|  |TAMS 0x0000000717800000, 0x0000000717800000| Untracked 
|  93|0x0000000717a00000, 0x0000000717a00000, 0x0000000717c00000|  0%| F|  |TAMS 0x0000000717a00000, 0x0000000717a00000| Untracked 
|  94|0x0000000717c00000, 0x0000000717c00000, 0x0000000717e00000|  0%| F|  |TAMS 0x0000000717c00000, 0x0000000717c00000| Untracked 
|  95|0x0000000717e00000, 0x0000000717e00000, 0x0000000718000000|  0%| F|  |TAMS 0x0000000717e00000, 0x0000000717e00000| Untracked 
|  96|0x0000000718000000, 0x0000000718000000, 0x0000000718200000|  0%| F|  |TAMS 0x0000000718000000, 0x0000000718000000| Untracked 
|  97|0x0000000718200000, 0x0000000718200000, 0x0000000718400000|  0%| F|  |TAMS 0x0000000718200000, 0x0000000718200000| Untracked 
|  98|0x0000000718400000, 0x0000000718400000, 0x0000000718600000|  0%| F|  |TAMS 0x0000000718400000, 0x0000000718400000| Untracked 
|  99|0x0000000718600000, 0x0000000718600000, 0x0000000718800000|  0%| F|  |TAMS 0x0000000718600000, 0x0000000718600000| Untracked 
| 100|0x0000000718800000, 0x0000000718800000, 0x0000000718a00000|  0%| F|  |TAMS 0x0000000718800000, 0x0000000718800000| Untracked 
| 101|0x0000000718a00000, 0x0000000718a00000, 0x0000000718c00000|  0%| F|  |TAMS 0x0000000718a00000, 0x0000000718a00000| Untracked 
| 102|0x0000000718c00000, 0x0000000718c00000, 0x0000000718e00000|  0%| F|  |TAMS 0x0000000718c00000, 0x0000000718c00000| Untracked 
| 103|0x0000000718e00000, 0x0000000718e00000, 0x0000000719000000|  0%| F|  |TAMS 0x0000000718e00000, 0x0000000718e00000| Untracked 
| 104|0x0000000719000000, 0x0000000719000000, 0x0000000719200000|  0%| F|  |TAMS 0x0000000719000000, 0x0000000719000000| Untracked 
| 105|0x0000000719200000, 0x0000000719200000, 0x0000000719400000|  0%| F|  |TAMS 0x0000000719200000, 0x0000000719200000| Untracked 
| 106|0x0000000719400000, 0x0000000719400000, 0x0000000719600000|  0%| F|  |TAMS 0x0000000719400000, 0x0000000719400000| Untracked 
| 107|0x0000000719600000, 0x0000000719600000, 0x0000000719800000|  0%| F|  |TAMS 0x0000000719600000, 0x0000000719600000| Untracked 
| 108|0x0000000719800000, 0x0000000719800000, 0x0000000719a00000|  0%| F|  |TAMS 0x0000000719800000, 0x0000000719800000| Untracked 
| 109|0x0000000719a00000, 0x0000000719a00000, 0x0000000719c00000|  0%| F|  |TAMS 0x0000000719a00000, 0x0000000719a00000| Untracked 
| 110|0x0000000719c00000, 0x0000000719c00000, 0x0000000719e00000|  0%| F|  |TAMS 0x0000000719c00000, 0x0000000719c00000| Untracked 
| 111|0x0000000719e00000, 0x0000000719e00000, 0x000000071a000000|  0%| F|  |TAMS 0x0000000719e00000, 0x0000000719e00000| Untracked 
| 112|0x000000071a000000, 0x000000071a000000, 0x000000071a200000|  0%| F|  |TAMS 0x000000071a000000, 0x000000071a000000| Untracked 
| 113|0x000000071a200000, 0x000000071a200000, 0x000000071a400000|  0%| F|  |TAMS 0x000000071a200000, 0x000000071a200000| Untracked 
| 114|0x000000071a400000, 0x000000071a400000, 0x000000071a600000|  0%| F|  |TAMS 0x000000071a400000, 0x000000071a400000| Untracked 
| 115|0x000000071a600000, 0x000000071a600000, 0x000000071a800000|  0%| F|  |TAMS 0x000000071a600000, 0x000000071a600000| Untracked 
| 116|0x000000071a800000, 0x000000071a800000, 0x000000071aa00000|  0%| F|  |TAMS 0x000000071a800000, 0x000000071a800000| Untracked 
| 117|0x000000071aa00000, 0x000000071aa00000, 0x000000071ac00000|  0%| F|  |TAMS 0x000000071aa00000, 0x000000071aa00000| Untracked 
| 118|0x000000071ac00000, 0x000000071ac00000, 0x000000071ae00000|  0%| F|  |TAMS 0x000000071ac00000, 0x000000071ac00000| Untracked 
| 119|0x000000071ae00000, 0x000000071ae00000, 0x000000071b000000|  0%| F|  |TAMS 0x000000071ae00000, 0x000000071ae00000| Untracked 
| 120|0x000000071b000000, 0x000000071b000000, 0x000000071b200000|  0%| F|  |TAMS 0x000000071b000000, 0x000000071b000000| Untracked 
| 121|0x000000071b200000, 0x000000071b200000, 0x000000071b400000|  0%| F|  |TAMS 0x000000071b200000, 0x000000071b200000| Untracked 
| 122|0x000000071b400000, 0x000000071b400000, 0x000000071b600000|  0%| F|  |TAMS 0x000000071b400000, 0x000000071b400000| Untracked 
| 123|0x000000071b600000, 0x000000071b600000, 0x000000071b800000|  0%| F|  |TAMS 0x000000071b600000, 0x000000071b600000| Untracked 
| 124|0x000000071b800000, 0x000000071b800000, 0x000000071ba00000|  0%| F|  |TAMS 0x000000071b800000, 0x000000071b800000| Untracked 
| 125|0x000000071ba00000, 0x000000071ba00000, 0x000000071bc00000|  0%| F|  |TAMS 0x000000071ba00000, 0x000000071ba00000| Untracked 
| 126|0x000000071bc00000, 0x000000071bc00000, 0x000000071be00000|  0%| F|  |TAMS 0x000000071bc00000, 0x000000071bc00000| Untracked 
| 127|0x000000071be00000, 0x000000071be00000, 0x000000071c000000|  0%| F|  |TAMS 0x000000071be00000, 0x000000071be00000| Untracked 
| 128|0x000000071c000000, 0x000000071c000000, 0x000000071c200000|  0%| F|  |TAMS 0x000000071c000000, 0x000000071c000000| Untracked 
| 129|0x000000071c200000, 0x000000071c200000, 0x000000071c400000|  0%| F|  |TAMS 0x000000071c200000, 0x000000071c200000| Untracked 
| 130|0x000000071c400000, 0x000000071c400000, 0x000000071c600000|  0%| F|  |TAMS 0x000000071c400000, 0x000000071c400000| Untracked 
| 131|0x000000071c600000, 0x000000071c600000, 0x000000071c800000|  0%| F|  |TAMS 0x000000071c600000, 0x000000071c600000| Untracked 
| 132|0x000000071c800000, 0x000000071c800000, 0x000000071ca00000|  0%| F|  |TAMS 0x000000071c800000, 0x000000071c800000| Untracked 
| 133|0x000000071ca00000, 0x000000071ca00000, 0x000000071cc00000|  0%| F|  |TAMS 0x000000071ca00000, 0x000000071ca00000| Untracked 
| 134|0x000000071cc00000, 0x000000071cc00000, 0x000000071ce00000|  0%| F|  |TAMS 0x000000071cc00000, 0x000000071cc00000| Untracked 
| 135|0x000000071ce00000, 0x000000071ce00000, 0x000000071d000000|  0%| F|  |TAMS 0x000000071ce00000, 0x000000071ce00000| Untracked 
| 136|0x000000071d000000, 0x000000071d000000, 0x000000071d200000|  0%| F|  |TAMS 0x000000071d000000, 0x000000071d000000| Untracked 
| 137|0x000000071d200000, 0x000000071d200000, 0x000000071d400000|  0%| F|  |TAMS 0x000000071d200000, 0x000000071d200000| Untracked 
| 138|0x000000071d400000, 0x000000071d400000, 0x000000071d600000|  0%| F|  |TAMS 0x000000071d400000, 0x000000071d400000| Untracked 
| 139|0x000000071d600000, 0x000000071d600000, 0x000000071d800000|  0%| F|  |TAMS 0x000000071d600000, 0x000000071d600000| Untracked 
| 140|0x000000071d800000, 0x000000071d800000, 0x000000071da00000|  0%| F|  |TAMS 0x000000071d800000, 0x000000071d800000| Untracked 
| 141|0x000000071da00000, 0x000000071da00000, 0x000000071dc00000|  0%| F|  |TAMS 0x000000071da00000, 0x000000071da00000| Untracked 
| 142|0x000000071dc00000, 0x000000071dc00000, 0x000000071de00000|  0%| F|  |TAMS 0x000000071dc00000, 0x000000071dc00000| Untracked 
| 143|0x000000071de00000, 0x000000071de00000, 0x000000071e000000|  0%| F|  |TAMS 0x000000071de00000, 0x000000071de00000| Untracked 
| 144|0x000000071e000000, 0x000000071e000000, 0x000000071e200000|  0%| F|  |TAMS 0x000000071e000000, 0x000000071e000000| Untracked 
| 145|0x000000071e200000, 0x000000071e200000, 0x000000071e400000|  0%| F|  |TAMS 0x000000071e200000, 0x000000071e200000| Untracked 
| 146|0x000000071e400000, 0x000000071e400000, 0x000000071e600000|  0%| F|  |TAMS 0x000000071e400000, 0x000000071e400000| Untracked 
| 147|0x000000071e600000, 0x000000071e600000, 0x000000071e800000|  0%| F|  |TAMS 0x000000071e600000, 0x000000071e600000| Untracked 
| 148|0x000000071e800000, 0x000000071e800000, 0x000000071ea00000|  0%| F|  |TAMS 0x000000071e800000, 0x000000071e800000| Untracked 
| 149|0x000000071ea00000, 0x000000071ea00000, 0x000000071ec00000|  0%| F|  |TAMS 0x000000071ea00000, 0x000000071ea00000| Untracked 
| 150|0x000000071ec00000, 0x000000071ec00000, 0x000000071ee00000|  0%| F|  |TAMS 0x000000071ec00000, 0x000000071ec00000| Untracked 
| 151|0x000000071ee00000, 0x000000071ee00000, 0x000000071f000000|  0%| F|  |TAMS 0x000000071ee00000, 0x000000071ee00000| Untracked 
| 152|0x000000071f000000, 0x000000071f000000, 0x000000071f200000|  0%| F|  |TAMS 0x000000071f000000, 0x000000071f000000| Untracked 
| 153|0x000000071f200000, 0x000000071f200000, 0x000000071f400000|  0%| F|  |TAMS 0x000000071f200000, 0x000000071f200000| Untracked 
| 154|0x000000071f400000, 0x000000071f400000, 0x000000071f600000|  0%| F|  |TAMS 0x000000071f400000, 0x000000071f400000| Untracked 
| 155|0x000000071f600000, 0x000000071f600000, 0x000000071f800000|  0%| F|  |TAMS 0x000000071f600000, 0x000000071f600000| Untracked 
| 156|0x000000071f800000, 0x000000071f800000, 0x000000071fa00000|  0%| F|  |TAMS 0x000000071f800000, 0x000000071f800000| Untracked 
| 157|0x000000071fa00000, 0x000000071fa00000, 0x000000071fc00000|  0%| F|  |TAMS 0x000000071fa00000, 0x000000071fa00000| Untracked 
| 158|0x000000071fc00000, 0x000000071fc00000, 0x000000071fe00000|  0%| F|  |TAMS 0x000000071fc00000, 0x000000071fc00000| Untracked 
| 159|0x000000071fe00000, 0x000000071fe00000, 0x0000000720000000|  0%| F|  |TAMS 0x000000071fe00000, 0x000000071fe00000| Untracked 
| 160|0x0000000720000000, 0x0000000720000000, 0x0000000720200000|  0%| F|  |TAMS 0x0000000720000000, 0x0000000720000000| Untracked 
| 161|0x0000000720200000, 0x0000000720200000, 0x0000000720400000|  0%| F|  |TAMS 0x0000000720200000, 0x0000000720200000| Untracked 
| 162|0x0000000720400000, 0x0000000720400000, 0x0000000720600000|  0%| F|  |TAMS 0x0000000720400000, 0x0000000720400000| Untracked 
| 163|0x0000000720600000, 0x0000000720600000, 0x0000000720800000|  0%| F|  |TAMS 0x0000000720600000, 0x0000000720600000| Untracked 
| 164|0x0000000720800000, 0x0000000720800000, 0x0000000720a00000|  0%| F|  |TAMS 0x0000000720800000, 0x0000000720800000| Untracked 
| 165|0x0000000720a00000, 0x0000000720a00000, 0x0000000720c00000|  0%| F|  |TAMS 0x0000000720a00000, 0x0000000720a00000| Untracked 
| 166|0x0000000720c00000, 0x0000000720c00000, 0x0000000720e00000|  0%| F|  |TAMS 0x0000000720c00000, 0x0000000720c00000| Untracked 
| 167|0x0000000720e00000, 0x0000000720e00000, 0x0000000721000000|  0%| F|  |TAMS 0x0000000720e00000, 0x0000000720e00000| Untracked 
| 168|0x0000000721000000, 0x0000000721000000, 0x0000000721200000|  0%| F|  |TAMS 0x0000000721000000, 0x0000000721000000| Untracked 
| 169|0x0000000721200000, 0x0000000721200000, 0x0000000721400000|  0%| F|  |TAMS 0x0000000721200000, 0x0000000721200000| Untracked 
| 170|0x0000000721400000, 0x0000000721400000, 0x0000000721600000|  0%| F|  |TAMS 0x0000000721400000, 0x0000000721400000| Untracked 
| 171|0x0000000721600000, 0x0000000721600000, 0x0000000721800000|  0%| F|  |TAMS 0x0000000721600000, 0x0000000721600000| Untracked 
| 172|0x0000000721800000, 0x0000000721800000, 0x0000000721a00000|  0%| F|  |TAMS 0x0000000721800000, 0x0000000721800000| Untracked 
| 173|0x0000000721a00000, 0x0000000721a00000, 0x0000000721c00000|  0%| F|  |TAMS 0x0000000721a00000, 0x0000000721a00000| Untracked 
| 174|0x0000000721c00000, 0x0000000721c00000, 0x0000000721e00000|  0%| F|  |TAMS 0x0000000721c00000, 0x0000000721c00000| Untracked 
| 175|0x0000000721e00000, 0x0000000721e00000, 0x0000000722000000|  0%| F|  |TAMS 0x0000000721e00000, 0x0000000721e00000| Untracked 
| 176|0x0000000722000000, 0x0000000722000000, 0x0000000722200000|  0%| F|  |TAMS 0x0000000722000000, 0x0000000722000000| Untracked 
| 177|0x0000000722200000, 0x0000000722200000, 0x0000000722400000|  0%| F|  |TAMS 0x0000000722200000, 0x0000000722200000| Untracked 
| 178|0x0000000722400000, 0x0000000722400000, 0x0000000722600000|  0%| F|  |TAMS 0x0000000722400000, 0x0000000722400000| Untracked 
| 179|0x0000000722600000, 0x0000000722600000, 0x0000000722800000|  0%| F|  |TAMS 0x0000000722600000, 0x0000000722600000| Untracked 
| 180|0x0000000722800000, 0x0000000722800000, 0x0000000722a00000|  0%| F|  |TAMS 0x0000000722800000, 0x0000000722800000| Untracked 
| 181|0x0000000722a00000, 0x0000000722a00000, 0x0000000722c00000|  0%| F|  |TAMS 0x0000000722a00000, 0x0000000722a00000| Untracked 
| 182|0x0000000722c00000, 0x0000000722c00000, 0x0000000722e00000|  0%| F|  |TAMS 0x0000000722c00000, 0x0000000722c00000| Untracked 
| 183|0x0000000722e00000, 0x0000000722e00000, 0x0000000723000000|  0%| F|  |TAMS 0x0000000722e00000, 0x0000000722e00000| Untracked 
| 184|0x0000000723000000, 0x0000000723000000, 0x0000000723200000|  0%| F|  |TAMS 0x0000000723000000, 0x0000000723000000| Untracked 
| 185|0x0000000723200000, 0x0000000723200000, 0x0000000723400000|  0%| F|  |TAMS 0x0000000723200000, 0x0000000723200000| Untracked 
| 186|0x0000000723400000, 0x0000000723400000, 0x0000000723600000|  0%| F|  |TAMS 0x0000000723400000, 0x0000000723400000| Untracked 
| 187|0x0000000723600000, 0x0000000723600000, 0x0000000723800000|  0%| F|  |TAMS 0x0000000723600000, 0x0000000723600000| Untracked 
| 188|0x0000000723800000, 0x0000000723800000, 0x0000000723a00000|  0%| F|  |TAMS 0x0000000723800000, 0x0000000723800000| Untracked 
| 189|0x0000000723a00000, 0x0000000723a00000, 0x0000000723c00000|  0%| F|  |TAMS 0x0000000723a00000, 0x0000000723a00000| Untracked 
| 190|0x0000000723c00000, 0x0000000723c00000, 0x0000000723e00000|  0%| F|  |TAMS 0x0000000723c00000, 0x0000000723c00000| Untracked 
| 191|0x0000000723e00000, 0x0000000723e00000, 0x0000000724000000|  0%| F|  |TAMS 0x0000000723e00000, 0x0000000723e00000| Untracked 
| 192|0x0000000724000000, 0x0000000724000000, 0x0000000724200000|  0%| F|  |TAMS 0x0000000724000000, 0x0000000724000000| Untracked 
| 193|0x0000000724200000, 0x0000000724200000, 0x0000000724400000|  0%| F|  |TAMS 0x0000000724200000, 0x0000000724200000| Untracked 
| 194|0x0000000724400000, 0x0000000724400000, 0x0000000724600000|  0%| F|  |TAMS 0x0000000724400000, 0x0000000724400000| Untracked 
| 195|0x0000000724600000, 0x0000000724600000, 0x0000000724800000|  0%| F|  |TAMS 0x0000000724600000, 0x0000000724600000| Untracked 
| 196|0x0000000724800000, 0x0000000724800000, 0x0000000724a00000|  0%| F|  |TAMS 0x0000000724800000, 0x0000000724800000| Untracked 
| 197|0x0000000724a00000, 0x0000000724a00800, 0x0000000724c00000|  0%| E|  |TAMS 0x0000000724a00000, 0x0000000724a00000| Complete 
| 198|0x0000000724c00000, 0x0000000724e00000, 0x0000000724e00000|100%| E|CS|TAMS 0x0000000724c00000, 0x0000000724c00000| Complete 
| 199|0x0000000724e00000, 0x0000000725000000, 0x0000000725000000|100%| E|  |TAMS 0x0000000724e00000, 0x0000000724e00000| Complete 
| 200|0x0000000725000000, 0x0000000725200000, 0x0000000725200000|100%| E|CS|TAMS 0x0000000725000000, 0x0000000725000000| Complete 
| 201|0x0000000725200000, 0x0000000725400000, 0x0000000725400000|100%| E|CS|TAMS 0x0000000725200000, 0x0000000725200000| Complete 
| 202|0x0000000725400000, 0x0000000725600000, 0x0000000725600000|100%| E|CS|TAMS 0x0000000725400000, 0x0000000725400000| Complete 
| 203|0x0000000725600000, 0x0000000725800000, 0x0000000725800000|100%| E|CS|TAMS 0x0000000725600000, 0x0000000725600000| Complete 
| 204|0x0000000725800000, 0x0000000725a00000, 0x0000000725a00000|100%| E|CS|TAMS 0x0000000725800000, 0x0000000725800000| Complete 
| 205|0x0000000725a00000, 0x0000000725c00000, 0x0000000725c00000|100%| E|CS|TAMS 0x0000000725a00000, 0x0000000725a00000| Complete 
| 206|0x0000000725c00000, 0x0000000725e00000, 0x0000000725e00000|100%| E|CS|TAMS 0x0000000725c00000, 0x0000000725c00000| Complete 
| 207|0x0000000725e00000, 0x0000000726000000, 0x0000000726000000|100%| E|CS|TAMS 0x0000000725e00000, 0x0000000725e00000| Complete 
| 208|0x0000000726000000, 0x0000000726200000, 0x0000000726200000|100%| E|CS|TAMS 0x0000000726000000, 0x0000000726000000| Complete 
| 209|0x0000000726200000, 0x0000000726400000, 0x0000000726400000|100%| E|CS|TAMS 0x0000000726200000, 0x0000000726200000| Complete 
| 210|0x0000000726400000, 0x0000000726600000, 0x0000000726600000|100%| E|CS|TAMS 0x0000000726400000, 0x0000000726400000| Complete 
| 211|0x0000000726600000, 0x0000000726800000, 0x0000000726800000|100%| E|CS|TAMS 0x0000000726600000, 0x0000000726600000| Complete 
| 212|0x0000000726800000, 0x0000000726a00000, 0x0000000726a00000|100%| E|CS|TAMS 0x0000000726800000, 0x0000000726800000| Complete 
| 213|0x0000000726a00000, 0x0000000726c00000, 0x0000000726c00000|100%| E|CS|TAMS 0x0000000726a00000, 0x0000000726a00000| Complete 
| 214|0x0000000726c00000, 0x0000000726e00000, 0x0000000726e00000|100%| E|CS|TAMS 0x0000000726c00000, 0x0000000726c00000| Complete 
| 215|0x0000000726e00000, 0x0000000727000000, 0x0000000727000000|100%| E|CS|TAMS 0x0000000726e00000, 0x0000000726e00000| Complete 
| 216|0x0000000727000000, 0x0000000727200000, 0x0000000727200000|100%| E|CS|TAMS 0x0000000727000000, 0x0000000727000000| Complete 
| 217|0x0000000727200000, 0x0000000727400000, 0x0000000727400000|100%| E|CS|TAMS 0x0000000727200000, 0x0000000727200000| Complete 
| 218|0x0000000727400000, 0x0000000727600000, 0x0000000727600000|100%| E|CS|TAMS 0x0000000727400000, 0x0000000727400000| Complete 
| 219|0x0000000727600000, 0x0000000727800000, 0x0000000727800000|100%| E|CS|TAMS 0x0000000727600000, 0x0000000727600000| Complete 
| 220|0x0000000727800000, 0x0000000727a00000, 0x0000000727a00000|100%| E|CS|TAMS 0x0000000727800000, 0x0000000727800000| Complete 
| 221|0x0000000727a00000, 0x0000000727c00000, 0x0000000727c00000|100%| E|CS|TAMS 0x0000000727a00000, 0x0000000727a00000| Complete 
| 222|0x0000000727c00000, 0x0000000727e00000, 0x0000000727e00000|100%| E|CS|TAMS 0x0000000727c00000, 0x0000000727c00000| Complete 
| 223|0x0000000727e00000, 0x0000000728000000, 0x0000000728000000|100%| E|CS|TAMS 0x0000000727e00000, 0x0000000727e00000| Complete 
| 224|0x0000000728000000, 0x0000000728200000, 0x0000000728200000|100%| E|CS|TAMS 0x0000000728000000, 0x0000000728000000| Complete 
| 225|0x0000000728200000, 0x0000000728400000, 0x0000000728400000|100%| E|CS|TAMS 0x0000000728200000, 0x0000000728200000| Complete 
| 226|0x0000000728400000, 0x0000000728600000, 0x0000000728600000|100%| E|CS|TAMS 0x0000000728400000, 0x0000000728400000| Complete 
| 227|0x0000000728600000, 0x0000000728800000, 0x0000000728800000|100%| E|CS|TAMS 0x0000000728600000, 0x0000000728600000| Complete 
| 228|0x0000000728800000, 0x0000000728a00000, 0x0000000728a00000|100%| E|CS|TAMS 0x0000000728800000, 0x0000000728800000| Complete 
| 229|0x0000000728a00000, 0x0000000728c00000, 0x0000000728c00000|100%| E|CS|TAMS 0x0000000728a00000, 0x0000000728a00000| Complete 
| 230|0x0000000728c00000, 0x0000000728e00000, 0x0000000728e00000|100%| E|CS|TAMS 0x0000000728c00000, 0x0000000728c00000| Complete 
| 231|0x0000000728e00000, 0x0000000729000000, 0x0000000729000000|100%| E|CS|TAMS 0x0000000728e00000, 0x0000000728e00000| Complete 
| 232|0x0000000729000000, 0x0000000729200000, 0x0000000729200000|100%| E|CS|TAMS 0x0000000729000000, 0x0000000729000000| Complete 
| 233|0x0000000729200000, 0x0000000729400000, 0x0000000729400000|100%| E|CS|TAMS 0x0000000729200000, 0x0000000729200000| Complete 
| 234|0x0000000729400000, 0x0000000729600000, 0x0000000729600000|100%| E|CS|TAMS 0x0000000729400000, 0x0000000729400000| Complete 
| 235|0x0000000729600000, 0x0000000729800000, 0x0000000729800000|100%| E|CS|TAMS 0x0000000729600000, 0x0000000729600000| Complete 
| 236|0x0000000729800000, 0x0000000729a00000, 0x0000000729a00000|100%| E|CS|TAMS 0x0000000729800000, 0x0000000729800000| Complete 
| 237|0x0000000729a00000, 0x0000000729c00000, 0x0000000729c00000|100%| E|CS|TAMS 0x0000000729a00000, 0x0000000729a00000| Complete 
| 238|0x0000000729c00000, 0x0000000729e00000, 0x0000000729e00000|100%| E|CS|TAMS 0x0000000729c00000, 0x0000000729c00000| Complete 
| 239|0x0000000729e00000, 0x000000072a000000, 0x000000072a000000|100%| E|CS|TAMS 0x0000000729e00000, 0x0000000729e00000| Complete 
| 240|0x000000072a000000, 0x000000072a200000, 0x000000072a200000|100%| E|CS|TAMS 0x000000072a000000, 0x000000072a000000| Complete 
| 241|0x000000072a200000, 0x000000072a400000, 0x000000072a400000|100%| E|CS|TAMS 0x000000072a200000, 0x000000072a200000| Complete 
| 242|0x000000072a400000, 0x000000072a600000, 0x000000072a600000|100%| E|CS|TAMS 0x000000072a400000, 0x000000072a400000| Complete 
| 243|0x000000072a600000, 0x000000072a800000, 0x000000072a800000|100%| E|CS|TAMS 0x000000072a600000, 0x000000072a600000| Complete 
| 244|0x000000072a800000, 0x000000072aa00000, 0x000000072aa00000|100%| E|CS|TAMS 0x000000072a800000, 0x000000072a800000| Complete 
| 245|0x000000072aa00000, 0x000000072ac00000, 0x000000072ac00000|100%| E|CS|TAMS 0x000000072aa00000, 0x000000072aa00000| Complete 
| 246|0x000000072ac00000, 0x000000072ae00000, 0x000000072ae00000|100%| E|CS|TAMS 0x000000072ac00000, 0x000000072ac00000| Complete 
| 247|0x000000072ae00000, 0x000000072b000000, 0x000000072b000000|100%| E|CS|TAMS 0x000000072ae00000, 0x000000072ae00000| Complete 
| 248|0x000000072b000000, 0x000000072b200000, 0x000000072b200000|100%| E|CS|TAMS 0x000000072b000000, 0x000000072b000000| Complete 
| 249|0x000000072b200000, 0x000000072b400000, 0x000000072b400000|100%| E|CS|TAMS 0x000000072b200000, 0x000000072b200000| Complete 
| 250|0x000000072b400000, 0x000000072b600000, 0x000000072b600000|100%| E|CS|TAMS 0x000000072b400000, 0x000000072b400000| Complete 
| 251|0x000000072b600000, 0x000000072b800000, 0x000000072b800000|100%| E|CS|TAMS 0x000000072b600000, 0x000000072b600000| Complete 
| 252|0x000000072b800000, 0x000000072ba00000, 0x000000072ba00000|100%| E|CS|TAMS 0x000000072b800000, 0x000000072b800000| Complete 
| 253|0x000000072ba00000, 0x000000072bc00000, 0x000000072bc00000|100%| E|CS|TAMS 0x000000072ba00000, 0x000000072ba00000| Complete 
| 254|0x000000072bc00000, 0x000000072be00000, 0x000000072be00000|100%| E|CS|TAMS 0x000000072bc00000, 0x000000072bc00000| Complete 
| 255|0x000000072be00000, 0x000000072c000000, 0x000000072c000000|100%| E|CS|TAMS 0x000000072be00000, 0x000000072be00000| Complete 
| 256|0x000000072c000000, 0x000000072c200000, 0x000000072c200000|100%| E|CS|TAMS 0x000000072c000000, 0x000000072c000000| Complete 
| 257|0x000000072c200000, 0x000000072c400000, 0x000000072c400000|100%| E|CS|TAMS 0x000000072c200000, 0x000000072c200000| Complete 
| 258|0x000000072c400000, 0x000000072c600000, 0x000000072c600000|100%| E|CS|TAMS 0x000000072c400000, 0x000000072c400000| Complete 
| 259|0x000000072c600000, 0x000000072c800000, 0x000000072c800000|100%| E|CS|TAMS 0x000000072c600000, 0x000000072c600000| Complete 
| 260|0x000000072c800000, 0x000000072ca00000, 0x000000072ca00000|100%| E|CS|TAMS 0x000000072c800000, 0x000000072c800000| Complete 
| 261|0x000000072ca00000, 0x000000072cc00000, 0x000000072cc00000|100%| E|CS|TAMS 0x000000072ca00000, 0x000000072ca00000| Complete 
| 262|0x000000072cc00000, 0x000000072ce00000, 0x000000072ce00000|100%| E|CS|TAMS 0x000000072cc00000, 0x000000072cc00000| Complete 
| 263|0x000000072ce00000, 0x000000072d000000, 0x000000072d000000|100%| E|CS|TAMS 0x000000072ce00000, 0x000000072ce00000| Complete 
| 264|0x000000072d000000, 0x000000072d200000, 0x000000072d200000|100%| E|CS|TAMS 0x000000072d000000, 0x000000072d000000| Complete 
| 265|0x000000072d200000, 0x000000072d400000, 0x000000072d400000|100%| E|CS|TAMS 0x000000072d200000, 0x000000072d200000| Complete 
| 266|0x000000072d400000, 0x000000072d600000, 0x000000072d600000|100%| E|CS|TAMS 0x000000072d400000, 0x000000072d400000| Complete 
| 267|0x000000072d600000, 0x000000072d800000, 0x000000072d800000|100%| E|CS|TAMS 0x000000072d600000, 0x000000072d600000| Complete 
| 268|0x000000072d800000, 0x000000072da00000, 0x000000072da00000|100%| E|CS|TAMS 0x000000072d800000, 0x000000072d800000| Complete 
| 269|0x000000072da00000, 0x000000072dc00000, 0x000000072dc00000|100%| E|CS|TAMS 0x000000072da00000, 0x000000072da00000| Complete 
| 270|0x000000072dc00000, 0x000000072de00000, 0x000000072de00000|100%| E|CS|TAMS 0x000000072dc00000, 0x000000072dc00000| Complete 
| 271|0x000000072de00000, 0x000000072e000000, 0x000000072e000000|100%| E|CS|TAMS 0x000000072de00000, 0x000000072de00000| Complete 
| 272|0x000000072e000000, 0x000000072e200000, 0x000000072e200000|100%| E|CS|TAMS 0x000000072e000000, 0x000000072e000000| Complete 
| 273|0x000000072e200000, 0x000000072e400000, 0x000000072e400000|100%| E|CS|TAMS 0x000000072e200000, 0x000000072e200000| Complete 
| 274|0x000000072e400000, 0x000000072e600000, 0x000000072e600000|100%| E|CS|TAMS 0x000000072e400000, 0x000000072e400000| Complete 
| 275|0x000000072e600000, 0x000000072e800000, 0x000000072e800000|100%| E|CS|TAMS 0x000000072e600000, 0x000000072e600000| Complete 
| 276|0x000000072e800000, 0x000000072ea00000, 0x000000072ea00000|100%| E|CS|TAMS 0x000000072e800000, 0x000000072e800000| Complete 
| 277|0x000000072ea00000, 0x000000072ec00000, 0x000000072ec00000|100%| E|CS|TAMS 0x000000072ea00000, 0x000000072ea00000| Complete 
| 278|0x000000072ec00000, 0x000000072ee00000, 0x000000072ee00000|100%| E|CS|TAMS 0x000000072ec00000, 0x000000072ec00000| Complete 
| 279|0x000000072ee00000, 0x000000072f000000, 0x000000072f000000|100%| E|CS|TAMS 0x000000072ee00000, 0x000000072ee00000| Complete 
| 280|0x000000072f000000, 0x000000072f200000, 0x000000072f200000|100%| E|CS|TAMS 0x000000072f000000, 0x000000072f000000| Complete 
| 281|0x000000072f200000, 0x000000072f400000, 0x000000072f400000|100%| E|CS|TAMS 0x000000072f200000, 0x000000072f200000| Complete 
| 282|0x000000072f400000, 0x000000072f600000, 0x000000072f600000|100%| E|CS|TAMS 0x000000072f400000, 0x000000072f400000| Complete 
| 283|0x000000072f600000, 0x000000072f800000, 0x000000072f800000|100%| E|CS|TAMS 0x000000072f600000, 0x000000072f600000| Complete 
| 284|0x000000072f800000, 0x000000072fa00000, 0x000000072fa00000|100%| E|CS|TAMS 0x000000072f800000, 0x000000072f800000| Complete 
| 285|0x000000072fa00000, 0x000000072fc00000, 0x000000072fc00000|100%| E|CS|TAMS 0x000000072fa00000, 0x000000072fa00000| Complete 
| 286|0x000000072fc00000, 0x000000072fe00000, 0x000000072fe00000|100%| E|CS|TAMS 0x000000072fc00000, 0x000000072fc00000| Complete 
| 287|0x000000072fe00000, 0x0000000730000000, 0x0000000730000000|100%| E|CS|TAMS 0x000000072fe00000, 0x000000072fe00000| Complete 
| 288|0x0000000730000000, 0x0000000730200000, 0x0000000730200000|100%| E|CS|TAMS 0x0000000730000000, 0x0000000730000000| Complete 
| 289|0x0000000730200000, 0x0000000730400000, 0x0000000730400000|100%| E|CS|TAMS 0x0000000730200000, 0x0000000730200000| Complete 
| 290|0x0000000730400000, 0x0000000730600000, 0x0000000730600000|100%| E|CS|TAMS 0x0000000730400000, 0x0000000730400000| Complete 
| 291|0x0000000730600000, 0x0000000730800000, 0x0000000730800000|100%| E|CS|TAMS 0x0000000730600000, 0x0000000730600000| Complete 
| 292|0x0000000730800000, 0x0000000730a00000, 0x0000000730a00000|100%| E|CS|TAMS 0x0000000730800000, 0x0000000730800000| Complete 
| 293|0x0000000730a00000, 0x0000000730c00000, 0x0000000730c00000|100%| E|CS|TAMS 0x0000000730a00000, 0x0000000730a00000| Complete 
| 294|0x0000000730c00000, 0x0000000730e00000, 0x0000000730e00000|100%| E|CS|TAMS 0x0000000730c00000, 0x0000000730c00000| Complete 
| 295|0x0000000730e00000, 0x0000000731000000, 0x0000000731000000|100%| E|CS|TAMS 0x0000000730e00000, 0x0000000730e00000| Complete 
| 296|0x0000000731000000, 0x0000000731200000, 0x0000000731200000|100%| E|CS|TAMS 0x0000000731000000, 0x0000000731000000| Complete 
| 297|0x0000000731200000, 0x0000000731400000, 0x0000000731400000|100%| E|CS|TAMS 0x0000000731200000, 0x0000000731200000| Complete 
| 298|0x0000000731400000, 0x0000000731600000, 0x0000000731600000|100%| E|CS|TAMS 0x0000000731400000, 0x0000000731400000| Complete 
| 299|0x0000000731600000, 0x0000000731800000, 0x0000000731800000|100%| E|CS|TAMS 0x0000000731600000, 0x0000000731600000| Complete 

Card table byte_map: [0x0000024143f00000,0x00000241446a0000] _byte_map_base: 0x00000241406a0000

Marking Bits (Prev, Next): (CMBitMap*) 0x000002413d009880, (CMBitMap*) 0x000002413d009840
 Prev Bits: [0x0000024148b40000, 0x000002414c840000)
 Next Bits: [0x0000024144e40000, 0x0000024148b40000)

Polling page: 0x000002413aea0000

Metaspace:

Usage:
  Non-class:     75.31 MB used.
      Class:     11.87 MB used.
       Both:     87.18 MB used.

Virtual space:
  Non-class space:       80.00 MB reserved,      75.62 MB ( 95%) committed,  10 nodes.
      Class space:        1.00 GB reserved,      12.19 MB (  1%) committed,  1 nodes.
             Both:        1.08 GB reserved,      87.81 MB (  8%) committed. 

Chunk freelists:
   Non-Class:  3.44 MB
       Class:  3.73 MB
        Both:  7.17 MB

MaxMetaspaceSize: unlimited
CompressedClassSpaceSize: 1.00 GB
Initial GC threshold: 21.00 MB
Current GC threshold: 136.38 MB
CDS: off
MetaspaceReclaimPolicy: balanced
 - commit_granule_bytes: 65536.
 - commit_granule_words: 8192.
 - virtual_space_node_default_size: 1048576.
 - enlarge_chunks_in_place: 1.
 - new_chunks_are_fully_committed: 0.
 - uncommit_free_chunks: 1.
 - use_allocation_guard: 0.
 - handle_deallocations: 1.


Internal statistics:

num_allocs_failed_limit: 17.
num_arena_births: 868.
num_arena_deaths: 0.
num_vsnodes_births: 11.
num_vsnodes_deaths: 0.
num_space_committed: 1405.
num_space_uncommitted: 0.
num_chunks_returned_to_freelist: 17.
num_chunks_taken_from_freelist: 3920.
num_chunk_merges: 17.
num_chunk_splits: 2704.
num_chunks_enlarged: 2018.
num_purges: 0.
num_inconsistent_stats: 0.

CodeCache: size=49152Kb used=21910Kb max_used=22335Kb free=27241Kb
 bounds [0x0000024140650000, 0x0000024141c20000, 0x0000024143650000]
 total_blobs=12735 nmethods=12061 adapters=599
 compilation: enabled
              stopped_count=0, restarted_count=0
 full_count=0

Compilation events (20 events):
Event: 4934.056 Thread 0x0000024158f38130 nmethod 12199 0x0000024141bd4590 code [0x0000024141bd4720, 0x0000024141bd47f8]
Event: 4934.056 Thread 0x0000024158f38130 12201       1       org.springframework.transaction.support.AbstractPlatformTransactionManager::getTransactionSynchronization (5 bytes)
Event: 4934.056 Thread 0x0000024158f38130 nmethod 12201 0x0000024141bd4290 code [0x0000024141bd4420, 0x0000024141bd44f8]
Event: 4934.056 Thread 0x000002414fca17e0 nmethod 12200 0x0000024141bd3f90 code [0x0000024141bd4120, 0x0000024141bd41f8]
Event: 4934.058 Thread 0x0000024158f38130 12202       1       org.hibernate.collection.internal.AbstractPersistentCollection::hasQueuedOperations (13 bytes)
Event: 4934.058 Thread 0x0000024158f38130 nmethod 12202 0x0000024141bd3c90 code [0x0000024141bd3e20, 0x0000024141bd3ef8]
Event: 4934.058 Thread 0x0000024158f38130 12203       1       org.springframework.transaction.support.AbstractTransactionStatus::isCompleted (5 bytes)
Event: 4934.058 Thread 0x000002414fca17e0 12204       1       org.springframework.transaction.support.AbstractTransactionStatus::isLocalRollbackOnly (5 bytes)
Event: 4934.058 Thread 0x0000024158f38130 nmethod 12203 0x0000024141bd3990 code [0x0000024141bd3b20, 0x0000024141bd3bf8]
Event: 4934.058 Thread 0x0000024158f38130 12205       1       org.springframework.orm.jpa.JpaTransactionManager::shouldCommitOnGlobalRollbackOnly (2 bytes)
Event: 4934.058 Thread 0x000002414fca17e0 nmethod 12204 0x0000024141bd3690 code [0x0000024141bd3820, 0x0000024141bd38f8]
Event: 4934.058 Thread 0x000002414fca17e0 12206       1       org.springframework.transaction.support.DefaultTransactionStatus::getSuspendedResources (5 bytes)
Event: 4934.058 Thread 0x0000024158f38130 nmethod 12205 0x0000024141bd3390 code [0x0000024141bd3520, 0x0000024141bd35f8]
Event: 4934.058 Thread 0x000002414fca17e0 nmethod 12206 0x0000024141bd3090 code [0x0000024141bd3220, 0x0000024141bd32f8]
Event: 4934.058 Thread 0x0000024158f38130 12207       1       org.springframework.transaction.interceptor.DefaultTransactionAttribute::getQualifier (5 bytes)
Event: 4934.058 Thread 0x000002414fca17e0 12208       1       org.springframework.transaction.interceptor.DefaultTransactionAttribute::getDescriptor (5 bytes)
Event: 4934.058 Thread 0x0000024158f38130 nmethod 12207 0x0000024141bd2d90 code [0x0000024141bd2f20, 0x0000024141bd2ff8]
Event: 4934.058 Thread 0x000002414fca17e0 nmethod 12208 0x0000024141bd2a90 code [0x0000024141bd2c20, 0x0000024141bd2cf8]
Event: 4934.058 Thread 0x0000024158f38130 12209       1       org.springframework.transaction.interceptor.TransactionAspectSupport$TransactionInfo::newTransactionStatus (6 bytes)
Event: 4934.058 Thread 0x0000024158f38130 nmethod 12209 0x0000024141bd2790 code [0x0000024141bd2920, 0x0000024141bd2a38]

GC Heap History (20 events):
Event: 10.155 GC heap before
{Heap before GC invocations=26 (full 0):
 garbage-first heap   total 276480K, used 129358K [0x000000070c000000, 0x0000000800000000)
  region size 2048K, 37 young (75776K), 5 survivors (10240K)
 Metaspace       used 60390K, committed 60736K, reserved 1105920K
  class space    used 7995K, committed 8192K, reserved 1048576K
}
Event: 10.163 GC heap after
{Heap after GC invocations=27 (full 0):
 garbage-first heap   total 276480K, used 67896K [0x000000070c000000, 0x0000000800000000)
  region size 2048K, 6 young (12288K), 6 survivors (12288K)
 Metaspace       used 60390K, committed 60736K, reserved 1105920K
  class space    used 7995K, committed 8192K, reserved 1048576K
}
Event: 11.779 GC heap before
{Heap before GC invocations=28 (full 0):
 garbage-first heap   total 245760K, used 203064K [0x000000070c000000, 0x0000000800000000)
  region size 2048K, 72 young (147456K), 6 survivors (12288K)
 Metaspace       used 69129K, committed 69568K, reserved 1114112K
  class space    used 9304K, committed 9536K, reserved 1048576K
}
Event: 11.789 GC heap after
{Heap after GC invocations=29 (full 0):
 garbage-first heap   total 245760K, used 70996K [0x000000070c000000, 0x0000000800000000)
  region size 2048K, 6 young (12288K), 6 survivors (12288K)
 Metaspace       used 69129K, committed 69568K, reserved 1114112K
  class space    used 9304K, committed 9536K, reserved 1048576K
}
Event: 12.509 GC heap before
{Heap before GC invocations=30 (full 0):
 garbage-first heap   total 245760K, used 206164K [0x000000070c000000, 0x0000000800000000)
  region size 2048K, 72 young (147456K), 6 survivors (12288K)
 Metaspace       used 70000K, committed 70464K, reserved 1114112K
  class space    used 9436K, committed 9664K, reserved 1048576K
}
Event: 12.518 GC heap after
{Heap after GC invocations=31 (full 0):
 garbage-first heap   total 245760K, used 73328K [0x000000070c000000, 0x0000000800000000)
  region size 2048K, 5 young (10240K), 5 survivors (10240K)
 Metaspace       used 70000K, committed 70464K, reserved 1114112K
  class space    used 9436K, committed 9664K, reserved 1048576K
}
Event: 13.634 GC heap before
{Heap before GC invocations=31 (full 0):
 garbage-first heap   total 245760K, used 208496K [0x000000070c000000, 0x0000000800000000)
  region size 2048K, 71 young (145408K), 5 survivors (10240K)
 Metaspace       used 73653K, committed 74112K, reserved 1114112K
  class space    used 9894K, committed 10112K, reserved 1048576K
}
Event: 13.644 GC heap after
{Heap after GC invocations=32 (full 0):
 garbage-first heap   total 245760K, used 77515K [0x000000070c000000, 0x0000000800000000)
  region size 2048K, 7 young (14336K), 7 survivors (14336K)
 Metaspace       used 73653K, committed 74112K, reserved 1114112K
  class space    used 9894K, committed 10112K, reserved 1048576K
}
Event: 34.255 GC heap before
{Heap before GC invocations=32 (full 0):
 garbage-first heap   total 245760K, used 220875K [0x000000070c000000, 0x0000000800000000)
  region size 2048K, 68 young (139264K), 7 survivors (14336K)
 Metaspace       used 83303K, committed 83776K, reserved 1122304K
  class space    used 11189K, committed 11392K, reserved 1048576K
}
Event: 34.265 GC heap after
{Heap after GC invocations=33 (full 0):
 garbage-first heap   total 245760K, used 91810K [0x000000070c000000, 0x0000000800000000)
  region size 2048K, 6 young (12288K), 6 survivors (12288K)
 Metaspace       used 83303K, committed 83776K, reserved 1122304K
  class space    used 11189K, committed 11392K, reserved 1048576K
}
Event: 34.284 GC heap before
{Heap before GC invocations=33 (full 0):
 garbage-first heap   total 245760K, used 110242K [0x000000070c000000, 0x0000000800000000)
  region size 2048K, 7 young (14336K), 6 survivors (12288K)
 Metaspace       used 83312K, committed 83776K, reserved 1122304K
  class space    used 11189K, committed 11392K, reserved 1048576K
}
Event: 34.291 GC heap after
{Heap after GC invocations=34 (full 0):
 garbage-first heap   total 245760K, used 100673K [0x000000070c000000, 0x0000000800000000)
  region size 2048K, 3 young (6144K), 3 survivors (6144K)
 Metaspace       used 83312K, committed 83776K, reserved 1122304K
  class space    used 11189K, committed 11392K, reserved 1048576K
}
Event: 34.299 GC heap before
{Heap before GC invocations=34 (full 0):
 garbage-first heap   total 245760K, used 135489K [0x000000070c000000, 0x0000000800000000)
  region size 2048K, 4 young (8192K), 3 survivors (6144K)
 Metaspace       used 83312K, committed 83776K, reserved 1122304K
  class space    used 11189K, committed 11392K, reserved 1048576K
}
Event: 34.303 GC heap after
{Heap after GC invocations=35 (full 0):
 garbage-first heap   total 245760K, used 116540K [0x000000070c000000, 0x0000000800000000)
  region size 2048K, 3 young (6144K), 3 survivors (6144K)
 Metaspace       used 83312K, committed 83776K, reserved 1122304K
  class space    used 11189K, committed 11392K, reserved 1048576K
}
Event: 34.901 GC heap before
{Heap before GC invocations=36 (full 0):
 garbage-first heap   total 260096K, used 245564K [0x000000070c000000, 0x0000000800000000)
  region size 2048K, 41 young (83968K), 3 survivors (6144K)
 Metaspace       used 87109K, committed 87616K, reserved 1130496K
  class space    used 11809K, committed 12032K, reserved 1048576K
}
Event: 34.908 GC heap after
{Heap after GC invocations=37 (full 0):
 garbage-first heap   total 266240K, used 96512K [0x000000070c000000, 0x0000000800000000)
  region size 2048K, 7 young (14336K), 7 survivors (14336K)
 Metaspace       used 87109K, committed 87616K, reserved 1130496K
  class space    used 11809K, committed 12032K, reserved 1048576K
}
Event: 34.916 GC heap before
{Heap before GC invocations=37 (full 0):
 garbage-first heap   total 266240K, used 98560K [0x000000070c000000, 0x0000000800000000)
  region size 2048K, 8 young (16384K), 7 survivors (14336K)
 Metaspace       used 87116K, committed 87616K, reserved 1130496K
  class space    used 11811K, committed 12032K, reserved 1048576K
}
Event: 34.922 GC heap after
{Heap after GC invocations=38 (full 0):
 garbage-first heap   total 266240K, used 81636K [0x000000070c000000, 0x0000000800000000)
  region size 2048K, 1 young (2048K), 1 survivors (2048K)
 Metaspace       used 87116K, committed 87616K, reserved 1130496K
  class space    used 11811K, committed 12032K, reserved 1048576K
}
Event: 95.696 GC heap before
{Heap before GC invocations=38 (full 0):
 garbage-first heap   total 266240K, used 206564K [0x000000070c000000, 0x0000000800000000)
  region size 2048K, 63 young (129024K), 1 survivors (2048K)
 Metaspace       used 88720K, committed 89344K, reserved 1130496K
  class space    used 12086K, committed 12416K, reserved 1048576K
}
Event: 95.700 GC heap after
{Heap after GC invocations=39 (full 0):
 garbage-first heap   total 614400K, used 83647K [0x000000070c000000, 0x0000000800000000)
  region size 2048K, 2 young (4096K), 2 survivors (4096K)
 Metaspace       used 88720K, committed 89344K, reserved 1130496K
  class space    used 12086K, committed 12416K, reserved 1048576K
}

Deoptimization events (20 events):
Event: 4870.020 Thread 0x00000241516eab50 DEOPT PACKING pc=0x0000024140b5f764 sp=0x0000009961bfcc20
Event: 4870.020 Thread 0x00000241516eab50 DEOPT UNPACKING pc=0x00000241406a2b43 sp=0x0000009961bfc0b8 mode 1
Event: 4870.020 Thread 0x00000241516eab50 DEOPT PACKING pc=0x0000024140b567fc sp=0x0000009961bfccf0
Event: 4870.020 Thread 0x00000241516eab50 DEOPT UNPACKING pc=0x00000241406a2b43 sp=0x0000009961bfc1a8 mode 1
Event: 4870.020 Thread 0x00000241516eab50 DEOPT PACKING pc=0x0000024140b5f764 sp=0x0000009961bfcc20
Event: 4870.020 Thread 0x00000241516eab50 DEOPT UNPACKING pc=0x00000241406a2b43 sp=0x0000009961bfc0b8 mode 1
Event: 4870.020 Thread 0x00000241516eab50 DEOPT PACKING pc=0x0000024140b567fc sp=0x0000009961bfccf0
Event: 4870.020 Thread 0x00000241516eab50 DEOPT UNPACKING pc=0x00000241406a2b43 sp=0x0000009961bfc1a8 mode 1
Event: 4870.020 Thread 0x00000241516eab50 DEOPT PACKING pc=0x0000024140b5f764 sp=0x0000009961bfcc20
Event: 4870.020 Thread 0x00000241516eab50 DEOPT UNPACKING pc=0x00000241406a2b43 sp=0x0000009961bfc0b8 mode 1
Event: 4870.020 Thread 0x00000241516eab50 DEOPT PACKING pc=0x0000024140b567fc sp=0x0000009961bfccf0
Event: 4870.020 Thread 0x00000241516eab50 DEOPT UNPACKING pc=0x00000241406a2b43 sp=0x0000009961bfc1a8 mode 1
Event: 4870.098 Thread 0x00000241516edb70 DEOPT PACKING pc=0x0000024141a531dc sp=0x0000009961dfcef0
Event: 4870.098 Thread 0x00000241516edb70 DEOPT UNPACKING pc=0x00000241406a2b43 sp=0x0000009961dfc490 mode 1
Event: 4870.098 Thread 0x00000241516edb70 DEOPT PACKING pc=0x0000024141a531dc sp=0x0000009961dfce80
Event: 4870.098 Thread 0x00000241516edb70 DEOPT UNPACKING pc=0x00000241406a2b43 sp=0x0000009961dfc420 mode 1
Event: 4870.098 Thread 0x00000241516ef380 DEOPT PACKING pc=0x0000024141a531dc sp=0x0000009961afd230
Event: 4870.098 Thread 0x00000241516ef380 DEOPT UNPACKING pc=0x00000241406a2b43 sp=0x0000009961afc7d0 mode 1
Event: 4870.098 Thread 0x00000241516ef380 DEOPT PACKING pc=0x0000024141a531dc sp=0x0000009961afd1c0
Event: 4870.098 Thread 0x00000241516ef380 DEOPT UNPACKING pc=0x00000241406a2b43 sp=0x0000009961afc760 mode 1

Classes unloaded (0 events):
No events

Classes redefined (6 events):
Event: 4779.143 Thread 0x000002414f3145a0 redefined class name=io.graphenee.vaadin.flow.base.GxAbstractEntityList$1, count=1
Event: 4779.143 Thread 0x000002414f3145a0 redefined class name=io.graphenee.vaadin.flow.base.GxAbstractEntityList, count=1
Event: 4830.038 Thread 0x000002414f3145a0 redefined class name=io.graphenee.vaadin.flow.base.GxAbstractEntityList$1, count=2
Event: 4830.038 Thread 0x000002414f3145a0 redefined class name=io.graphenee.vaadin.flow.base.GxAbstractEntityList, count=2
Event: 4868.524 Thread 0x000002414f3145a0 redefined class name=io.graphenee.vaadin.flow.base.GxAbstractEntityList$1, count=3
Event: 4868.524 Thread 0x000002414f3145a0 redefined class name=io.graphenee.vaadin.flow.base.GxAbstractEntityList, count=3

Internal exceptions (20 events):
Event: 34.795 Thread 0x00000241516eab50 Exception <a 'java/lang/NoSuchMethodError'{0x000000071778fe10}: 'int java.lang.invoke.DirectMethodHandle$Holder.invokeVirtual(java.lang.Object, java.lang.Object, java.lang.Object, java.lang.Object)'> (0x000000071778fe10) 
thrown [e:\jenkins\tmp\workspace\build\src\src\hotspot\share\interpreter\linkResolver.cpp, line 766]
Event: 34.854 Thread 0x00000241516eab50 Exception <a 'java/lang/NoSuchMethodError'{0x0000000717140f30}: 'void java.lang.invoke.DirectMethodHandle$Holder.invokeSpecialIFC(java.lang.Object, java.lang.Object, java.lang.Object)'> (0x0000000717140f30) 
thrown [e:\jenkins\tmp\workspace\build\src\src\hotspot\share\interpreter\linkResolver.cpp, line 766]
Event: 37.687 Thread 0x00000241516ef380 Exception <a 'java/lang/NoSuchMethodError'{0x000000071b3c6798}: 'java.lang.Object java.lang.invoke.DirectMethodHandle$Holder.newInvokeSpecial(java.lang.Object, java.lang.Object, java.lang.Object, int, java.lang.Object, java.lang.Object)'> (0x000000071b3c6798) 
thrown [e:\jenkins\tmp\workspace\build\src\src\hotspot\share\interpreter\linkResolver.cpp, line 766]
Event: 37.701 Thread 0x00000241516ef380 Exception <a 'java/lang/NoSuchMethodError'{0x000000071b0f50f8}: 'org.slf4j.impl.StaticMarkerBinder org.slf4j.impl.StaticMarkerBinder.getSingleton()'> (0x000000071b0f50f8) 
thrown [e:\jenkins\tmp\workspace\build\src\src\hotspot\share\interpreter\linkResolver.cpp, line 766]
Event: 37.723 Thread 0x00000241516ef380 Exception <a 'java/lang/ClassNotFoundException'{0x000000071aedb650}: io/graphenee/core/model/BeanCollectionFaultBeanInfo> (0x000000071aedb650) 
thrown [e:\jenkins\tmp\workspace\build\src\src\hotspot\share\classfile\systemDictionary.cpp, line 256]
Event: 37.725 Thread 0x00000241516ef380 Exception <a 'java/lang/ClassNotFoundException'{0x000000071aee4158}: io/graphenee/core/model/BeanCollectionFaultCustomizer> (0x000000071aee4158) 
thrown [e:\jenkins\tmp\workspace\build\src\src\hotspot\share\classfile\systemDictionary.cpp, line 256]
Event: 37.728 Thread 0x00000241516ef380 Exception <a 'java/lang/ClassNotFoundException'{0x000000071af292f0}: io/graphenee/core/model/BeanFaultBeanInfo> (0x000000071af292f0) 
thrown [e:\jenkins\tmp\workspace\build\src\src\hotspot\share\classfile\systemDictionary.cpp, line 256]
Event: 37.729 Thread 0x00000241516ef380 Exception <a 'java/lang/ClassNotFoundException'{0x000000071af31b50}: io/graphenee/core/model/BeanFaultCustomizer> (0x000000071af31b50) 
thrown [e:\jenkins\tmp\workspace\build\src\src\hotspot\share\classfile\systemDictionary.cpp, line 256]
Event: 37.743 Thread 0x00000241516ef380 Exception <a 'java/lang/NoSuchMethodError'{0x000000071acce208}: 'java.lang.Object java.lang.invoke.Invokers$Holder.invoker(java.lang.Object, java.lang.Object, java.lang.Object)'> (0x000000071acce208) 
thrown [e:\jenkins\tmp\workspace\build\src\src\hotspot\share\interpreter\linkResolver.cpp, line 766]
Event: 37.743 Thread 0x00000241516ef380 Exception <a 'java/lang/NoSuchMethodError'{0x000000071acd7670}: 'java.lang.Object java.lang.invoke.Invokers$Holder.invokeExact_MT(java.lang.Object, java.lang.Object, java.lang.Object, java.lang.Object)'> (0x000000071acd7670) 
thrown [e:\jenkins\tmp\workspace\build\src\src\hotspot\share\interpreter\linkResolver.cpp, line 766]
Event: 39.174 Thread 0x00000241516edb70 Exception <a 'java/lang/IncompatibleClassChangeError'{0x000000071a551d10}: Found class java.lang.Object, but interface was expected> (0x000000071a551d10) 
thrown [e:\jenkins\tmp\workspace\build\src\src\hotspot\share\interpreter\linkResolver.cpp, line 833]
Event: 39.194 Thread 0x00000241516edb70 Exception <a 'java/lang/ClassNotFoundException'{0x000000071a2634b0}: java/lang/ObjectCustomizer> (0x000000071a2634b0) 
thrown [e:\jenkins\tmp\workspace\build\src\src\hotspot\share\classfile\systemDictionary.cpp, line 256]
Event: 39.196 Thread 0x00000241516edb70 Exception <a 'java/lang/ClassNotFoundException'{0x000000071a270fa0}: io/graphenee/core/model/entity/GxUserAccountCustomizer> (0x000000071a270fa0) 
thrown [e:\jenkins\tmp\workspace\build\src\src\hotspot\share\classfile\systemDictionary.cpp, line 256]
Event: 39.201 Thread 0x00000241516edb70 Exception <a 'java/lang/ClassNotFoundException'{0x000000071a2f89b0}: java/lang/ObjectCustomizer> (0x000000071a2f89b0) 
thrown [e:\jenkins\tmp\workspace\build\src\src\hotspot\share\classfile\systemDictionary.cpp, line 256]
Event: 39.203 Thread 0x00000241516edb70 Exception <a 'java/lang/ClassNotFoundException'{0x000000071a306360}: io/graphenee/core/model/GxMappedSuperclassCustomizer> (0x000000071a306360) 
thrown [e:\jenkins\tmp\workspace\build\src\src\hotspot\share\classfile\systemDictionary.cpp, line 256]
Event: 39.204 Thread 0x00000241516edb70 Exception <a 'java/lang/ClassNotFoundException'{0x000000071a3117c0}: io/graphenee/core/model/entity/GxPasswordHistoryCustomizer> (0x000000071a3117c0) 
thrown [e:\jenkins\tmp\workspace\build\src\src\hotspot\share\classfile\systemDictionary.cpp, line 256]
Event: 55.588 Thread 0x00000241516efd20 Exception <a 'java/lang/NoClassDefFoundError'{0x00000007193feb50}: sun/reflect/Reflection> (0x00000007193feb50) 
thrown [e:\jenkins\tmp\workspace\build\src\src\hotspot\share\classfile\systemDictionary.cpp, line 245]
Event: 112.785 Thread 0x00000241516eb020 Exception <a 'java/lang/ClassNotFoundException'{0x000000072f4a99b8}: io/graphenee/core/model/entity/GxAuditLogBeanInfo> (0x000000072f4a99b8) 
thrown [e:\jenkins\tmp\workspace\build\src\src\hotspot\share\classfile\systemDictionary.cpp, line 256]
Event: 112.786 Thread 0x00000241516eb020 Exception <a 'java/lang/ClassNotFoundException'{0x000000072f4b2f28}: io/graphenee/core/model/entity/GxAuditLogCustomizer> (0x000000072f4b2f28) 
thrown [e:\jenkins\tmp\workspace\build\src\src\hotspot\share\classfile\systemDictionary.cpp, line 256]
Event: 4870.006 Thread 0x00000241516eab50 Implicit null exception at 0x0000024141a6b32c to 0x0000024141a6b84f

VM Operations (20 events):
Event: 4872.445 Executing VM operation: ICBufferFull
Event: 4872.445 Executing VM operation: ICBufferFull done
Event: 4872.445 Executing VM operation: ICBufferFull
Event: 4872.445 Executing VM operation: ICBufferFull done
Event: 4872.446 Executing VM operation: ICBufferFull
Event: 4872.446 Executing VM operation: ICBufferFull done
Event: 4872.448 Executing VM operation: ICBufferFull
Event: 4872.448 Executing VM operation: ICBufferFull done
Event: 4872.449 Executing VM operation: ICBufferFull
Event: 4872.449 Executing VM operation: ICBufferFull done
Event: 4872.450 Executing VM operation: ICBufferFull
Event: 4872.450 Executing VM operation: ICBufferFull done
Event: 4872.451 Executing VM operation: ICBufferFull
Event: 4872.451 Executing VM operation: ICBufferFull done
Event: 4872.463 Executing VM operation: ICBufferFull
Event: 4872.463 Executing VM operation: ICBufferFull done
Event: 4873.475 Executing VM operation: Cleanup
Event: 4873.475 Executing VM operation: Cleanup done
Event: 4878.868 Executing VM operation: ChangeBreakpoints
Event: 4878.872 Executing VM operation: ChangeBreakpoints done

Events (20 events):
Event: 4869.935 Thread 0x00000241515a3380 Thread added: 0x00000241515a3380
Event: 4869.989 Thread 0x0000024158f3b3d0 Thread added: 0x0000024158f3b3d0
Event: 4870.007 Thread 0x0000024158f38130 Thread added: 0x0000024158f38130
Event: 4870.109 Thread 0x00000241515a29e0 Thread exited: 0x00000241515a29e0
Event: 4870.982 Thread 0x00000241515a3850 Thread added: 0x00000241515a3850
Event: 4870.982 Thread 0x00000241515a3d20 Thread added: 0x00000241515a3d20
Event: 4871.359 Thread 0x00000241515a6870 Thread added: 0x00000241515a6870
Event: 4872.430 Thread 0x0000024158f38130 Thread exited: 0x0000024158f38130
Event: 4872.469 Thread 0x00000241515a4b90 Thread added: 0x00000241515a4b90
Event: 4875.290 Thread 0x00000241515a6d40 Thread added: 0x00000241515a6d40
Event: 4875.290 Thread 0x00000241515a8080 Thread exited: 0x00000241515a8080
Event: 4877.580 Thread 0x0000024158f3b3d0 Thread exited: 0x0000024158f3b3d0
Event: 4879.953 Thread 0x00000241515a3380 Thread exited: 0x00000241515a3380
Event: 4901.102 Thread 0x00000241515a3850 Thread exited: 0x00000241515a3850
Event: 4901.471 Thread 0x00000241515a6870 Thread exited: 0x00000241515a6870
Event: 4902.593 Thread 0x00000241515a4b90 Thread exited: 0x00000241515a4b90
Event: 4905.301 Thread 0x00000241515a76e0 Thread added: 0x00000241515a76e0
Event: 4905.301 Thread 0x00000241515a8a20 Thread exited: 0x00000241515a8a20
Event: 4932.594 Thread 0x00000241515a2510 Thread exited: 0x00000241515a2510
Event: 4934.054 Thread 0x0000024158f38130 Thread added: 0x0000024158f38130


Dynamic libraries:
0x00007ff734a90000 - 0x00007ff734a9e000 	D:\sts-4.14.0.RELEASE\plugins\org.eclipse.justj.openjdk.hotspot.jre.full.win32.x86_64_17.0.2.v20220201-1208\jre\bin\javaw.exe
0x00007ffca8ef0000 - 0x00007ffca90e8000 	C:\WINDOWS\SYSTEM32\ntdll.dll
0x00007ffca7dd0000 - 0x00007ffca7e8d000 	C:\WINDOWS\System32\KERNEL32.DLL
0x00007ffca6bf0000 - 0x00007ffca6ebe000 	C:\WINDOWS\System32\KERNELBASE.dll
0x00007ffca69e0000 - 0x00007ffca6ae0000 	C:\WINDOWS\System32\ucrtbase.dll
0x00007ffca2030000 - 0x00007ffca2048000 	D:\sts-4.14.0.RELEASE\plugins\org.eclipse.justj.openjdk.hotspot.jre.full.win32.x86_64_17.0.2.v20220201-1208\jre\bin\jli.dll
0x00007ffc8eee0000 - 0x00007ffc8eef9000 	D:\sts-4.14.0.RELEASE\plugins\org.eclipse.justj.openjdk.hotspot.jre.full.win32.x86_64_17.0.2.v20220201-1208\jre\bin\VCRUNTIME140.dll
0x00007ffca8d10000 - 0x00007ffca8eb0000 	C:\WINDOWS\System32\USER32.dll
0x00007ffca68d0000 - 0x00007ffca68f2000 	C:\WINDOWS\System32\win32u.dll
0x00007ffc8cfe0000 - 0x00007ffc8d27a000 	C:\WINDOWS\WinSxS\amd64_microsoft.windows.common-controls_6595b64144ccf1df_6.0.19041.1110_none_60b5254171f9507e\COMCTL32.dll
0x00007ffca8b20000 - 0x00007ffca8b4a000 	C:\WINDOWS\System32\GDI32.dll
0x00007ffca71f0000 - 0x00007ffca728e000 	C:\WINDOWS\System32\msvcrt.dll
0x00007ffca6ae0000 - 0x00007ffca6beb000 	C:\WINDOWS\System32\gdi32full.dll
0x00007ffca6610000 - 0x00007ffca66ad000 	C:\WINDOWS\System32\msvcp_win.dll
0x00007ffca8380000 - 0x00007ffca83b0000 	C:\WINDOWS\System32\IMM32.DLL
0x00007ffca3e00000 - 0x00007ffca3e0c000 	D:\sts-4.14.0.RELEASE\plugins\org.eclipse.justj.openjdk.hotspot.jre.full.win32.x86_64_17.0.2.v20220201-1208\jre\bin\vcruntime140_1.dll
0x00007ffc71340000 - 0x00007ffc713d1000 	D:\sts-4.14.0.RELEASE\plugins\org.eclipse.justj.openjdk.hotspot.jre.full.win32.x86_64_17.0.2.v20220201-1208\jre\bin\msvcp140.dll
0x00007ffc227d0000 - 0x00007ffc23417000 	D:\sts-4.14.0.RELEASE\plugins\org.eclipse.justj.openjdk.hotspot.jre.full.win32.x86_64_17.0.2.v20220201-1208\jre\bin\server\jvm.dll
0x00007ffca7030000 - 0x00007ffca70de000 	C:\WINDOWS\System32\ADVAPI32.dll
0x00007ffca8c70000 - 0x00007ffca8d0c000 	C:\WINDOWS\System32\sechost.dll
0x00007ffca7290000 - 0x00007ffca73b5000 	C:\WINDOWS\System32\RPCRT4.dll
0x00007ffca7100000 - 0x00007ffca7108000 	C:\WINDOWS\System32\PSAPI.DLL
0x00007ffc8c130000 - 0x00007ffc8c139000 	C:\WINDOWS\SYSTEM32\WSOCK32.dll
0x00007ffc96af0000 - 0x00007ffc96b17000 	C:\WINDOWS\SYSTEM32\WINMM.dll
0x00007ffca1100000 - 0x00007ffca110a000 	C:\WINDOWS\SYSTEM32\VERSION.dll
0x00007ffca84d0000 - 0x00007ffca853b000 	C:\WINDOWS\System32\WS2_32.dll
0x00007ffca44d0000 - 0x00007ffca44e2000 	C:\WINDOWS\SYSTEM32\kernel.appcore.dll
0x00007ffca2120000 - 0x00007ffca212a000 	D:\sts-4.14.0.RELEASE\plugins\org.eclipse.justj.openjdk.hotspot.jre.full.win32.x86_64_17.0.2.v20220201-1208\jre\bin\jimage.dll
0x00007ffc98370000 - 0x00007ffc98554000 	C:\WINDOWS\SYSTEM32\DBGHELP.DLL
0x00007ffc96ac0000 - 0x00007ffc96aec000 	C:\WINDOWS\SYSTEM32\dbgcore.DLL
0x00007ffca6ec0000 - 0x00007ffca6f42000 	C:\WINDOWS\System32\bcryptPrimitives.dll
0x00007ffc7fb50000 - 0x00007ffc7fb8b000 	D:\sts-4.14.0.RELEASE\plugins\org.eclipse.justj.openjdk.hotspot.jre.full.win32.x86_64_17.0.2.v20220201-1208\jre\bin\jdwp.dll
0x00007ffca2080000 - 0x00007ffca208e000 	D:\sts-4.14.0.RELEASE\plugins\org.eclipse.justj.openjdk.hotspot.jre.full.win32.x86_64_17.0.2.v20220201-1208\jre\bin\instrument.dll
0x00007ffca1320000 - 0x00007ffca1345000 	D:\sts-4.14.0.RELEASE\plugins\org.eclipse.justj.openjdk.hotspot.jre.full.win32.x86_64_17.0.2.v20220201-1208\jre\bin\java.dll
0x00007ffc9f6c0000 - 0x00007ffc9f6d8000 	D:\sts-4.14.0.RELEASE\plugins\org.eclipse.justj.openjdk.hotspot.jre.full.win32.x86_64_17.0.2.v20220201-1208\jre\bin\zip.dll
0x00007ffca73c0000 - 0x00007ffca7b04000 	C:\WINDOWS\System32\SHELL32.dll
0x00007ffca46d0000 - 0x00007ffca4e64000 	C:\WINDOWS\SYSTEM32\windows.storage.dll
0x00007ffca7e90000 - 0x00007ffca81e4000 	C:\WINDOWS\System32\combase.dll
0x00007ffca5f40000 - 0x00007ffca5f70000 	C:\WINDOWS\SYSTEM32\Wldp.dll
0x00007ffca8bb0000 - 0x00007ffca8c5d000 	C:\WINDOWS\System32\SHCORE.dll
0x00007ffca81f0000 - 0x00007ffca8245000 	C:\WINDOWS\System32\shlwapi.dll
0x00007ffca6550000 - 0x00007ffca656f000 	C:\WINDOWS\SYSTEM32\profapi.dll
0x00007ffc8ed30000 - 0x00007ffc8ed3c000 	D:\sts-4.14.0.RELEASE\plugins\org.eclipse.justj.openjdk.hotspot.jre.full.win32.x86_64_17.0.2.v20220201-1208\jre\bin\dt_socket.dll
0x00007ffca5a10000 - 0x00007ffca5a4b000 	C:\WINDOWS\SYSTEM32\IPHLPAPI.DLL
0x00007ffca5d00000 - 0x00007ffca5d6a000 	C:\WINDOWS\system32\mswsock.dll
0x00007ffca5a50000 - 0x00007ffca5b1a000 	C:\WINDOWS\SYSTEM32\DNSAPI.dll
0x00007ffca8c60000 - 0x00007ffca8c68000 	C:\WINDOWS\System32\NSI.dll
0x00007ffc95ff0000 - 0x00007ffc95ffa000 	C:\Windows\System32\rasadhlp.dll
0x00007ffc972e0000 - 0x00007ffc97360000 	C:\WINDOWS\System32\fwpuclnt.dll
0x00007ffca69b0000 - 0x00007ffca69d7000 	C:\WINDOWS\System32\bcrypt.dll
0x00007ffc8ee90000 - 0x00007ffc8eea9000 	D:\sts-4.14.0.RELEASE\plugins\org.eclipse.justj.openjdk.hotspot.jre.full.win32.x86_64_17.0.2.v20220201-1208\jre\bin\net.dll
0x00007ffc975c0000 - 0x00007ffc976ca000 	C:\WINDOWS\SYSTEM32\WINHTTP.dll
0x00007ffc8ee70000 - 0x00007ffc8ee85000 	D:\sts-4.14.0.RELEASE\plugins\org.eclipse.justj.openjdk.hotspot.jre.full.win32.x86_64_17.0.2.v20220201-1208\jre\bin\nio.dll
0x00007ffc9f530000 - 0x00007ffc9f539000 	D:\sts-4.14.0.RELEASE\plugins\org.eclipse.justj.openjdk.hotspot.jre.full.win32.x86_64_17.0.2.v20220201-1208\jre\bin\management.dll
0x00007ffc8ecd0000 - 0x00007ffc8ecdb000 	D:\sts-4.14.0.RELEASE\plugins\org.eclipse.justj.openjdk.hotspot.jre.full.win32.x86_64_17.0.2.v20220201-1208\jre\bin\management_ext.dll
0x00007ffc91660000 - 0x00007ffc91677000 	C:\WINDOWS\system32\napinsp.dll
0x00007ffc8c1f0000 - 0x00007ffc8c20b000 	C:\WINDOWS\system32\pnrpnsp.dll
0x00007ffc97980000 - 0x00007ffc97995000 	C:\WINDOWS\system32\wshbth.dll
0x00007ffca1fc0000 - 0x00007ffca1fdd000 	C:\WINDOWS\system32\NLAapi.dll
0x00007ffc8bff0000 - 0x00007ffc8c002000 	C:\WINDOWS\System32\winrnr.dll
0x00007ffca62d0000 - 0x00007ffca62e8000 	C:\WINDOWS\SYSTEM32\CRYPTSP.dll
0x00007ffca5640000 - 0x00007ffca5674000 	C:\WINDOWS\system32\rsaenh.dll
0x00007ffca6510000 - 0x00007ffca653e000 	C:\WINDOWS\SYSTEM32\USERENV.dll
0x00007ffca5e90000 - 0x00007ffca5e9c000 	C:\WINDOWS\SYSTEM32\CRYPTBASE.dll
0x00007ffc9fd90000 - 0x00007ffc9fda7000 	C:\WINDOWS\SYSTEM32\dhcpcsvc6.DLL
0x00007ffca01b0000 - 0x00007ffca01cd000 	C:\WINDOWS\SYSTEM32\dhcpcsvc.DLL
0x00007ffca2070000 - 0x00007ffca2080000 	D:\sts-4.14.0.RELEASE\plugins\org.eclipse.justj.openjdk.hotspot.jre.full.win32.x86_64_17.0.2.v20220201-1208\jre\bin\verify.dll
0x00007ffca52d0000 - 0x00007ffca5303000 	C:\WINDOWS\SYSTEM32\ntmarta.dll
0x00007ffc8ebd0000 - 0x00007ffc8ebde000 	D:\sts-4.14.0.RELEASE\plugins\org.eclipse.justj.openjdk.hotspot.jre.full.win32.x86_64_17.0.2.v20220201-1208\jre\bin\sunmscapi.dll
0x00007ffca66b0000 - 0x00007ffca6806000 	C:\WINDOWS\System32\CRYPT32.dll
0x00007ffca6000000 - 0x00007ffca6027000 	C:\WINDOWS\SYSTEM32\ncrypt.dll
0x00007ffca5fc0000 - 0x00007ffca5ffb000 	C:\WINDOWS\SYSTEM32\NTASN1.dll
0x00007ffc8eb90000 - 0x00007ffc8eb97000 	C:\WINDOWS\system32\wshunix.dll

dbghelp: loaded successfully - version: 4.0.5 - missing functions: none
symbol engine: initialized successfully - sym options: 0x614 - pdb path: .;D:\sts-4.14.0.RELEASE\plugins\org.eclipse.justj.openjdk.hotspot.jre.full.win32.x86_64_17.0.2.v20220201-1208\jre\bin;C:\WINDOWS\SYSTEM32;C:\WINDOWS\WinSxS\amd64_microsoft.windows.common-controls_6595b64144ccf1df_6.0.19041.1110_none_60b5254171f9507e;D:\sts-4.14.0.RELEASE\plugins\org.eclipse.justj.openjdk.hotspot.jre.full.win32.x86_64_17.0.2.v20220201-1208\jre\bin\server

VM Arguments:
jvm_args: -XX:+ShowCodeDetailsInExceptionMessages -agentlib:jdwp=transport=dt_socket,suspend=y,address=localhost:5723 -Dcom.sun.management.jmxremote -Dcom.sun.management.jmxremote.port=5722 -Dcom.sun.management.jmxremote.authenticate=false -Dcom.sun.management.jmxremote.ssl=false -Djava.rmi.server.hostname=localhost -Dspring.jmx.enabled=true -Dspring.application.admin.enabled=true -XX:TieredStopAtLevel=1 -Dspring.boot.project.name=gx-workshop-flow -javaagent:D:\sts-4.14.0.RELEASE\configuration\org.eclipse.osgi\265\0\.cp\lib\javaagent-shaded.jar -Dfile.encoding=utf8 
java_command: io.graphenee.workshop.FlowApplication --spring.output.ansi.enabled=always
java_class_path (initial): D:\sandbox\graphenee\gx-workshop-flow\target\classes;D:\sandbox\maven-repo\org\springframework\boot\spring-boot-starter\2.3.6.RELEASE\spring-boot-starter-2.3.6.RELEASE.jar;D:\sandbox\maven-repo\org\springframework\boot\spring-boot\2.3.6.RELEASE\spring-boot-2.3.6.RELEASE.jar;D:\sandbox\maven-repo\org\springframework\spring-context\5.2.11.RELEASE\spring-context-5.2.11.RELEASE.jar;D:\sandbox\maven-repo\org\springframework\spring-expression\5.2.11.RELEASE\spring-expression-5.2.11.RELEASE.jar;D:\sandbox\maven-repo\org\springframework\boot\spring-boot-autoconfigure\2.3.6.RELEASE\spring-boot-autoconfigure-2.3.6.RELEASE.jar;D:\sandbox\maven-repo\org\springframework\boot\spring-boot-starter-logging\2.3.6.RELEASE\spring-boot-starter-logging-2.3.6.RELEASE.jar;D:\sandbox\maven-repo\ch\qos\logback\logback-classic\1.2.3\logback-classic-1.2.3.jar;D:\sandbox\maven-repo\ch\qos\logback\logback-core\1.2.3\logback-core-1.2.3.jar;D:\sandbox\maven-repo\org\apache\logging\log4j\log4j-to-slf4j\2.13.3\log4j-to-slf4j-2.13.3.jar;D:\sandbox\maven-repo\org\apache\logging\log4j\log4j-api\2.13.3\log4j-api-2.13.3.jar;D:\sandbox\maven-repo\org\slf4j\jul-to-slf4j\1.7.30\jul-to-slf4j-1.7.30.jar;D:\sandbox\maven-repo\jakarta\annotation\jakarta.annotation-api\1.3.5\jakarta.annotation-api-1.3.5.jar;D:\sandbox\maven-repo\org\springframework\spring-core\5.2.11.RELEASE\spring-core-5.2.11.RELEASE.jar;D:\sandbox\maven-repo\org\springframework\spring-jcl\5.2.11.RELEASE\spring-jcl-5.2.11.RELEASE.jar;D:\sandbox\maven-repo\org\yaml\snakeyaml\1.26\snakeyaml-1.26.jar;D:\sandbox\maven-repo\org\slf4j\slf4j-api\1.7.32\slf4j-api-1.7.32.jar;D:\sandbox\maven-repo\jakarta\xml\bind\jakarta.xml.bind-api\2.3.3\jakarta.xml.bind-api-2.3.3.jar;D:\sandbox\maven-repo\jakarta\activation\jakarta.activation-api\1.2.2\jakarta.activation-api-1.2.2.jar;D:\sandbox\maven-repo\net\bytebuddy\byte-buddy\1.10.18\byte-buddy-1.10.18.jar;D:\sandbox\maven-repo\org\springframework\boot\spring-boot-starter-validation\
Launcher Type: SUN_STANDARD

[Global flags]
     intx CICompilerCount                          = 4                                         {product} {ergonomic}
     uint ConcGCThreads                            = 2                                         {product} {ergonomic}
     uint G1ConcRefinementThreads                  = 8                                         {product} {ergonomic}
   size_t G1HeapRegionSize                         = 2097152                                   {product} {ergonomic}
    uintx GCDrainStackTargetSize                   = 64                                        {product} {ergonomic}
   size_t InitialHeapSize                          = 255852544                                 {product} {ergonomic}
     bool ManagementServer                         = true                                      {product} {command line}
   size_t MarkStackSize                            = 4194304                                   {product} {ergonomic}
   size_t MaxHeapSize                              = 4093640704                                {product} {ergonomic}
   size_t MaxNewSize                               = 2455764992                                {product} {ergonomic}
   size_t MinHeapDeltaBytes                        = 2097152                                   {product} {ergonomic}
   size_t MinHeapSize                              = 8388608                                   {product} {ergonomic}
    uintx NonProfiledCodeHeapSize                  = 0                                      {pd product} {ergonomic}
     bool ProfileInterpreter                       = false                                  {pd product} {command line}
    uintx ProfiledCodeHeapSize                     = 0                                      {pd product} {ergonomic}
     bool ShowCodeDetailsInExceptionMessages       = true                                   {manageable} {command line}
   size_t SoftMaxHeapSize                          = 4093640704                             {manageable} {ergonomic}
     intx TieredStopAtLevel                        = 1                                         {product} {command line}
     bool UseCompressedClassPointers               = true                           {product lp64_product} {ergonomic}
     bool UseCompressedOops                        = true                           {product lp64_product} {ergonomic}
     bool UseG1GC                                  = true                                      {product} {ergonomic}
     bool UseLargePagesIndividualAllocation        = false                                  {pd product} {ergonomic}

Logging:
Log output configuration:
 #0: stdout all=warning uptime,level,tags
 #1: stderr all=off uptime,level,tags

Environment Variables:
JAVA_HOME=C:\Program Files\AdoptOpenJDK\jdk-11.0.8.10-hotspot\
PATH=D:\sts-4.14.0.RELEASE\plugins\org.eclipse.justj.openjdk.hotspot.jre.full.win32.x86_64_17.0.2.v20220201-1208\jre\bin;D:/sts-4.14.0.RELEASE//plugins/org.eclipse.justj.openjdk.hotspot.jre.full.win32.x86_64_17.0.2.v20220201-1208/jre/bin/server;D:/sts-4.14.0.RELEASE//plugins/org.eclipse.justj.openjdk.hotspot.jre.full.win32.x86_64_17.0.2.v20220201-1208/jre/bin;C:\Program Files\AdoptOpenJDK\jdk-11.0.8.10-hotspot\bin;C:\Python39\Scripts\;C:\Python39\;C:\Program Files\AdoptOpenJDK\jdk-11.0.8.10-hotspot\\bin;C:\Windows\System32;C:\Windows;C:\Windows\System32\wbem;C:\Windows\System32\WindowsPowerShell\v1.0\;C:\Windows\System32\OpenSSH\;C:\Program Files (x86)\CrSSL\bin;D:\maven\bin;C:\Program Files\MongoDB\Server\4.4\bin;C:\Program Files\instantclient_19_8;C:\Program Files\Git\cmd;C:\Program Files (x86)\GnuPG\bin;C:\Program Files\Amazon\AWSCLIV2\;D:\flutter\bin;D:\android\sdk\platform-tools;D:\android\sdk\tools\bin;C:\Program Files (x86)\nodejs\;C:\ProgramData\chocolatey\bin;C:\Program Files\Docker\Docker\resources\bin;C:\ProgramData\DockerDesktop\version-bin;C:\Program Files\Go\bin;C:\Users\Fijaz\AppData\Local\Microsoft\WindowsApps;C:\Users\Fijaz\AppData\Local\Programs\Microsoft VS Code\bin;C:\Users\Fijaz\AppData\Roaming\npm;C:\Program Files (x86)\Sophos\Sophos SSL VPN Client\bin;C:\Users\Fijaz\go\bin;;D:\sts-4.14.0.RELEASE;
USERNAME=Fijaz
OS=Windows_NT
PROCESSOR_IDENTIFIER=Intel64 Family 6 Model 142 Stepping 12, GenuineIntel



---------------  S Y S T E M  ---------------

OS:
 Windows 10 , 64 bit Build 19041 (10.0.19041.1889)
OS uptime: 1 days 0:42 hours
Hyper-V role detected

CPU: total 8 (initial active 8) (4 cores per cpu, 2 threads per core) family 6 model 142 stepping 12 microcode 0xd6, cx8, cmov, fxsr, ht, mmx, 3dnowpref, sse, sse2, sse3, ssse3, sse4.1, sse4.2, popcnt, lzcnt, tsc, tscinvbit, avx, avx2, aes, erms, clmul, bmi1, bmi2, adx, fma, vzeroupper, clflush, clflushopt, hv

Memory: 4k page, system-wide physical 15608M (4204M free)
TotalPageFile size 21752M (AvailPageFile size 6288M)
current process WorkingSet (physical memory assigned to process): 538M, peak: 538M
current process commit charge ("private bytes"): 866M, peak: 866M

vm_info: OpenJDK 64-Bit Server VM (17.0.2+8) for windows-amd64 JRE (17.0.2+8), built on Jan 20 2022 04:52:34 by "" with MS VC++ 16.7 (VS2019)

END.
