#
# A fatal error has been detected by the Java Runtime Environment:
#
#  EXCEPTION_ACCESS_VIOLATION (0xc0000005) at pc=0x00007ffc22f6d69a, pid=16816, tid=7524
#
# JRE version: OpenJDK Runtime Environment Temurin-17.0.2+8 (17.0.2+8) (build 17.0.2+8)
# Java VM: OpenJDK 64-Bit Server VM Temurin-17.0.2+8 (17.0.2+8, mixed mode, emulated-client, tiered, compressed oops, compressed class ptrs, g1 gc, windows-amd64)
# Problematic frame:
# V  [jvm.dll+0x79d69a]
#
# No core dump will be written. Minidumps are not enabled by default on client versions of Windows
#
# If you would like to submit a bug report, please visit:
#   https://github.com/adoptium/adoptium-support/issues
#

---------------  S U M M A R Y ------------

Command Line: -XX:+ShowCodeDetailsInExceptionMessages -agentlib:jdwp=transport=dt_socket,suspend=y,address=localhost:5505 -Dcom.sun.management.jmxremote -Dcom.sun.management.jmxremote.port=5501 -Dcom.sun.management.jmxremote.authenticate=false -Dcom.sun.management.jmxremote.ssl=false -Djava.rmi.server.hostname=localhost -Dspring.jmx.enabled=true -Dspring.application.admin.enabled=true -XX:TieredStopAtLevel=1 -Dspring.boot.project.name=gx-workshop-flow -javaagent:D:\sts-4.14.0.RELEASE\configuration\org.eclipse.osgi\265\0\.cp\lib\javaagent-shaded.jar -Dfile.encoding=utf8 io.graphenee.workshop.FlowApplication --spring.output.ansi.enabled=always

Host: Intel(R) Core(TM) i7-10510U CPU @ 1.80GHz, 8 cores, 15G,  Windows 10 , 64 bit Build 19041 (10.0.19041.1889)
Time: Thu Aug 25 09:59:13 2022 Pakistan Standard Time elapsed time: 380.065241 seconds (0d 0h 6m 20s)

---------------  T H R E A D  ---------------

Current thread (0x000001f697b243e0):  JavaThread "JDWP Transport Listener: dt_socket" daemon [_thread_in_vm, id=7524, stack(0x0000008af0900000,0x0000008af0a00000)]

Stack: [0x0000008af0900000,0x0000008af0a00000],  sp=0x0000008af09ff500,  free space=1021k
Native frames: (J=compiled Java code, j=interpreted, Vv=VM code, C=native code)
V  [jvm.dll+0x79d69a]
V  [jvm.dll+0x50842c]
V  [jvm.dll+0x4cfa94]
C  [jdwp.dll+0x22dff]


siginfo: EXCEPTION_ACCESS_VIOLATION (0xc0000005), reading address 0x000000000069006c


Register to memory mapping:

RIP=0x00007ffc22f6d69a jvm.dll
RAX=0x0000000000000067 is an unknown value
RBX=0x000001f6978ba617 points into unknown readable memory: 65
RCX=0x0000000000690068 is an unknown value
RDX=0x000001f69c2dcab0 points into unknown readable memory: 0x706172672f6f694c | 4c 69 6f 2f 67 72 61 70
RSP=0x0000008af09ff500 is pointing into the stack for thread: 0x000001f697b243e0
RBP=0x000001f697b16710 points into unknown readable memory: 0x0000000000000002 | 02 00 00 00 00 00 00 00
RSI=0x0 is NULL
RDI=0xffffffffffffffff is an unknown value
R8 =0x00000000000000c4 is an unknown value
R9 =0x0000000000000040 is an unknown value
R10=0x00000000000000c0 is an unknown value
R11=0x0000008af09ff520 is pointing into the stack for thread: 0x000001f697b243e0
R12=0x0000008af09ff658 is pointing into the stack for thread: 0x000001f697b243e0
R13=0x0 is NULL
R14=0x0000000800bd1c98 is a pointer to class: 
io.graphenee.vaadin.flow.base.GxAbstractEntityList$1 {0x0000000800bd1ca0}
 - instance size:     2
 - klass size:        73
 - access:            synchronized 
 - state:             fully_initialized
 - name:              'io/graphenee/vaadin/flow/base/GxAbstractEntityList$1'
 - super:             'java/lang/Object'
 - sub:               
 - arrays:            NULL
 - methods:           Array<T>(0x000001f6a8efcd38)
 - method ordering:   Array<T>(0x000001f6a8efd048)
 - default_methods:   Array<T>(0x000001f6a8e4ff20)
 - default vtable indices:   Array<T>(0x000001f6a8e4ff30)
 - local interfaces:  Array<T>(0x000001f6a8e4fbe8)
 - trans. interfaces: Array<T>(0x000001f6a8e4fbe8)
 - constants:         constant pool [114] {0x000001f6a8ee6ad0} for 'io/graphenee/vaadin/flow/base/GxAbstractEntityList$1' cache=0x000001f6a8ee5d18
 - class loader data:  loader data: 0x000001f697821760 for instance a 'jdk/internal/loader/ClassLoaders$AppClassLoader'{0x000000070c720c00}
 - source file:       'GxAbstractEntityList.java'
 - source debug extension:       SMAP
GxAbstractEntityList.java
Java
*S jdt
*F
1 GxAbstractEntityList.java
2 file:/D:/sandbox/graphenee/gx/gx-flow/target/classes/
*L
*E

 - class annotations:       Array<T>(0x0000000000000000)
 - class type annotations:  Array<T>(0x0000000000000000)
 - field annotations:       Array<T>(0x0000000000000000)
 - field type annotations:  Array<T>(0x0000000000000000)
 - generic signature: '
[error occurred during error reporting (printing register info), id 0xc0000005, EXCEPTION_ACCESS_VIOLATION (0xc0000005) at pc=0x00007ffc22f6e2a6]

Registers:
RAX=0x0000000000000067, RBX=0x000001f6978ba617, RCX=0x0000000000690068, RDX=0x000001f69c2dcab0
RSP=0x0000008af09ff500, RBP=0x000001f697b16710, RSI=0x0000000000000000, RDI=0xffffffffffffffff
R8 =0x00000000000000c4, R9 =0x0000000000000040, R10=0x00000000000000c0, R11=0x0000008af09ff520
R12=0x0000008af09ff658, R13=0x0000000000000000, R14=0x0000000800bd1c98, R15=0x0000008af09ff680
RIP=0x00007ffc22f6d69a, EFLAGS=0x0000000000010206

Top of Stack: (sp=0x0000008af09ff500)
0x0000008af09ff500:   0000000000000034 0000000800bd1c98
0x0000008af09ff510:   000001f6a517e300 00007ffca8f147b1
0x0000008af09ff520:   ffffffffffffffff 00007ffc22cd842c
0x0000008af09ff530:   000001f6978ba617 000001f6978ba5e0
0x0000008af09ff540:   000001f697b16710 00007ffc22cdaf4d
0x0000008af09ff550:   000001f6978ba590 00000000000003d8
0x0000008af09ff560:   000001f6978ba5a0 000001f6978ba978
0x0000008af09ff570:   000000000001e101 0000008af09ff658
0x0000008af09ff580:   0000000000000007 000001f697b24688
0x0000008af09ff590:   0000000718645498 00007ffc22c9fa94
0x0000008af09ff5a0:   000001f697b243e0 0000008af09ff680
0x0000008af09ff5b0:   000001f6829696f0 0000008af09ff680
0x0000008af09ff5c0:   000001f697b243e0 0000000000000000
0x0000008af09ff5d0:   0000000000000000 0000000000000000
0x0000008af09ff5e0:   000001f697b2b748 00007ffc803c2dff
0x0000008af09ff5f0:   0000008af09ff678 00007ffc803d1aa0 

Instructions: (pc=0x00007ffc22f6d69a)
0x00007ffc22f6d59a:   48 83 c4 20 5f e9 4c 8d 90 ff cc cc cc cc cc cc
0x00007ffc22f6d5aa:   cc cc cc cc cc cc 48 89 5c 24 08 57 48 83 ec 20
0x00007ffc22f6d5ba:   83 fa 02 8d 42 06 b9 08 00 00 00 49 8b d8 0f 4e
0x00007ffc22f6d5ca:   c1 48 63 c8 48 83 c1 07 83 e1 f8 48 63 f9 49 8b
0x00007ffc22f6d5da:   48 18 48 8b c7 48 f7 d0 48 3b c1 73 16 4c 8d 05
0x00007ffc22f6d5ea:   da 4c 17 00 48 8b d7 48 8b cb e8 57 f0 90 ff 48
0x00007ffc22f6d5fa:   8b 4b 18 48 8d 04 39 48 3b 43 20 76 18 45 33 c0
0x00007ffc22f6d60a:   48 8b d7 48 8b cb 48 8b 5c 24 30 48 83 c4 20 5f
0x00007ffc22f6d61a:   e9 b1 ec 90 ff 48 89 43 18 48 8b c1 48 8b 5c 24
0x00007ffc22f6d62a:   30 48 83 c4 20 5f c3 cc cc cc cc cc cc cc cc cc
0x00007ffc22f6d63a:   cc cc cc cc cc cc 4c 8b d2 4c 8b d9 45 85 c0 7e
0x00007ffc22f6d64a:   3c 44 0f b7 49 04 41 8d 40 ff 41 3b c1 44 0f 4c
0x00007ffc22f6d65a:   c8 4d 63 c1 45 85 c9 7e 1f 48 8b c2 4c 2b da 49
0x00007ffc22f6d66a:   8b d0 0f 1f 40 00 41 0f b6 4c 03 06 88 08 48 8d
0x00007ffc22f6d67a:   40 01 48 83 ea 01 75 ee 43 c6 04 10 00 49 8b c2
0x00007ffc22f6d68a:   c3 cc cc cc cc cc 48 89 5c 24 08 57 48 83 ec 20
0x00007ffc22f6d69a:   0f b7 59 04 48 8b f9 33 d2 48 8d 4b 01 e8 84 df
0x00007ffc22f6d6aa:   f2 ff 0f b7 57 04 4c 8b c0 3b da 0f 42 d3 44 8b
0x00007ffc22f6d6ba:   ca 85 d2 74 39 48 2b f8 0f 1f 40 00 66 66 0f 1f
0x00007ffc22f6d6ca:   84 00 00 00 00 00 0f b6 4c 07 06 88 08 48 ff c0
0x00007ffc22f6d6da:   48 8b c8 49 2b c8 49 3b c9 7c eb 42 c6 04 02 00
0x00007ffc22f6d6ea:   49 8b c0 48 8b 5c 24 30 48 83 c4 20 5f c3 48 8b
0x00007ffc22f6d6fa:   5c 24 30 c6 04 02 00 48 83 c4 20 5f c3 cc cc cc
0x00007ffc22f6d70a:   cc cc cc cc cc cc 4c 8b d1 45 85 c0 7e 6c 44 0f
0x00007ffc22f6d71a:   b7 49 04 41 8d 40 ff 41 3b c1 44 0f 4c c8 4d 63
0x00007ffc22f6d72a:   d9 45 85 c9 7e 22 48 8b ca 4c 2b d2 4d 8b c3 0f
0x00007ffc22f6d73a:   1f 80 00 00 00 00 41 0f b6 44 0a 06 88 01 48 8d
0x00007ffc22f6d74a:   49 01 49 83 e8 01 75 ee 41 c6 04 13 00 48 c7 c0
0x00007ffc22f6d75a:   ff ff ff ff 66 90 48 ff c0 80 3c 02 00 75 f7 48
0x00007ffc22f6d76a:   63 c8 85 c0 48 8b c2 7e 14 80 38 2f 75 03 c6 00
0x00007ffc22f6d77a:   2e 48 ff c0 48 83 e9 01 75 ef 48 8b c2 c3 cc cc
0x00007ffc22f6d78a:   cc cc cc cc cc cc 48 83 ec 28 e8 f7 fe ff ff 4c 


Stack slot to memory mapping:
stack at sp + 0 slots: 0x0000000000000034 is an unknown value
stack at sp + 1 slots: 0x0000000800bd1c98 is a pointer to class: 
io.graphenee.vaadin.flow.base.GxAbstractEntityList$1 {0x0000000800bd1ca0}
 - instance size:     2
 - klass size:        73
 - access:            synchronized 
 - state:             fully_initialized
 - name:              'io/graphenee/vaadin/flow/base/GxAbstractEntityList$1'
 - super:             'java/lang/Object'
 - sub:               
 - arrays:            NULL
 - methods:           Array<T>(0x000001f6a8efcd38)
 - method ordering:   Array<T>(0x000001f6a8efd048)
 - default_methods:   Array<T>(0x000001f6a8e4ff20)
 - default vtable indices:   Array<T>(0x000001f6a8e4ff30)
 - local interfaces:  Array<T>(0x000001f6a8e4fbe8)
 - trans. interfaces: Array<T>(0x000001f6a8e4fbe8)
 - constants:         constant pool [114] {0x000001f6a8ee6ad0} for 'io/graphenee/vaadin/flow/base/GxAbstractEntityList$1' cache=0x000001f6a8ee5d18
 - class loader data:  loader data: 0x000001f697821760 for instance a 'jdk/internal/loader/ClassLoaders$AppClassLoader'{0x000000070c720c00}
 - source file:       'GxAbstractEntityList.java'
 - source debug extension:       SMAP
GxAbstractEntityList.java
Java
*S jdt
*F
1 GxAbstractEntityList.java
2 file:/D:/sandbox/graphenee/gx/gx-flow/target/classes/
*L
*E

 - class annotations:       Array<T>(0x0000000000000000)
 - class type annotations:  Array<T>(0x0000000000000000)
 - field annotations:       Array<T>(0x0000000000000000)
 - field type annotations:  Array<T>(0x0000000000000000)
 - generic signature: '
[error occurred during error reporting (inspecting top of stack), id 0xc0000005, EXCEPTION_ACCESS_VIOLATION (0xc0000005) at pc=0x00007ffc22f6e2a6]


---------------  P R O C E S S  ---------------

Threads class SMR info:
_java_thread_list=0x000001f698fe2320, length=43, elements={
0x000001f6978111e0, 0x000001f697812640, 0x000001f697864290, 0x000001f697865e20,
0x000001f6978849d0, 0x000001f697885a30, 0x000001f697889f90, 0x000001f69788b7d0,
0x000001f6978d6440, 0x000001f697b243e0, 0x000001f697b28490, 0x000001f697b2ac90,
0x000001f6986492d0, 0x000001f6988c5690, 0x000001f6988d5620, 0x000001f6988f3500,
0x000001f698d8a170, 0x000001f698db0230, 0x000001f698dd5150, 0x000001f698dd1790,
0x000001f698dd2130, 0x000001f698dd2600, 0x000001f69bf09a40, 0x000001f69bf08700,
0x000001f69bf07890, 0x000001f69bf0a3e0, 0x000001f69bf03060, 0x000001f69bf07d60,
0x000001f69bf03530, 0x000001f69bf08bd0, 0x000001f69bf03a00, 0x000001f69bf03ed0,
0x000001f69bf04870, 0x000001f69bf04d40, 0x000001f69bf06a20, 0x000001f69bf06ef0,
0x000001f69bf056e0, 0x000001f69bf05bb0, 0x000001f69bf073c0, 0x000001f6a5be33a0,
0x000001f6a5be2060, 0x000001f6a5be98b0, 0x000001f6a5be8a40
}

Java Threads: ( => current thread )
  0x000001f6978111e0 JavaThread "Reference Handler" daemon [_thread_blocked, id=16376, stack(0x0000008aeff00000,0x0000008af0000000)]
  0x000001f697812640 JavaThread "Finalizer" daemon [_thread_blocked, id=17700, stack(0x0000008af0000000,0x0000008af0100000)]
  0x000001f697864290 JavaThread "Signal Dispatcher" daemon [_thread_blocked, id=9024, stack(0x0000008af0100000,0x0000008af0200000)]
  0x000001f697865e20 JavaThread "Attach Listener" daemon [_thread_blocked, id=7856, stack(0x0000008af0200000,0x0000008af0300000)]
  0x000001f6978849d0 JavaThread "Service Thread" daemon [_thread_blocked, id=2712, stack(0x0000008af0300000,0x0000008af0400000)]
  0x000001f697885a30 JavaThread "Monitor Deflation Thread" daemon [_thread_blocked, id=6920, stack(0x0000008af0400000,0x0000008af0500000)]
  0x000001f697889f90 JavaThread "C1 CompilerThread0" daemon [_thread_blocked, id=17936, stack(0x0000008af0500000,0x0000008af0600000)]
  0x000001f69788b7d0 JavaThread "Sweeper thread" daemon [_thread_blocked, id=10216, stack(0x0000008af0600000,0x0000008af0700000)]
  0x000001f6978d6440 JavaThread "Common-Cleaner" daemon [_thread_blocked, id=1408, stack(0x0000008af0700000,0x0000008af0800000)]
=>0x000001f697b243e0 JavaThread "JDWP Transport Listener: dt_socket" daemon [_thread_in_vm, id=7524, stack(0x0000008af0900000,0x0000008af0a00000)]
  0x000001f697b28490 JavaThread "JDWP Event Helper Thread" daemon [_thread_blocked, id=3848, stack(0x0000008af0a00000,0x0000008af0b00000)]
  0x000001f697b2ac90 JavaThread "JDWP Command Reader" daemon [_thread_in_native, id=17976, stack(0x0000008af0b00000,0x0000008af0c00000)]
  0x000001f6986492d0 JavaThread "Notification Thread" daemon [_thread_blocked, id=16672, stack(0x0000008af0d00000,0x0000008af0e00000)]
  0x000001f6988c5690 JavaThread "RMI TCP Accept-0" daemon [_thread_in_native, id=19656, stack(0x0000008af1600000,0x0000008af1700000)]
  0x000001f6988d5620 JavaThread "RMI TCP Accept-5501" daemon [_thread_in_native, id=4736, stack(0x0000008af1700000,0x0000008af1800000)]
  0x000001f6988f3500 JavaThread "RMI TCP Accept-0" daemon [_thread_in_native, id=10676, stack(0x0000008af1800000,0x0000008af1900000)]
  0x000001f698d8a170 JavaThread "RMI Scheduler(0)" daemon [_thread_blocked, id=10532, stack(0x0000008af1c00000,0x0000008af1d00000)]
  0x000001f698db0230 JavaThread "JMX server connection timeout 25" daemon [_thread_blocked, id=8220, stack(0x0000008af1e00000,0x0000008af1f00000)]
  0x000001f698dd5150 JavaThread "Catalina-utility-1" [_thread_blocked, id=11544, stack(0x0000008af2200000,0x0000008af2300000)]
  0x000001f698dd1790 JavaThread "Catalina-utility-2" [_thread_blocked, id=15668, stack(0x0000008af2300000,0x0000008af2400000)]
  0x000001f698dd2130 JavaThread "container-0" [_thread_blocked, id=11232, stack(0x0000008af2400000,0x0000008af2500000)]
  0x000001f698dd2600 JavaThread "PostgreSQL-JDBC-SharedTimer-1" daemon [_thread_blocked, id=10872, stack(0x0000008af2600000,0x0000008af2700000)]
  0x000001f69bf09a40 JavaThread "HikariPool-1 housekeeper" daemon [_thread_blocked, id=10968, stack(0x0000008af2700000,0x0000008af2800000)]
  0x000001f69bf08700 JavaThread "Thread-2" daemon [_thread_in_native, id=15208, stack(0x0000008af2a00000,0x0000008af2b00000)]
  0x000001f69bf07890 JavaThread "webpack" daemon [_thread_in_native, id=18596, stack(0x0000008af2b00000,0x0000008af2c00000)]
  0x000001f69bf0a3e0 JavaThread "http-nio-8080-BlockPoller" daemon [_thread_in_native, id=19996, stack(0x0000008af2e00000,0x0000008af2f00000)]
  0x000001f69bf03060 JavaThread "http-nio-8080-exec-1" daemon [_thread_blocked, id=18700, stack(0x0000008af2f00000,0x0000008af3000000)]
  0x000001f69bf07d60 JavaThread "http-nio-8080-exec-2" daemon [_thread_blocked, id=1208, stack(0x0000008af3000000,0x0000008af3100000)]
  0x000001f69bf03530 JavaThread "http-nio-8080-exec-3" daemon [_thread_blocked, id=8860, stack(0x0000008af3100000,0x0000008af3200000)]
  0x000001f69bf08bd0 JavaThread "http-nio-8080-exec-4" daemon [_thread_blocked, id=20100, stack(0x0000008af3200000,0x0000008af3300000)]
  0x000001f69bf03a00 JavaThread "http-nio-8080-exec-5" daemon [_thread_blocked, id=10792, stack(0x0000008af3300000,0x0000008af3400000)]
  0x000001f69bf03ed0 JavaThread "http-nio-8080-exec-6" daemon [_thread_blocked, id=20016, stack(0x0000008af3400000,0x0000008af3500000)]
  0x000001f69bf04870 JavaThread "http-nio-8080-exec-7" daemon [_thread_blocked, id=15736, stack(0x0000008af3500000,0x0000008af3600000)]
  0x000001f69bf04d40 JavaThread "http-nio-8080-exec-8" daemon [_thread_blocked, id=12432, stack(0x0000008af3600000,0x0000008af3700000)]
  0x000001f69bf06a20 JavaThread "http-nio-8080-exec-9" daemon [_thread_blocked, id=12684, stack(0x0000008af3700000,0x0000008af3800000)]
  0x000001f69bf06ef0 JavaThread "http-nio-8080-exec-10" daemon [_thread_blocked, id=15744, stack(0x0000008af3800000,0x0000008af3900000)]
  0x000001f69bf056e0 JavaThread "http-nio-8080-ClientPoller" daemon [_thread_in_native, id=18720, stack(0x0000008af3900000,0x0000008af3a00000)]
  0x000001f69bf05bb0 JavaThread "http-nio-8080-Acceptor" daemon [_thread_in_native, id=18048, stack(0x0000008af3a00000,0x0000008af3b00000)]
  0x000001f69bf073c0 JavaThread "DestroyJavaVM" [_thread_blocked, id=18372, stack(0x0000008aef800000,0x0000008aef900000)]
  0x000001f6a5be33a0 JavaThread "RMI TCP Connection(13)-127.0.0.1" daemon [_thread_in_native, id=20444, stack(0x0000008af4000000,0x0000008af4100000)]
  0x000001f6a5be2060 JavaThread "WebSocket background processing" daemon [_thread_blocked, id=10928, stack(0x0000008af1b00000,0x0000008af1c00000)]
  0x000001f6a5be98b0 JavaThread "Atmosphere-Scheduler-10" daemon [_thread_blocked, id=16788, stack(0x0000008af1d00000,0x0000008af1e00000)]
  0x000001f6a5be8a40 JavaThread "Atmosphere-Scheduler-13" daemon [_thread_blocked, id=20348, stack(0x0000008aef600000,0x0000008aef700000)]

Other Threads:
  0x000001f69780c250 VMThread "VM Thread" [stack: 0x0000008aefe00000,0x0000008aeff00000] [id=14448]
  0x000001f698962110 WatcherThread [stack: 0x0000008af1900000,0x0000008af1a00000] [id=2744]
  0x000001f684a981d0 GCTaskThread "GC Thread#0" [stack: 0x0000008aef900000,0x0000008aefa00000] [id=15936]
  0x000001f698897060 GCTaskThread "GC Thread#1" [stack: 0x0000008af0e00000,0x0000008af0f00000] [id=7056]
  0x000001f698897310 GCTaskThread "GC Thread#2" [stack: 0x0000008af0f00000,0x0000008af1000000] [id=5060]
  0x000001f6988975c0 GCTaskThread "GC Thread#3" [stack: 0x0000008af1000000,0x0000008af1100000] [id=17920]
  0x000001f698897870 GCTaskThread "GC Thread#4" [stack: 0x0000008af1100000,0x0000008af1200000] [id=19888]
  0x000001f69885c060 GCTaskThread "GC Thread#5" [stack: 0x0000008af1200000,0x0000008af1300000] [id=7804]
  0x000001f6988b2df0 GCTaskThread "GC Thread#6" [stack: 0x0000008af1300000,0x0000008af1400000] [id=16980]
  0x000001f6988b30a0 GCTaskThread "GC Thread#7" [stack: 0x0000008af1400000,0x0000008af1500000] [id=10976]
  0x000001f684aa8320 ConcurrentGCThread "G1 Main Marker" [stack: 0x0000008aefa00000,0x0000008aefb00000] [id=12796]
  0x000001f684aa92e0 ConcurrentGCThread "G1 Conc#0" [stack: 0x0000008aefb00000,0x0000008aefc00000] [id=20424]
  0x000001f698e65140 ConcurrentGCThread "G1 Conc#1" [stack: 0x0000008af2000000,0x0000008af2100000] [id=17376]
  0x000001f696c424c0 ConcurrentGCThread "G1 Refine#0" [stack: 0x0000008aefc00000,0x0000008aefd00000] [id=9268]
  0x000001f6988a0340 ConcurrentGCThread "G1 Refine#1" [stack: 0x0000008af1500000,0x0000008af1600000] [id=9212]
  0x000001f6996a2db0 ConcurrentGCThread "G1 Refine#2" [stack: 0x0000008af1f00000,0x0000008af2000000] [id=3764]
  0x000001f696c42cf0 ConcurrentGCThread "G1 Service" [stack: 0x0000008aefd00000,0x0000008aefe00000] [id=16312]

Threads with active compile tasks:

VM state: not at safepoint (normal execution)

VM Mutex/Monitor currently owned by a thread: None

Heap address: 0x000000070c000000, size: 3904 MB, Compressed Oops mode: Zero based, Oop shift amount: 3

CDS archive(s) not mapped
Compressed class space mapped at: 0x0000000800000000-0x0000000840000000, reserved size: 1073741824
Narrow klass base: 0x0000000800000000, Narrow klass shift: 0, Narrow klass range: 0x40000000

GC Precious Log:
 CPUs: 8 total, 8 available
 Memory: 15608M
 Large Page Support: Disabled
 NUMA Support: Disabled
 Compressed Oops: Enabled (Zero based)
 Heap Region Size: 2M
 Heap Min Capacity: 8M
 Heap Initial Capacity: 244M
 Heap Max Capacity: 3904M
 Pre-touch: Disabled
 Parallel Workers: 8
 Concurrent Workers: 2
 Concurrent Refinement Workers: 8
 Periodic GC: Disabled

Heap:
 garbage-first heap   total 260096K, used 166960K [0x000000070c000000, 0x0000000800000000)
  region size 2048K, 48 young (98304K), 1 survivors (2048K)
 Metaspace       used 88267K, committed 88768K, reserved 1130496K
  class space    used 12012K, committed 12224K, reserved 1048576K

Heap Regions: E=young(eden), S=young(survivor), O=old, HS=humongous(starts), HC=humongous(continues), CS=collection set, F=free, OA=open archive, CA=closed archive, TAMS=top-at-mark-start (previous, next)
|   0|0x000000070c000000, 0x000000070c200000, 0x000000070c200000|100%| O|  |TAMS 0x000000070c200000, 0x000000070c000000| Untracked 
|   1|0x000000070c200000, 0x000000070c400000, 0x000000070c400000|100%| O|  |TAMS 0x000000070c400000, 0x000000070c200000| Untracked 
|   2|0x000000070c400000, 0x000000070c600000, 0x000000070c600000|100%| O|  |TAMS 0x000000070c600000, 0x000000070c400000| Untracked 
|   3|0x000000070c600000, 0x000000070c800000, 0x000000070c800000|100%| O|  |TAMS 0x000000070c800000, 0x000000070c600000| Untracked 
|   4|0x000000070c800000, 0x000000070ca00000, 0x000000070ca00000|100%| O|  |TAMS 0x000000070ca00000, 0x000000070c800000| Untracked 
|   5|0x000000070ca00000, 0x000000070cc00000, 0x000000070cc00000|100%| O|  |TAMS 0x000000070cc00000, 0x000000070ca00000| Untracked 
|   6|0x000000070cc00000, 0x000000070ce00000, 0x000000070ce00000|100%| O|  |TAMS 0x000000070ce00000, 0x000000070cc00000| Untracked 
|   7|0x000000070ce00000, 0x000000070cf6ee08, 0x000000070d000000| 71%| O|  |TAMS 0x000000070cf6ee08, 0x000000070ce00000| Untracked 
|   8|0x000000070d000000, 0x000000070d200000, 0x000000070d200000|100%| O|  |TAMS 0x000000070d200000, 0x000000070d000000| Untracked 
|   9|0x000000070d200000, 0x000000070d400000, 0x000000070d400000|100%| O|  |TAMS 0x000000070d400000, 0x000000070d200000| Untracked 
|  10|0x000000070d400000, 0x000000070d600000, 0x000000070d600000|100%| O|  |TAMS 0x000000070d600000, 0x000000070d400000| Untracked 
|  11|0x000000070d600000, 0x000000070d800000, 0x000000070d800000|100%| O|  |TAMS 0x000000070d800000, 0x000000070d600000| Untracked 
|  12|0x000000070d800000, 0x000000070d800000, 0x000000070da00000|  0%| F|  |TAMS 0x000000070d800000, 0x000000070d800000| Untracked 
|  13|0x000000070da00000, 0x000000070da00000, 0x000000070dc00000|  0%| F|  |TAMS 0x000000070da00000, 0x000000070da00000| Untracked 
|  14|0x000000070dc00000, 0x000000070de00000, 0x000000070de00000|100%| O|  |TAMS 0x000000070de00000, 0x000000070dc00000| Untracked 
|  15|0x000000070de00000, 0x000000070e000000, 0x000000070e000000|100%| O|  |TAMS 0x000000070de00000, 0x000000070de00000| Untracked 
|  16|0x000000070e000000, 0x000000070e000000, 0x000000070e200000|  0%| F|  |TAMS 0x000000070e000000, 0x000000070e000000| Untracked 
|  17|0x000000070e200000, 0x000000070e200000, 0x000000070e400000|  0%| F|  |TAMS 0x000000070e200000, 0x000000070e200000| Untracked 
|  18|0x000000070e400000, 0x000000070e600000, 0x000000070e600000|100%| O|  |TAMS 0x000000070e600000, 0x000000070e400000| Untracked 
|  19|0x000000070e600000, 0x000000070e800000, 0x000000070e800000|100%| O|  |TAMS 0x000000070e800000, 0x000000070e600000| Untracked 
|  20|0x000000070e800000, 0x000000070e800000, 0x000000070ea00000|  0%| F|  |TAMS 0x000000070e800000, 0x000000070e800000| Untracked 
|  21|0x000000070ea00000, 0x000000070ea00000, 0x000000070ec00000|  0%| F|  |TAMS 0x000000070ea00000, 0x000000070ea00000| Untracked 
|  22|0x000000070ec00000, 0x000000070ec00000, 0x000000070ee00000|  0%| F|  |TAMS 0x000000070ec00000, 0x000000070ec00000| Untracked 
|  23|0x000000070ee00000, 0x000000070ee00000, 0x000000070f000000|  0%| F|  |TAMS 0x000000070ee00000, 0x000000070ee00000| Untracked 
|  24|0x000000070f000000, 0x000000070f000000, 0x000000070f200000|  0%| F|  |TAMS 0x000000070f000000, 0x000000070f000000| Untracked 
|  25|0x000000070f200000, 0x000000070f200000, 0x000000070f400000|  0%| F|  |TAMS 0x000000070f200000, 0x000000070f200000| Untracked 
|  26|0x000000070f400000, 0x000000070f400000, 0x000000070f600000|  0%| F|  |TAMS 0x000000070f400000, 0x000000070f400000| Untracked 
|  27|0x000000070f600000, 0x000000070f800000, 0x000000070f800000|100%| O|  |TAMS 0x000000070f800000, 0x000000070f600000| Untracked 
|  28|0x000000070f800000, 0x000000070f800000, 0x000000070fa00000|  0%| F|  |TAMS 0x000000070f800000, 0x000000070f800000| Untracked 
|  29|0x000000070fa00000, 0x000000070fc00000, 0x000000070fc00000|100%| O|  |TAMS 0x000000070fc00000, 0x000000070fa00000| Untracked 
|  30|0x000000070fc00000, 0x000000070fe00000, 0x000000070fe00000|100%| O|  |TAMS 0x000000070fe00000, 0x000000070fc00000| Untracked 
|  31|0x000000070fe00000, 0x0000000710000000, 0x0000000710000000|100%| O|  |TAMS 0x0000000710000000, 0x000000070fe00000| Untracked 
|  32|0x0000000710000000, 0x0000000710200000, 0x0000000710200000|100%| O|  |TAMS 0x0000000710200000, 0x0000000710000000| Untracked 
|  33|0x0000000710200000, 0x0000000710400000, 0x0000000710400000|100%| O|  |TAMS 0x0000000710400000, 0x0000000710200000| Untracked 
|  34|0x0000000710400000, 0x0000000710600000, 0x0000000710600000|100%| O|  |TAMS 0x0000000710600000, 0x0000000710400000| Untracked 
|  35|0x0000000710600000, 0x0000000710800000, 0x0000000710800000|100%| O|  |TAMS 0x0000000710800000, 0x0000000710600000| Untracked 
|  36|0x0000000710800000, 0x0000000710a00000, 0x0000000710a00000|100%| O|  |TAMS 0x0000000710a00000, 0x0000000710800000| Untracked 
|  37|0x0000000710a00000, 0x0000000710c00000, 0x0000000710c00000|100%| O|  |TAMS 0x0000000710b05000, 0x0000000710a00000| Untracked 
|  38|0x0000000710c00000, 0x0000000710e00000, 0x0000000710e00000|100%| O|  |TAMS 0x0000000710c00000, 0x0000000710c00000| Untracked 
|  39|0x0000000710e00000, 0x0000000711000000, 0x0000000711000000|100%| O|  |TAMS 0x0000000710e00000, 0x0000000710e00000| Untracked 
|  40|0x0000000711000000, 0x0000000711200000, 0x0000000711200000|100%| O|  |TAMS 0x0000000711000000, 0x0000000711000000| Untracked 
|  41|0x0000000711200000, 0x0000000711400000, 0x0000000711400000|100%| O|  |TAMS 0x0000000711200000, 0x0000000711200000| Untracked 
|  42|0x0000000711400000, 0x0000000711600000, 0x0000000711600000|100%| O|  |TAMS 0x0000000711400000, 0x0000000711400000| Untracked 
|  43|0x0000000711600000, 0x0000000711800000, 0x0000000711800000|100%| O|  |TAMS 0x0000000711600000, 0x0000000711600000| Untracked 
|  44|0x0000000711800000, 0x0000000711a00000, 0x0000000711a00000|100%| O|  |TAMS 0x0000000711800000, 0x0000000711800000| Untracked 
|  45|0x0000000711a00000, 0x0000000711a35200, 0x0000000711c00000| 10%| O|  |TAMS 0x0000000711a00000, 0x0000000711a00000| Untracked 
|  46|0x0000000711c00000, 0x0000000711c00000, 0x0000000711e00000|  0%| F|  |TAMS 0x0000000711c00000, 0x0000000711c00000| Untracked 
|  47|0x0000000711e00000, 0x0000000711e00000, 0x0000000712000000|  0%| F|  |TAMS 0x0000000711e00000, 0x0000000711e00000| Untracked 
|  48|0x0000000712000000, 0x0000000712000000, 0x0000000712200000|  0%| F|  |TAMS 0x0000000712000000, 0x0000000712000000| Untracked 
|  49|0x0000000712200000, 0x0000000712200000, 0x0000000712400000|  0%| F|  |TAMS 0x0000000712200000, 0x0000000712200000| Untracked 
|  50|0x0000000712400000, 0x0000000712400000, 0x0000000712600000|  0%| F|  |TAMS 0x0000000712400000, 0x0000000712400000| Untracked 
|  51|0x0000000712600000, 0x0000000712600000, 0x0000000712800000|  0%| F|  |TAMS 0x0000000712600000, 0x0000000712600000| Untracked 
|  52|0x0000000712800000, 0x0000000712800000, 0x0000000712a00000|  0%| F|  |TAMS 0x0000000712800000, 0x0000000712800000| Untracked 
|  53|0x0000000712a00000, 0x0000000712a00000, 0x0000000712c00000|  0%| F|  |TAMS 0x0000000712a00000, 0x0000000712a00000| Untracked 
|  54|0x0000000712c00000, 0x0000000712c00000, 0x0000000712e00000|  0%| F|  |TAMS 0x0000000712c00000, 0x0000000712c00000| Untracked 
|  55|0x0000000712e00000, 0x0000000712e00000, 0x0000000713000000|  0%| F|  |TAMS 0x0000000712e00000, 0x0000000712e00000| Untracked 
|  56|0x0000000713000000, 0x0000000713000000, 0x0000000713200000|  0%| F|  |TAMS 0x0000000713000000, 0x0000000713000000| Untracked 
|  57|0x0000000713200000, 0x0000000713200000, 0x0000000713400000|  0%| F|  |TAMS 0x0000000713200000, 0x0000000713200000| Untracked 
|  58|0x0000000713400000, 0x0000000713400000, 0x0000000713600000|  0%| F|  |TAMS 0x0000000713400000, 0x0000000713400000| Untracked 
|  59|0x0000000713600000, 0x0000000713600000, 0x0000000713800000|  0%| F|  |TAMS 0x0000000713600000, 0x0000000713600000| Untracked 
|  60|0x0000000713800000, 0x0000000713800000, 0x0000000713a00000|  0%| F|  |TAMS 0x0000000713800000, 0x0000000713800000| Untracked 
|  61|0x0000000713a00000, 0x0000000713a00000, 0x0000000713c00000|  0%| F|  |TAMS 0x0000000713a00000, 0x0000000713a00000| Untracked 
|  62|0x0000000713c00000, 0x0000000713c00000, 0x0000000713e00000|  0%| F|  |TAMS 0x0000000713c00000, 0x0000000713c00000| Untracked 
|  63|0x0000000713e00000, 0x0000000713e00000, 0x0000000714000000|  0%| F|  |TAMS 0x0000000713e00000, 0x0000000713e00000| Untracked 
|  64|0x0000000714000000, 0x0000000714000000, 0x0000000714200000|  0%| F|  |TAMS 0x0000000714000000, 0x0000000714000000| Untracked 
|  65|0x0000000714200000, 0x0000000714200000, 0x0000000714400000|  0%| F|  |TAMS 0x0000000714200000, 0x0000000714200000| Untracked 
|  66|0x0000000714400000, 0x0000000714400000, 0x0000000714600000|  0%| F|  |TAMS 0x0000000714400000, 0x0000000714400000| Untracked 
|  67|0x0000000714600000, 0x0000000714600000, 0x0000000714800000|  0%| F|  |TAMS 0x0000000714600000, 0x0000000714600000| Untracked 
|  68|0x0000000714800000, 0x0000000714800000, 0x0000000714a00000|  0%| F|  |TAMS 0x0000000714800000, 0x0000000714800000| Untracked 
|  69|0x0000000714a00000, 0x0000000714a00000, 0x0000000714c00000|  0%| F|  |TAMS 0x0000000714a00000, 0x0000000714a00000| Untracked 
|  70|0x0000000714c00000, 0x0000000714c00000, 0x0000000714e00000|  0%| F|  |TAMS 0x0000000714c00000, 0x0000000714c00000| Untracked 
|  71|0x0000000714e00000, 0x0000000714e00000, 0x0000000715000000|  0%| F|  |TAMS 0x0000000714e00000, 0x0000000714e00000| Untracked 
|  72|0x0000000715000000, 0x0000000715000000, 0x0000000715200000|  0%| F|  |TAMS 0x0000000715000000, 0x0000000715000000| Untracked 
|  73|0x0000000715200000, 0x0000000715200000, 0x0000000715400000|  0%| F|  |TAMS 0x0000000715200000, 0x0000000715200000| Untracked 
|  74|0x0000000715400000, 0x0000000715400000, 0x0000000715600000|  0%| F|  |TAMS 0x0000000715400000, 0x0000000715400000| Untracked 
|  75|0x0000000715600000, 0x0000000715800000, 0x0000000715800000|100%|HS|  |TAMS 0x0000000715600000, 0x0000000715600000| Complete 
|  76|0x0000000715800000, 0x0000000715a00000, 0x0000000715a00000|100%|HC|  |TAMS 0x0000000715800000, 0x0000000715800000| Complete 
|  77|0x0000000715a00000, 0x0000000715a00000, 0x0000000715c00000|  0%| F|  |TAMS 0x0000000715a00000, 0x0000000715a00000| Untracked 
|  78|0x0000000715c00000, 0x0000000715d920a8, 0x0000000715e00000| 78%| E|  |TAMS 0x0000000715c00000, 0x0000000715c00000| Complete 
|  79|0x0000000715e00000, 0x0000000716000000, 0x0000000716000000|100%| E|CS|TAMS 0x0000000715e00000, 0x0000000715e00000| Complete 
|  80|0x0000000716000000, 0x0000000716200000, 0x0000000716200000|100%|HS|  |TAMS 0x0000000716000000, 0x0000000716000000| Complete 
|  81|0x0000000716200000, 0x0000000716400000, 0x0000000716400000|100%| E|  |TAMS 0x0000000716200000, 0x0000000716200000| Complete 
|  82|0x0000000716400000, 0x0000000716600000, 0x0000000716600000|100%| E|CS|TAMS 0x0000000716400000, 0x0000000716400000| Complete 
|  83|0x0000000716600000, 0x0000000716800000, 0x0000000716800000|100%| E|CS|TAMS 0x0000000716600000, 0x0000000716600000| Complete 
|  84|0x0000000716800000, 0x0000000716a00000, 0x0000000716a00000|100%| E|CS|TAMS 0x0000000716800000, 0x0000000716800000| Complete 
|  85|0x0000000716a00000, 0x0000000716c00000, 0x0000000716c00000|100%| E|CS|TAMS 0x0000000716a00000, 0x0000000716a00000| Complete 
|  86|0x0000000716c00000, 0x0000000716e00000, 0x0000000716e00000|100%| E|CS|TAMS 0x0000000716c00000, 0x0000000716c00000| Complete 
|  87|0x0000000716e00000, 0x0000000717000000, 0x0000000717000000|100%| E|CS|TAMS 0x0000000716e00000, 0x0000000716e00000| Complete 
|  88|0x0000000717000000, 0x0000000717200000, 0x0000000717200000|100%| E|CS|TAMS 0x0000000717000000, 0x0000000717000000| Complete 
|  89|0x0000000717200000, 0x0000000717400000, 0x0000000717400000|100%| E|CS|TAMS 0x0000000717200000, 0x0000000717200000| Complete 
|  90|0x0000000717400000, 0x0000000717600000, 0x0000000717600000|100%| E|CS|TAMS 0x0000000717400000, 0x0000000717400000| Complete 
|  91|0x0000000717600000, 0x0000000717800000, 0x0000000717800000|100%| E|CS|TAMS 0x0000000717600000, 0x0000000717600000| Complete 
|  92|0x0000000717800000, 0x0000000717a00000, 0x0000000717a00000|100%| E|CS|TAMS 0x0000000717800000, 0x0000000717800000| Complete 
|  93|0x0000000717a00000, 0x0000000717c00000, 0x0000000717c00000|100%| E|CS|TAMS 0x0000000717a00000, 0x0000000717a00000| Complete 
|  94|0x0000000717c00000, 0x0000000717e00000, 0x0000000717e00000|100%| E|CS|TAMS 0x0000000717c00000, 0x0000000717c00000| Complete 
|  95|0x0000000717e00000, 0x0000000718000000, 0x0000000718000000|100%| E|CS|TAMS 0x0000000717e00000, 0x0000000717e00000| Complete 
|  96|0x0000000718000000, 0x0000000718200000, 0x0000000718200000|100%| E|CS|TAMS 0x0000000718000000, 0x0000000718000000| Complete 
|  97|0x0000000718200000, 0x0000000718400000, 0x0000000718400000|100%| E|CS|TAMS 0x0000000718200000, 0x0000000718200000| Complete 
|  98|0x0000000718400000, 0x0000000718600000, 0x0000000718600000|100%| E|CS|TAMS 0x0000000718400000, 0x0000000718400000| Complete 
|  99|0x0000000718600000, 0x0000000718800000, 0x0000000718800000|100%| E|CS|TAMS 0x0000000718600000, 0x0000000718600000| Complete 
| 100|0x0000000718800000, 0x0000000718a00000, 0x0000000718a00000|100%| E|CS|TAMS 0x0000000718800000, 0x0000000718800000| Complete 
| 101|0x0000000718a00000, 0x0000000718c00000, 0x0000000718c00000|100%| E|CS|TAMS 0x0000000718a00000, 0x0000000718a00000| Complete 
| 102|0x0000000718c00000, 0x0000000718e00000, 0x0000000718e00000|100%| E|CS|TAMS 0x0000000718c00000, 0x0000000718c00000| Complete 
| 103|0x0000000718e00000, 0x0000000719000000, 0x0000000719000000|100%| E|CS|TAMS 0x0000000718e00000, 0x0000000718e00000| Complete 
| 104|0x0000000719000000, 0x0000000719200000, 0x0000000719200000|100%| E|CS|TAMS 0x0000000719000000, 0x0000000719000000| Complete 
| 105|0x0000000719200000, 0x0000000719400000, 0x0000000719400000|100%| E|CS|TAMS 0x0000000719200000, 0x0000000719200000| Complete 
| 106|0x0000000719400000, 0x0000000719600000, 0x0000000719600000|100%| E|CS|TAMS 0x0000000719400000, 0x0000000719400000| Complete 
| 107|0x0000000719600000, 0x0000000719800000, 0x0000000719800000|100%| E|CS|TAMS 0x0000000719600000, 0x0000000719600000| Complete 
| 108|0x0000000719800000, 0x0000000719a00000, 0x0000000719a00000|100%| E|CS|TAMS 0x0000000719800000, 0x0000000719800000| Complete 
| 109|0x0000000719a00000, 0x0000000719c00000, 0x0000000719c00000|100%| E|CS|TAMS 0x0000000719a00000, 0x0000000719a00000| Complete 
| 110|0x0000000719c00000, 0x0000000719e00000, 0x0000000719e00000|100%| E|CS|TAMS 0x0000000719c00000, 0x0000000719c00000| Complete 
| 111|0x0000000719e00000, 0x000000071a000000, 0x000000071a000000|100%| E|CS|TAMS 0x0000000719e00000, 0x0000000719e00000| Complete 
| 112|0x000000071a000000, 0x000000071a200000, 0x000000071a200000|100%| E|CS|TAMS 0x000000071a000000, 0x000000071a000000| Complete 
| 113|0x000000071a200000, 0x000000071a400000, 0x000000071a400000|100%| E|CS|TAMS 0x000000071a200000, 0x000000071a200000| Complete 
| 114|0x000000071a400000, 0x000000071a600000, 0x000000071a600000|100%| E|CS|TAMS 0x000000071a400000, 0x000000071a400000| Complete 
| 115|0x000000071a600000, 0x000000071a800000, 0x000000071a800000|100%| E|CS|TAMS 0x000000071a600000, 0x000000071a600000| Complete 
| 116|0x000000071a800000, 0x000000071aa00000, 0x000000071aa00000|100%| E|CS|TAMS 0x000000071a800000, 0x000000071a800000| Complete 
| 117|0x000000071aa00000, 0x000000071ac00000, 0x000000071ac00000|100%| E|CS|TAMS 0x000000071aa00000, 0x000000071aa00000| Complete 
| 118|0x000000071ac00000, 0x000000071ae00000, 0x000000071ae00000|100%| E|CS|TAMS 0x000000071ac00000, 0x000000071ac00000| Complete 
| 119|0x000000071ae00000, 0x000000071b000000, 0x000000071b000000|100%| E|CS|TAMS 0x000000071ae00000, 0x000000071ae00000| Complete 
| 131|0x000000071c600000, 0x000000071c800000, 0x000000071c800000|100%| E|CS|TAMS 0x000000071c600000, 0x000000071c600000| Complete 
| 132|0x000000071c800000, 0x000000071ca00000, 0x000000071ca00000|100%| E|CS|TAMS 0x000000071c800000, 0x000000071c800000| Complete 
| 133|0x000000071ca00000, 0x000000071cc00000, 0x000000071cc00000|100%| E|CS|TAMS 0x000000071ca00000, 0x000000071ca00000| Complete 
| 134|0x000000071cc00000, 0x000000071ce00000, 0x000000071ce00000|100%| E|CS|TAMS 0x000000071cc00000, 0x000000071cc00000| Complete 
| 135|0x000000071ce00000, 0x000000071d000000, 0x000000071d000000|100%| E|CS|TAMS 0x000000071ce00000, 0x000000071ce00000| Complete 
| 166|0x0000000720c00000, 0x0000000720d68040, 0x0000000720e00000| 70%| S|CS|TAMS 0x0000000720c00000, 0x0000000720c00000| Complete 
| 167|0x0000000720e00000, 0x0000000721000000, 0x0000000721000000|100%| E|CS|TAMS 0x0000000720e00000, 0x0000000720e00000| Complete 

Card table byte_map: [0x000001f68b9a0000,0x000001f68c140000] _byte_map_base: 0x000001f688140000

Marking Bits (Prev, Next): (CMBitMap*) 0x000001f684a985f0, (CMBitMap*) 0x000001f684a98630
 Prev Bits: [0x000001f68c8e0000, 0x000001f6905e0000)
 Next Bits: [0x000001f6905e0000, 0x000001f6942e0000)

Polling page: 0x000001f684200000

Metaspace:

Usage:
  Non-class:     74.47 MB used.
      Class:     11.73 MB used.
       Both:     86.20 MB used.

Virtual space:
  Non-class space:       80.00 MB reserved,      74.75 MB ( 93%) committed,  10 nodes.
      Class space:        1.00 GB reserved,      11.94 MB (  1%) committed,  1 nodes.
             Both:        1.08 GB reserved,      86.69 MB (  8%) committed. 

Chunk freelists:
   Non-Class:  1.03 MB
       Class:  15.00 KB
        Both:  1.05 MB

MaxMetaspaceSize: unlimited
CompressedClassSpaceSize: 1.00 GB
Initial GC threshold: 21.00 MB
Current GC threshold: 135.88 MB
CDS: off
MetaspaceReclaimPolicy: balanced
 - commit_granule_bytes: 65536.
 - commit_granule_words: 8192.
 - virtual_space_node_default_size: 1048576.
 - enlarge_chunks_in_place: 1.
 - new_chunks_are_fully_committed: 0.
 - uncommit_free_chunks: 1.
 - use_allocation_guard: 0.
 - handle_deallocations: 1.


Internal statistics:

num_allocs_failed_limit: 9.
num_arena_births: 860.
num_arena_deaths: 202.
num_vsnodes_births: 11.
num_vsnodes_deaths: 0.
num_space_committed: 1387.
num_space_uncommitted: 0.
num_chunks_returned_to_freelist: 263.
num_chunks_taken_from_freelist: 4010.
num_chunk_merges: 81.
num_chunk_splits: 2650.
num_chunks_enlarged: 1993.
num_purges: 2.
num_inconsistent_stats: 0.

CodeCache: size=49152Kb used=19154Kb max_used=20139Kb free=29997Kb
 bounds [0x000001f6880e0000, 0x000001f689490000, 0x000001f68b0e0000]
 total_blobs=11397 nmethods=10723 adapters=599
 compilation: enabled
              stopped_count=0, restarted_count=0
 full_count=0

Compilation events (20 events):
Event: 332.262 Thread 0x000001f697889f90 10864       1       org.hibernate.engine.internal.EntityEntryContext$ManagedEntityImpl::$$_hibernate_setNextManagedEntity (6 bytes)
Event: 332.262 Thread 0x000001f697889f90 nmethod 10864 0x000001f689346990 code [0x000001f689346b20, 0x000001f689346c38]
Event: 332.262 Thread 0x000001f697889f90 10862       1       org.hibernate.persister.entity.AbstractEntityPersister::isMutable (8 bytes)
Event: 332.262 Thread 0x000001f697889f90 nmethod 10862 0x000001f689346690 code [0x000001f689346820, 0x000001f6893468f8]
Event: 332.262 Thread 0x000001f697889f90 10863       1       org.springframework.transaction.support.DefaultTransactionStatus::hasTransaction (13 bytes)
Event: 332.262 Thread 0x000001f697889f90 nmethod 10863 0x000001f689346390 code [0x000001f689346520, 0x000001f6893465f8]
Event: 338.605 Thread 0x000001f697889f90 10865       1       org.apache.coyote.http11.AbstractHttp11Protocol::getMaxSwallowSize (5 bytes)
Event: 338.606 Thread 0x000001f697889f90 nmethod 10865 0x000001f689346090 code [0x000001f689346220, 0x000001f6893462f8]
Event: 338.606 Thread 0x000001f697889f90 10866       1       org.apache.tomcat.util.http.parser.TokenList::parseTokenList (47 bytes)
Event: 338.606 Thread 0x000001f697889f90 nmethod 10866 0x000001f689345990 code [0x000001f689345b60, 0x000001f689345ea8]
Event: 338.606 Thread 0x000001f697889f90 10867       1       org.apache.tomcat.util.http.parser.TokenList::parseTokenList (130 bytes)
Event: 338.607 Thread 0x000001f697889f90 nmethod 10867 0x000001f689345010 code [0x000001f689345240, 0x000001f689345698]
Event: 338.607 Thread 0x000001f697889f90 10868       1       com.vaadin.flow.server.VaadinSession::getSession (5 bytes)
Event: 338.607 Thread 0x000001f697889f90 nmethod 10868 0x000001f689344d10 code [0x000001f689344ea0, 0x000001f689344f78]
Event: 371.473 Thread 0x000001f697889f90 10869       1       java.util.LinkedList::get (14 bytes)
Event: 371.474 Thread 0x000001f697889f90 nmethod 10869 0x000001f689344810 code [0x000001f6893449c0, 0x000001f689344bc8]
Event: 371.474 Thread 0x000001f697889f90 10870       1       java.util.LinkedList::checkElementIndex (22 bytes)
Event: 371.475 Thread 0x000001f697889f90 nmethod 10870 0x000001f689344110 code [0x000001f689344300, 0x000001f689344608]
Event: 378.366 Thread 0x000001f697889f90 10871   !   1       org.apache.catalina.core.ContainerBase::findChildren (42 bytes)
Event: 378.367 Thread 0x000001f697889f90 nmethod 10871 0x000001f689343a10 code [0x000001f689343be0, 0x000001f689343f38]

GC Heap History (20 events):
Event: 10.458 GC heap before
{Heap before GC invocations=26 (full 0):
 garbage-first heap   total 344064K, used 129591K [0x000000070c000000, 0x0000000800000000)
  region size 2048K, 37 young (75776K), 5 survivors (10240K)
 Metaspace       used 60304K, committed 60608K, reserved 1105920K
  class space    used 7985K, committed 8128K, reserved 1048576K
}
Event: 10.466 GC heap after
{Heap after GC invocations=27 (full 0):
 garbage-first heap   total 344064K, used 67652K [0x000000070c000000, 0x0000000800000000)
  region size 2048K, 5 young (10240K), 5 survivors (10240K)
 Metaspace       used 60304K, committed 60608K, reserved 1105920K
  class space    used 7985K, committed 8128K, reserved 1048576K
}
Event: 12.190 GC heap before
{Heap before GC invocations=28 (full 0):
 garbage-first heap   total 245760K, used 204868K [0x000000070c000000, 0x0000000800000000)
  region size 2048K, 72 young (147456K), 5 survivors (10240K)
 Metaspace       used 68512K, committed 68928K, reserved 1114112K
  class space    used 9222K, committed 9408K, reserved 1048576K
}
Event: 12.200 GC heap after
{Heap after GC invocations=29 (full 0):
 garbage-first heap   total 245760K, used 70667K [0x000000070c000000, 0x0000000800000000)
  region size 2048K, 6 young (12288K), 6 survivors (12288K)
 Metaspace       used 68512K, committed 68928K, reserved 1114112K
  class space    used 9222K, committed 9408K, reserved 1048576K
}
Event: 12.231 GC heap before
{Heap before GC invocations=29 (full 0):
 garbage-first heap   total 245760K, used 72715K [0x000000070c000000, 0x0000000800000000)
  region size 2048K, 7 young (14336K), 6 survivors (12288K)
 Metaspace       used 68718K, committed 69120K, reserved 1114112K
  class space    used 9250K, committed 9408K, reserved 1048576K
}
Event: 12.241 GC heap after
{Heap after GC invocations=30 (full 0):
 garbage-first heap   total 245760K, used 71947K [0x000000070c000000, 0x0000000800000000)
  region size 2048K, 1 young (2048K), 1 survivors (2048K)
 Metaspace       used 68718K, committed 69120K, reserved 1114112K
  class space    used 9250K, committed 9408K, reserved 1048576K
}
Event: 13.048 GC heap before
{Heap before GC invocations=30 (full 0):
 garbage-first heap   total 245760K, used 207115K [0x000000070c000000, 0x0000000800000000)
  region size 2048K, 67 young (137216K), 1 survivors (2048K)
 Metaspace       used 70224K, committed 70656K, reserved 1114112K
  class space    used 9451K, committed 9664K, reserved 1048576K
}
Event: 13.051 GC heap after
{Heap after GC invocations=31 (full 0):
 garbage-first heap   total 245760K, used 72570K [0x000000070c000000, 0x0000000800000000)
  region size 2048K, 2 young (4096K), 2 survivors (4096K)
 Metaspace       used 70224K, committed 70656K, reserved 1114112K
  class space    used 9451K, committed 9664K, reserved 1048576K
}
Event: 14.107 GC heap before
{Heap before GC invocations=31 (full 0):
 garbage-first heap   total 245760K, used 205690K [0x000000070c000000, 0x0000000800000000)
  region size 2048K, 67 young (137216K), 2 survivors (4096K)
 Metaspace       used 73302K, committed 73856K, reserved 1114112K
  class space    used 9833K, committed 10112K, reserved 1048576K
}
Event: 14.113 GC heap after
{Heap after GC invocations=32 (full 0):
 garbage-first heap   total 245760K, used 76746K [0x000000070c000000, 0x0000000800000000)
  region size 2048K, 4 young (8192K), 4 survivors (8192K)
 Metaspace       used 73302K, committed 73856K, reserved 1114112K
  class space    used 9833K, committed 10112K, reserved 1048576K
}
Event: 190.007 GC heap before
{Heap before GC invocations=32 (full 0):
 garbage-first heap   total 245760K, used 224202K [0x000000070c000000, 0x0000000800000000)
  region size 2048K, 66 young (135168K), 4 survivors (8192K)
 Metaspace       used 82881K, committed 83456K, reserved 1122304K
  class space    used 11121K, committed 11392K, reserved 1048576K
}
Event: 190.015 GC heap after
{Heap after GC invocations=33 (full 0):
 garbage-first heap   total 245760K, used 91585K [0x000000070c000000, 0x0000000800000000)
  region size 2048K, 6 young (12288K), 6 survivors (12288K)
 Metaspace       used 82881K, committed 83456K, reserved 1122304K
  class space    used 11121K, committed 11392K, reserved 1048576K
}
Event: 190.034 GC heap before
{Heap before GC invocations=33 (full 0):
 garbage-first heap   total 245760K, used 110017K [0x000000070c000000, 0x0000000800000000)
  region size 2048K, 7 young (14336K), 6 survivors (12288K)
 Metaspace       used 82890K, committed 83456K, reserved 1122304K
  class space    used 11121K, committed 11392K, reserved 1048576K
}
Event: 190.041 GC heap after
{Heap after GC invocations=34 (full 0):
 garbage-first heap   total 245760K, used 99993K [0x000000070c000000, 0x0000000800000000)
  region size 2048K, 3 young (6144K), 3 survivors (6144K)
 Metaspace       used 82890K, committed 83456K, reserved 1122304K
  class space    used 11121K, committed 11392K, reserved 1048576K
}
Event: 190.051 GC heap before
{Heap before GC invocations=34 (full 0):
 garbage-first heap   total 245760K, used 134809K [0x000000070c000000, 0x0000000800000000)
  region size 2048K, 4 young (8192K), 3 survivors (6144K)
 Metaspace       used 82890K, committed 83456K, reserved 1122304K
  class space    used 11121K, committed 11392K, reserved 1048576K
}
Event: 190.054 GC heap after
{Heap after GC invocations=35 (full 0):
 garbage-first heap   total 245760K, used 116094K [0x000000070c000000, 0x0000000800000000)
  region size 2048K, 3 young (6144K), 3 survivors (6144K)
 Metaspace       used 82890K, committed 83456K, reserved 1122304K
  class space    used 11121K, committed 11392K, reserved 1048576K
}
Event: 194.688 GC heap before
{Heap before GC invocations=36 (full 0):
 garbage-first heap   total 253952K, used 238974K [0x000000070c000000, 0x0000000800000000)
  region size 2048K, 39 young (79872K), 3 survivors (6144K)
 Metaspace       used 85346K, committed 85824K, reserved 1130496K
  class space    used 11477K, committed 11712K, reserved 1048576K
}
Event: 194.694 GC heap after
{Heap after GC invocations=37 (full 0):
 garbage-first heap   total 260096K, used 92954K [0x000000070c000000, 0x0000000800000000)
  region size 2048K, 7 young (14336K), 7 survivors (14336K)
 Metaspace       used 85346K, committed 85824K, reserved 1130496K
  class space    used 11477K, committed 11712K, reserved 1048576K
}
Event: 196.827 GC heap before
{Heap before GC invocations=37 (full 0):
 garbage-first heap   total 260096K, used 92954K [0x000000070c000000, 0x0000000800000000)
  region size 2048K, 8 young (16384K), 7 survivors (14336K)
 Metaspace       used 85428K, committed 85888K, reserved 1130496K
  class space    used 11485K, committed 11712K, reserved 1048576K
}
Event: 196.834 GC heap after
{Heap after GC invocations=38 (full 0):
 garbage-first heap   total 260096K, used 74800K [0x000000070c000000, 0x0000000800000000)
  region size 2048K, 1 young (2048K), 1 survivors (2048K)
 Metaspace       used 85428K, committed 85888K, reserved 1130496K
  class space    used 11485K, committed 11712K, reserved 1048576K
}

Deoptimization events (20 events):
Event: 315.180 Thread 0x000001f6a5be33a0 DEOPT PACKING pc=0x000001f68852ea8c sp=0x0000008af40fd670
Event: 315.180 Thread 0x000001f6a5be33a0 DEOPT UNPACKING pc=0x000001f688132b43 sp=0x0000008af40fcbd8 mode 1
Event: 315.181 Thread 0x000001f6a5be33a0 DEOPT PACKING pc=0x000001f68852ea8c sp=0x0000008af40fd670
Event: 315.181 Thread 0x000001f6a5be33a0 DEOPT UNPACKING pc=0x000001f688132b43 sp=0x0000008af40fcbd8 mode 1
Event: 372.950 Thread 0x000001f6a5be33a0 DEOPT PACKING pc=0x000001f688e75c5c sp=0x0000008af40fdbd0
Event: 372.950 Thread 0x000001f6a5be33a0 DEOPT UNPACKING pc=0x000001f688132b43 sp=0x0000008af40fd138 mode 1
Event: 372.951 Thread 0x000001f6a5be33a0 DEOPT PACKING pc=0x000001f68852ea8c sp=0x0000008af40fdc40
Event: 372.951 Thread 0x000001f6a5be33a0 DEOPT UNPACKING pc=0x000001f688132b43 sp=0x0000008af40fd1a8 mode 1
Event: 372.951 Thread 0x000001f6a5be33a0 DEOPT PACKING pc=0x000001f68852ea8c sp=0x0000008af40fdc40
Event: 372.951 Thread 0x000001f6a5be33a0 DEOPT UNPACKING pc=0x000001f688132b43 sp=0x0000008af40fd1a8 mode 1
Event: 372.951 Thread 0x000001f6a5be33a0 DEOPT PACKING pc=0x000001f68852ea8c sp=0x0000008af40fdc40
Event: 372.951 Thread 0x000001f6a5be33a0 DEOPT UNPACKING pc=0x000001f688132b43 sp=0x0000008af40fd1a8 mode 1
Event: 372.951 Thread 0x000001f6a5be33a0 DEOPT PACKING pc=0x000001f68852ea8c sp=0x0000008af40fdc40
Event: 372.951 Thread 0x000001f6a5be33a0 DEOPT UNPACKING pc=0x000001f688132b43 sp=0x0000008af40fd1a8 mode 1
Event: 372.951 Thread 0x000001f6a5be33a0 DEOPT PACKING pc=0x000001f68852ea8c sp=0x0000008af40fdc40
Event: 372.951 Thread 0x000001f6a5be33a0 DEOPT UNPACKING pc=0x000001f688132b43 sp=0x0000008af40fd1a8 mode 1
Event: 372.951 Thread 0x000001f6a5be33a0 DEOPT PACKING pc=0x000001f68852ea8c sp=0x0000008af40fdc40
Event: 372.951 Thread 0x000001f6a5be33a0 DEOPT UNPACKING pc=0x000001f688132b43 sp=0x0000008af40fd1a8 mode 1
Event: 372.951 Thread 0x000001f6a5be33a0 DEOPT PACKING pc=0x000001f68852ea8c sp=0x0000008af40fdc40
Event: 372.951 Thread 0x000001f6a5be33a0 DEOPT UNPACKING pc=0x000001f688132b43 sp=0x0000008af40fd1a8 mode 1

Classes unloaded (20 events):
Event: 190.090 Thread 0x000001f69780c250 Unloading class 0x000000080010f000 'java/lang/invoke/LambdaForm$MH+0x000000080010f000'
Event: 190.090 Thread 0x000001f69780c250 Unloading class 0x000000080010a000 'jdk/internal/reflect/GeneratedSerializationConstructorAccessor3'
Event: 190.090 Thread 0x000001f69780c250 Unloading class 0x0000000800109c00 'jdk/internal/reflect/GeneratedSerializationConstructorAccessor2'
Event: 190.090 Thread 0x000001f69780c250 Unloading class 0x0000000800109800 'jdk/internal/reflect/GeneratedSerializationConstructorAccessor1'
Event: 190.090 Thread 0x000001f69780c250 Unloading class 0x0000000800109000 'java/lang/invoke/LambdaForm$DMH+0x0000000800109000'
Event: 190.090 Thread 0x000001f69780c250 Unloading class 0x0000000800108800 'java/lang/invoke/LambdaForm$DMH+0x0000000800108800'
Event: 190.090 Thread 0x000001f69780c250 Unloading class 0x0000000800107c00 'jdk/internal/reflect/GeneratedConstructorAccessor1'
Event: 190.090 Thread 0x000001f69780c250 Unloading class 0x0000000800107000 'java/lang/invoke/LambdaForm$MH+0x0000000800107000'
Event: 190.090 Thread 0x000001f69780c250 Unloading class 0x0000000800106c00 'java/lang/invoke/LambdaForm$MH+0x0000000800106c00'
Event: 190.090 Thread 0x000001f69780c250 Unloading class 0x0000000800106800 'java/lang/invoke/LambdaForm$MH+0x0000000800106800'
Event: 190.090 Thread 0x000001f69780c250 Unloading class 0x0000000800106400 'java/lang/invoke/LambdaForm$MH+0x0000000800106400'
Event: 190.090 Thread 0x000001f69780c250 Unloading class 0x0000000800106000 'java/lang/invoke/LambdaForm$MH+0x0000000800106000'
Event: 190.090 Thread 0x000001f69780c250 Unloading class 0x0000000800105c00 'java/lang/invoke/LambdaForm$MH+0x0000000800105c00'
Event: 190.090 Thread 0x000001f69780c250 Unloading class 0x0000000800104c00 'java/lang/invoke/LambdaForm$MH+0x0000000800104c00'
Event: 190.090 Thread 0x000001f69780c250 Unloading class 0x0000000800104800 'java/lang/invoke/LambdaForm$MH+0x0000000800104800'
Event: 190.090 Thread 0x000001f69780c250 Unloading class 0x0000000800104000 'java/lang/invoke/LambdaForm$MH+0x0000000800104000'
Event: 190.090 Thread 0x000001f69780c250 Unloading class 0x0000000800103400 'java/lang/invoke/LambdaForm$MH+0x0000000800103400'
Event: 190.090 Thread 0x000001f69780c250 Unloading class 0x0000000800102c00 'java/lang/invoke/LambdaForm$MH+0x0000000800102c00'
Event: 190.090 Thread 0x000001f69780c250 Unloading class 0x0000000800102400 'java/lang/invoke/LambdaForm$MH+0x0000000800102400'
Event: 190.090 Thread 0x000001f69780c250 Unloading class 0x0000000800101c00 'java/lang/invoke/LambdaForm$MH+0x0000000800101c00'

Classes redefined (2 events):
Event: 380.000 Thread 0x000001f69780c250 redefined class name=io.graphenee.vaadin.flow.base.GxAbstractEntityList, count=1
Event: 380.000 Thread 0x000001f69780c250 redefined class name=io.graphenee.vaadin.flow.base.GxAbstractEntityList$1, count=1

Internal exceptions (20 events):
Event: 196.912 Thread 0x000001f69bf04870 Exception <a 'java/lang/NoSuchMethodError'{0x000000071c860790}: 'int java.lang.invoke.DirectMethodHandle$Holder.invokeVirtual(java.lang.Object, java.lang.Object, java.lang.Object, java.lang.Object)'> (0x000000071c860790) 
thrown [e:\jenkins\tmp\workspace\build\src\src\hotspot\share\interpreter\linkResolver.cpp, line 766]
Event: 196.962 Thread 0x000001f69bf04870 Exception <a 'java/lang/NoSuchMethodError'{0x000000071af31028}: 'void java.lang.invoke.DirectMethodHandle$Holder.invokeSpecialIFC(java.lang.Object, java.lang.Object, java.lang.Object)'> (0x000000071af31028) 
thrown [e:\jenkins\tmp\workspace\build\src\src\hotspot\share\interpreter\linkResolver.cpp, line 766]
Event: 204.654 Thread 0x000001f69bf03060 Exception <a 'java/lang/ClassNotFoundException'{0x000000071a10be38}: io/graphenee/core/model/bean/GxUserAccountBeanBeanInfo> (0x000000071a10be38) 
thrown [e:\jenkins\tmp\workspace\build\src\src\hotspot\share\classfile\systemDictionary.cpp, line 256]
Event: 204.655 Thread 0x000001f69bf03060 Exception <a 'java/lang/ClassNotFoundException'{0x000000071a1155d0}: io/graphenee/core/model/bean/GxUserAccountBeanCustomizer> (0x000000071a1155d0) 
thrown [e:\jenkins\tmp\workspace\build\src\src\hotspot\share\classfile\systemDictionary.cpp, line 256]
Event: 207.217 Thread 0x000001f69bf06ef0 Exception <a 'java/lang/NoSuchMethodError'{0x000000071916b890}: 'java.lang.Object java.lang.invoke.DirectMethodHandle$Holder.newInvokeSpecial(java.lang.Object, java.lang.Object, java.lang.Object, int, java.lang.Object, java.lang.Object)'> (0x000000071916b890) 
thrown [e:\jenkins\tmp\workspace\build\src\src\hotspot\share\interpreter\linkResolver.cpp, line 766]
Event: 207.232 Thread 0x000001f69bf06ef0 Exception <a 'java/lang/NoSuchMethodError'{0x0000000718ea9560}: 'org.slf4j.impl.StaticMarkerBinder org.slf4j.impl.StaticMarkerBinder.getSingleton()'> (0x0000000718ea9560) 
thrown [e:\jenkins\tmp\workspace\build\src\src\hotspot\share\interpreter\linkResolver.cpp, line 766]
Event: 207.256 Thread 0x000001f69bf06ef0 Exception <a 'java/lang/ClassNotFoundException'{0x0000000718cd5a00}: io/graphenee/core/model/BeanCollectionFaultBeanInfo> (0x0000000718cd5a00) 
thrown [e:\jenkins\tmp\workspace\build\src\src\hotspot\share\classfile\systemDictionary.cpp, line 256]
Event: 207.257 Thread 0x000001f69bf06ef0 Exception <a 'java/lang/ClassNotFoundException'{0x0000000718cde648}: io/graphenee/core/model/BeanCollectionFaultCustomizer> (0x0000000718cde648) 
thrown [e:\jenkins\tmp\workspace\build\src\src\hotspot\share\classfile\systemDictionary.cpp, line 256]
Event: 207.261 Thread 0x000001f69bf06ef0 Exception <a 'java/lang/ClassNotFoundException'{0x0000000718d23830}: io/graphenee/core/model/BeanFaultBeanInfo> (0x0000000718d23830) 
thrown [e:\jenkins\tmp\workspace\build\src\src\hotspot\share\classfile\systemDictionary.cpp, line 256]
Event: 207.262 Thread 0x000001f69bf06ef0 Exception <a 'java/lang/ClassNotFoundException'{0x0000000718d2bf20}: io/graphenee/core/model/BeanFaultCustomizer> (0x0000000718d2bf20) 
thrown [e:\jenkins\tmp\workspace\build\src\src\hotspot\share\classfile\systemDictionary.cpp, line 256]
Event: 207.278 Thread 0x000001f69bf06ef0 Exception <a 'java/lang/NoSuchMethodError'{0x0000000718acae38}: 'java.lang.Object java.lang.invoke.Invokers$Holder.invoker(java.lang.Object, java.lang.Object, java.lang.Object)'> (0x0000000718acae38) 
thrown [e:\jenkins\tmp\workspace\build\src\src\hotspot\share\interpreter\linkResolver.cpp, line 766]
Event: 207.278 Thread 0x000001f69bf06ef0 Exception <a 'java/lang/NoSuchMethodError'{0x0000000718ad4868}: 'java.lang.Object java.lang.invoke.Invokers$Holder.invokeExact_MT(java.lang.Object, java.lang.Object, java.lang.Object, java.lang.Object)'> (0x0000000718ad4868) 
thrown [e:\jenkins\tmp\workspace\build\src\src\hotspot\share\interpreter\linkResolver.cpp, line 766]
Event: 209.041 Thread 0x000001f69bf07d60 Exception <a 'java/lang/IncompatibleClassChangeError'{0x000000071824d718}: Found class java.lang.Object, but interface was expected> (0x000000071824d718) 
thrown [e:\jenkins\tmp\workspace\build\src\src\hotspot\share\interpreter\linkResolver.cpp, line 833]
Event: 209.066 Thread 0x000001f69bf07d60 Exception <a 'java/lang/ClassNotFoundException'{0x000000071836d888}: java/lang/ObjectCustomizer> (0x000000071836d888) 
thrown [e:\jenkins\tmp\workspace\build\src\src\hotspot\share\classfile\systemDictionary.cpp, line 256]
Event: 209.067 Thread 0x000001f69bf07d60 Exception <a 'java/lang/ClassNotFoundException'{0x000000071837c038}: io/graphenee/core/model/entity/GxUserAccountCustomizer> (0x000000071837c038) 
thrown [e:\jenkins\tmp\workspace\build\src\src\hotspot\share\classfile\systemDictionary.cpp, line 256]
Event: 209.073 Thread 0x000001f69bf07d60 Exception <a 'java/lang/ClassNotFoundException'{0x000000071800d978}: java/lang/ObjectCustomizer> (0x000000071800d978) 
thrown [e:\jenkins\tmp\workspace\build\src\src\hotspot\share\classfile\systemDictionary.cpp, line 256]
Event: 209.074 Thread 0x000001f69bf07d60 Exception <a 'java/lang/ClassNotFoundException'{0x000000071801b2f8}: io/graphenee/core/model/GxMappedSuperclassCustomizer> (0x000000071801b2f8) 
thrown [e:\jenkins\tmp\workspace\build\src\src\hotspot\share\classfile\systemDictionary.cpp, line 256]
Event: 209.075 Thread 0x000001f69bf07d60 Exception <a 'java/lang/ClassNotFoundException'{0x0000000718026ba8}: io/graphenee/core/model/entity/GxPasswordHistoryCustomizer> (0x0000000718026ba8) 
thrown [e:\jenkins\tmp\workspace\build\src\src\hotspot\share\classfile\systemDictionary.cpp, line 256]
Event: 285.098 Thread 0x000001f69bf07d60 Exception <a 'java/lang/NoClassDefFoundError'{0x0000000716d3b618}: sun/reflect/Reflection> (0x0000000716d3b618) 
thrown [e:\jenkins\tmp\workspace\build\src\src\hotspot\share\classfile\systemDictionary.cpp, line 245]
Event: 315.181 Thread 0x000001f6a5be33a0 Exception <a 'java/lang/NoSuchMethodError'{0x0000000715f336d0}: static [B.<clinit>()V> (0x0000000715f336d0) 
thrown [e:\jenkins\tmp\workspace\build\src\src\hotspot\share\prims\jni.cpp, line 1107]

VM Operations (20 events):
Event: 332.466 Executing VM operation: get/set locals
Event: 332.466 Executing VM operation: get/set locals done
Event: 332.467 Executing VM operation: get/set locals
Event: 332.467 Executing VM operation: get/set locals done
Event: 332.467 Executing VM operation: get/set locals
Event: 332.467 Executing VM operation: get/set locals done
Event: 332.468 Executing VM operation: get/set locals
Event: 332.468 Executing VM operation: get/set locals done
Event: 332.468 Executing VM operation: get/set locals
Event: 332.468 Executing VM operation: get/set locals done
Event: 336.324 Executing VM operation: ChangeBreakpoints
Event: 336.327 Executing VM operation: ChangeBreakpoints done
Event: 338.608 Executing VM operation: GetObjectMonitorUsage
Event: 338.608 Executing VM operation: GetObjectMonitorUsage done
Event: 338.608 Executing VM operation: GetObjectMonitorUsage
Event: 338.608 Executing VM operation: GetObjectMonitorUsage done
Event: 371.922 Executing VM operation: Cleanup
Event: 371.922 Executing VM operation: Cleanup done
Event: 379.991 Executing VM operation: RedefineClasses
Event: 380.019 Executing VM operation: RedefineClasses done

Events (20 events):
Event: 285.098 loading class sun/reflect/Reflection
Event: 285.098 loading class sun/reflect/Reflection done
Event: 285.104 Thread 0x000001f6a5be8a40 Thread added: 0x000001f6a5be8a40
Event: 292.543 Thread 0x000001f6a5be4210 Thread added: 0x000001f6a5be4210
Event: 297.525 Thread 0x000001f6a24cb1a0 Thread added: 0x000001f6a24cb1a0
Event: 297.531 Thread 0x000001f6a5be5a20 Thread added: 0x000001f6a5be5a20
Event: 299.937 Thread 0x000001f6a5be7bd0 Thread exited: 0x000001f6a5be7bd0
Event: 302.783 Thread 0x000001f6a5be2ed0 Thread exited: 0x000001f6a5be2ed0
Event: 306.085 Thread 0x000001f6a24cb1a0 Thread exited: 0x000001f6a24cb1a0
Event: 314.166 Thread 0x000001f6a5be93e0 Thread exited: 0x000001f6a5be93e0
Event: 314.719 Thread 0x000001f6a5be46e0 Thread exited: 0x000001f6a5be46e0
Event: 314.719 Thread 0x000001f6a5be7bd0 Thread added: 0x000001f6a5be7bd0
Event: 315.212 Thread 0x000001f6a5be8a40 Thread exited: 0x000001f6a5be8a40
Event: 322.656 Thread 0x000001f6a5be4210 Thread exited: 0x000001f6a5be4210
Event: 327.646 Thread 0x000001f6a5be5a20 Thread exited: 0x000001f6a5be5a20
Event: 344.723 Thread 0x000001f6a5be3870 Thread added: 0x000001f6a5be3870
Event: 344.724 Thread 0x000001f6a5be7bd0 Thread exited: 0x000001f6a5be7bd0
Event: 357.652 Thread 0x000001f6a5be7230 Thread exited: 0x000001f6a5be7230
Event: 374.724 Thread 0x000001f6a5be8a40 Thread added: 0x000001f6a5be8a40
Event: 374.739 Thread 0x000001f6a5be3870 Thread exited: 0x000001f6a5be3870


Dynamic libraries:
0x00007ff734a90000 - 0x00007ff734a9e000 	D:\sts-4.14.0.RELEASE\plugins\org.eclipse.justj.openjdk.hotspot.jre.full.win32.x86_64_17.0.2.v20220201-1208\jre\bin\javaw.exe
0x00007ffca8ef0000 - 0x00007ffca90e8000 	C:\WINDOWS\SYSTEM32\ntdll.dll
0x00007ffca7dd0000 - 0x00007ffca7e8d000 	C:\WINDOWS\System32\KERNEL32.DLL
0x00007ffca6bf0000 - 0x00007ffca6ebe000 	C:\WINDOWS\System32\KERNELBASE.dll
0x00007ffca69e0000 - 0x00007ffca6ae0000 	C:\WINDOWS\System32\ucrtbase.dll
0x00007ffca2030000 - 0x00007ffca2048000 	D:\sts-4.14.0.RELEASE\plugins\org.eclipse.justj.openjdk.hotspot.jre.full.win32.x86_64_17.0.2.v20220201-1208\jre\bin\jli.dll
0x00007ffc8eee0000 - 0x00007ffc8eef9000 	D:\sts-4.14.0.RELEASE\plugins\org.eclipse.justj.openjdk.hotspot.jre.full.win32.x86_64_17.0.2.v20220201-1208\jre\bin\VCRUNTIME140.dll
0x00007ffca8d10000 - 0x00007ffca8eb0000 	C:\WINDOWS\System32\USER32.dll
0x00007ffca68d0000 - 0x00007ffca68f2000 	C:\WINDOWS\System32\win32u.dll
0x00007ffc8cfe0000 - 0x00007ffc8d27a000 	C:\WINDOWS\WinSxS\amd64_microsoft.windows.common-controls_6595b64144ccf1df_6.0.19041.1110_none_60b5254171f9507e\COMCTL32.dll
0x00007ffca8b20000 - 0x00007ffca8b4a000 	C:\WINDOWS\System32\GDI32.dll
0x00007ffca71f0000 - 0x00007ffca728e000 	C:\WINDOWS\System32\msvcrt.dll
0x00007ffca6ae0000 - 0x00007ffca6beb000 	C:\WINDOWS\System32\gdi32full.dll
0x00007ffca6610000 - 0x00007ffca66ad000 	C:\WINDOWS\System32\msvcp_win.dll
0x00007ffca8380000 - 0x00007ffca83b0000 	C:\WINDOWS\System32\IMM32.DLL
0x00007ffca3e00000 - 0x00007ffca3e0c000 	D:\sts-4.14.0.RELEASE\plugins\org.eclipse.justj.openjdk.hotspot.jre.full.win32.x86_64_17.0.2.v20220201-1208\jre\bin\vcruntime140_1.dll
0x00007ffc71340000 - 0x00007ffc713d1000 	D:\sts-4.14.0.RELEASE\plugins\org.eclipse.justj.openjdk.hotspot.jre.full.win32.x86_64_17.0.2.v20220201-1208\jre\bin\msvcp140.dll
0x00007ffc227d0000 - 0x00007ffc23417000 	D:\sts-4.14.0.RELEASE\plugins\org.eclipse.justj.openjdk.hotspot.jre.full.win32.x86_64_17.0.2.v20220201-1208\jre\bin\server\jvm.dll
0x00007ffca7030000 - 0x00007ffca70de000 	C:\WINDOWS\System32\ADVAPI32.dll
0x00007ffca8c70000 - 0x00007ffca8d0c000 	C:\WINDOWS\System32\sechost.dll
0x00007ffca7290000 - 0x00007ffca73b5000 	C:\WINDOWS\System32\RPCRT4.dll
0x00007ffca7100000 - 0x00007ffca7108000 	C:\WINDOWS\System32\PSAPI.DLL
0x00007ffc8c130000 - 0x00007ffc8c139000 	C:\WINDOWS\SYSTEM32\WSOCK32.dll
0x00007ffc96af0000 - 0x00007ffc96b17000 	C:\WINDOWS\SYSTEM32\WINMM.dll
0x00007ffca1100000 - 0x00007ffca110a000 	C:\WINDOWS\SYSTEM32\VERSION.dll
0x00007ffca84d0000 - 0x00007ffca853b000 	C:\WINDOWS\System32\WS2_32.dll
0x00007ffca44d0000 - 0x00007ffca44e2000 	C:\WINDOWS\SYSTEM32\kernel.appcore.dll
0x00007ffca2120000 - 0x00007ffca212a000 	D:\sts-4.14.0.RELEASE\plugins\org.eclipse.justj.openjdk.hotspot.jre.full.win32.x86_64_17.0.2.v20220201-1208\jre\bin\jimage.dll
0x00007ffc98370000 - 0x00007ffc98554000 	C:\WINDOWS\SYSTEM32\DBGHELP.DLL
0x00007ffc96ac0000 - 0x00007ffc96aec000 	C:\WINDOWS\SYSTEM32\dbgcore.DLL
0x00007ffca6ec0000 - 0x00007ffca6f42000 	C:\WINDOWS\System32\bcryptPrimitives.dll
0x00007ffc803a0000 - 0x00007ffc803db000 	D:\sts-4.14.0.RELEASE\plugins\org.eclipse.justj.openjdk.hotspot.jre.full.win32.x86_64_17.0.2.v20220201-1208\jre\bin\jdwp.dll
0x00007ffca2080000 - 0x00007ffca208e000 	D:\sts-4.14.0.RELEASE\plugins\org.eclipse.justj.openjdk.hotspot.jre.full.win32.x86_64_17.0.2.v20220201-1208\jre\bin\instrument.dll
0x00007ffca1320000 - 0x00007ffca1345000 	D:\sts-4.14.0.RELEASE\plugins\org.eclipse.justj.openjdk.hotspot.jre.full.win32.x86_64_17.0.2.v20220201-1208\jre\bin\java.dll
0x00007ffc9f6c0000 - 0x00007ffc9f6d8000 	D:\sts-4.14.0.RELEASE\plugins\org.eclipse.justj.openjdk.hotspot.jre.full.win32.x86_64_17.0.2.v20220201-1208\jre\bin\zip.dll
0x00007ffca73c0000 - 0x00007ffca7b04000 	C:\WINDOWS\System32\SHELL32.dll
0x00007ffca46d0000 - 0x00007ffca4e64000 	C:\WINDOWS\SYSTEM32\windows.storage.dll
0x00007ffca7e90000 - 0x00007ffca81e4000 	C:\WINDOWS\System32\combase.dll
0x00007ffca5f40000 - 0x00007ffca5f70000 	C:\WINDOWS\SYSTEM32\Wldp.dll
0x00007ffca8bb0000 - 0x00007ffca8c5d000 	C:\WINDOWS\System32\SHCORE.dll
0x00007ffca81f0000 - 0x00007ffca8245000 	C:\WINDOWS\System32\shlwapi.dll
0x00007ffca6550000 - 0x00007ffca656f000 	C:\WINDOWS\SYSTEM32\profapi.dll
0x00007ffc8ed30000 - 0x00007ffc8ed3c000 	D:\sts-4.14.0.RELEASE\plugins\org.eclipse.justj.openjdk.hotspot.jre.full.win32.x86_64_17.0.2.v20220201-1208\jre\bin\dt_socket.dll
0x00007ffca5a10000 - 0x00007ffca5a4b000 	C:\WINDOWS\SYSTEM32\IPHLPAPI.DLL
0x00007ffca5d00000 - 0x00007ffca5d6a000 	C:\WINDOWS\system32\mswsock.dll
0x00007ffca5a50000 - 0x00007ffca5b1a000 	C:\WINDOWS\SYSTEM32\DNSAPI.dll
0x00007ffca8c60000 - 0x00007ffca8c68000 	C:\WINDOWS\System32\NSI.dll
0x00007ffc95ff0000 - 0x00007ffc95ffa000 	C:\Windows\System32\rasadhlp.dll
0x00007ffc972e0000 - 0x00007ffc97360000 	C:\WINDOWS\System32\fwpuclnt.dll
0x00007ffca69b0000 - 0x00007ffca69d7000 	C:\WINDOWS\System32\bcrypt.dll
0x00007ffc8ee90000 - 0x00007ffc8eea9000 	D:\sts-4.14.0.RELEASE\plugins\org.eclipse.justj.openjdk.hotspot.jre.full.win32.x86_64_17.0.2.v20220201-1208\jre\bin\net.dll
0x00007ffc975c0000 - 0x00007ffc976ca000 	C:\WINDOWS\SYSTEM32\WINHTTP.dll
0x00007ffc8ee70000 - 0x00007ffc8ee85000 	D:\sts-4.14.0.RELEASE\plugins\org.eclipse.justj.openjdk.hotspot.jre.full.win32.x86_64_17.0.2.v20220201-1208\jre\bin\nio.dll
0x00007ffc9f530000 - 0x00007ffc9f539000 	D:\sts-4.14.0.RELEASE\plugins\org.eclipse.justj.openjdk.hotspot.jre.full.win32.x86_64_17.0.2.v20220201-1208\jre\bin\management.dll
0x00007ffc8ecd0000 - 0x00007ffc8ecdb000 	D:\sts-4.14.0.RELEASE\plugins\org.eclipse.justj.openjdk.hotspot.jre.full.win32.x86_64_17.0.2.v20220201-1208\jre\bin\management_ext.dll
0x00007ffc91660000 - 0x00007ffc91677000 	C:\WINDOWS\system32\napinsp.dll
0x00007ffc8c1f0000 - 0x00007ffc8c20b000 	C:\WINDOWS\system32\pnrpnsp.dll
0x00007ffc97980000 - 0x00007ffc97995000 	C:\WINDOWS\system32\wshbth.dll
0x00007ffca1fc0000 - 0x00007ffca1fdd000 	C:\WINDOWS\system32\NLAapi.dll
0x00007ffc8bff0000 - 0x00007ffc8c002000 	C:\WINDOWS\System32\winrnr.dll
0x00007ffca62d0000 - 0x00007ffca62e8000 	C:\WINDOWS\SYSTEM32\CRYPTSP.dll
0x00007ffca5640000 - 0x00007ffca5674000 	C:\WINDOWS\system32\rsaenh.dll
0x00007ffca6510000 - 0x00007ffca653e000 	C:\WINDOWS\SYSTEM32\USERENV.dll
0x00007ffca5e90000 - 0x00007ffca5e9c000 	C:\WINDOWS\SYSTEM32\CRYPTBASE.dll
0x00007ffc9fd90000 - 0x00007ffc9fda7000 	C:\WINDOWS\SYSTEM32\dhcpcsvc6.DLL
0x00007ffca01b0000 - 0x00007ffca01cd000 	C:\WINDOWS\SYSTEM32\dhcpcsvc.DLL
0x00007ffca2070000 - 0x00007ffca2080000 	D:\sts-4.14.0.RELEASE\plugins\org.eclipse.justj.openjdk.hotspot.jre.full.win32.x86_64_17.0.2.v20220201-1208\jre\bin\verify.dll
0x00007ffca52d0000 - 0x00007ffca5303000 	C:\WINDOWS\SYSTEM32\ntmarta.dll
0x00007ffc8ebd0000 - 0x00007ffc8ebde000 	D:\sts-4.14.0.RELEASE\plugins\org.eclipse.justj.openjdk.hotspot.jre.full.win32.x86_64_17.0.2.v20220201-1208\jre\bin\sunmscapi.dll
0x00007ffca66b0000 - 0x00007ffca6806000 	C:\WINDOWS\System32\CRYPT32.dll
0x00007ffca6000000 - 0x00007ffca6027000 	C:\WINDOWS\SYSTEM32\ncrypt.dll
0x00007ffca5fc0000 - 0x00007ffca5ffb000 	C:\WINDOWS\SYSTEM32\NTASN1.dll
0x00007ffc8eb90000 - 0x00007ffc8eb97000 	C:\WINDOWS\system32\wshunix.dll

dbghelp: loaded successfully - version: 4.0.5 - missing functions: none
symbol engine: initialized successfully - sym options: 0x614 - pdb path: .;D:\sts-4.14.0.RELEASE\plugins\org.eclipse.justj.openjdk.hotspot.jre.full.win32.x86_64_17.0.2.v20220201-1208\jre\bin;C:\WINDOWS\SYSTEM32;C:\WINDOWS\WinSxS\amd64_microsoft.windows.common-controls_6595b64144ccf1df_6.0.19041.1110_none_60b5254171f9507e;D:\sts-4.14.0.RELEASE\plugins\org.eclipse.justj.openjdk.hotspot.jre.full.win32.x86_64_17.0.2.v20220201-1208\jre\bin\server

VM Arguments:
jvm_args: -XX:+ShowCodeDetailsInExceptionMessages -agentlib:jdwp=transport=dt_socket,suspend=y,address=localhost:5505 -Dcom.sun.management.jmxremote -Dcom.sun.management.jmxremote.port=5501 -Dcom.sun.management.jmxremote.authenticate=false -Dcom.sun.management.jmxremote.ssl=false -Djava.rmi.server.hostname=localhost -Dspring.jmx.enabled=true -Dspring.application.admin.enabled=true -XX:TieredStopAtLevel=1 -Dspring.boot.project.name=gx-workshop-flow -javaagent:D:\sts-4.14.0.RELEASE\configuration\org.eclipse.osgi\265\0\.cp\lib\javaagent-shaded.jar -Dfile.encoding=utf8 
java_command: io.graphenee.workshop.FlowApplication --spring.output.ansi.enabled=always
java_class_path (initial): D:\sandbox\graphenee\gx-workshop-flow\target\classes;D:\sandbox\maven-repo\org\springframework\boot\spring-boot-starter\2.3.6.RELEASE\spring-boot-starter-2.3.6.RELEASE.jar;D:\sandbox\maven-repo\org\springframework\boot\spring-boot\2.3.6.RELEASE\spring-boot-2.3.6.RELEASE.jar;D:\sandbox\maven-repo\org\springframework\spring-context\5.2.11.RELEASE\spring-context-5.2.11.RELEASE.jar;D:\sandbox\maven-repo\org\springframework\spring-expression\5.2.11.RELEASE\spring-expression-5.2.11.RELEASE.jar;D:\sandbox\maven-repo\org\springframework\boot\spring-boot-autoconfigure\2.3.6.RELEASE\spring-boot-autoconfigure-2.3.6.RELEASE.jar;D:\sandbox\maven-repo\org\springframework\boot\spring-boot-starter-logging\2.3.6.RELEASE\spring-boot-starter-logging-2.3.6.RELEASE.jar;D:\sandbox\maven-repo\ch\qos\logback\logback-classic\1.2.3\logback-classic-1.2.3.jar;D:\sandbox\maven-repo\ch\qos\logback\logback-core\1.2.3\logback-core-1.2.3.jar;D:\sandbox\maven-repo\org\apache\logging\log4j\log4j-to-slf4j\2.13.3\log4j-to-slf4j-2.13.3.jar;D:\sandbox\maven-repo\org\apache\logging\log4j\log4j-api\2.13.3\log4j-api-2.13.3.jar;D:\sandbox\maven-repo\org\slf4j\jul-to-slf4j\1.7.30\jul-to-slf4j-1.7.30.jar;D:\sandbox\maven-repo\jakarta\annotation\jakarta.annotation-api\1.3.5\jakarta.annotation-api-1.3.5.jar;D:\sandbox\maven-repo\org\springframework\spring-core\5.2.11.RELEASE\spring-core-5.2.11.RELEASE.jar;D:\sandbox\maven-repo\org\springframework\spring-jcl\5.2.11.RELEASE\spring-jcl-5.2.11.RELEASE.jar;D:\sandbox\maven-repo\org\yaml\snakeyaml\1.26\snakeyaml-1.26.jar;D:\sandbox\maven-repo\org\slf4j\slf4j-api\1.7.32\slf4j-api-1.7.32.jar;D:\sandbox\maven-repo\jakarta\xml\bind\jakarta.xml.bind-api\2.3.3\jakarta.xml.bind-api-2.3.3.jar;D:\sandbox\maven-repo\jakarta\activation\jakarta.activation-api\1.2.2\jakarta.activation-api-1.2.2.jar;D:\sandbox\maven-repo\net\bytebuddy\byte-buddy\1.10.18\byte-buddy-1.10.18.jar;D:\sandbox\maven-repo\org\springframework\boot\spring-boot-starter-validation\
Launcher Type: SUN_STANDARD

[Global flags]
     intx CICompilerCount                          = 4                                         {product} {ergonomic}
     uint ConcGCThreads                            = 2                                         {product} {ergonomic}
     uint G1ConcRefinementThreads                  = 8                                         {product} {ergonomic}
   size_t G1HeapRegionSize                         = 2097152                                   {product} {ergonomic}
    uintx GCDrainStackTargetSize                   = 64                                        {product} {ergonomic}
   size_t InitialHeapSize                          = 255852544                                 {product} {ergonomic}
     bool ManagementServer                         = true                                      {product} {command line}
   size_t MarkStackSize                            = 4194304                                   {product} {ergonomic}
   size_t MaxHeapSize                              = 4093640704                                {product} {ergonomic}
   size_t MaxNewSize                               = 2455764992                                {product} {ergonomic}
   size_t MinHeapDeltaBytes                        = 2097152                                   {product} {ergonomic}
   size_t MinHeapSize                              = 8388608                                   {product} {ergonomic}
    uintx NonProfiledCodeHeapSize                  = 0                                      {pd product} {ergonomic}
     bool ProfileInterpreter                       = false                                  {pd product} {command line}
    uintx ProfiledCodeHeapSize                     = 0                                      {pd product} {ergonomic}
     bool ShowCodeDetailsInExceptionMessages       = true                                   {manageable} {command line}
   size_t SoftMaxHeapSize                          = 4093640704                             {manageable} {ergonomic}
     intx TieredStopAtLevel                        = 1                                         {product} {command line}
     bool UseCompressedClassPointers               = true                           {product lp64_product} {ergonomic}
     bool UseCompressedOops                        = true                           {product lp64_product} {ergonomic}
     bool UseG1GC                                  = true                                      {product} {ergonomic}
     bool UseLargePagesIndividualAllocation        = false                                  {pd product} {ergonomic}

Logging:
Log output configuration:
 #0: stdout all=warning uptime,level,tags
 #1: stderr all=off uptime,level,tags

Environment Variables:
JAVA_HOME=C:\Program Files\AdoptOpenJDK\jdk-11.0.8.10-hotspot\
PATH=D:\sts-4.14.0.RELEASE\plugins\org.eclipse.justj.openjdk.hotspot.jre.full.win32.x86_64_17.0.2.v20220201-1208\jre\bin;D:/sts-4.14.0.RELEASE//plugins/org.eclipse.justj.openjdk.hotspot.jre.full.win32.x86_64_17.0.2.v20220201-1208/jre/bin/server;D:/sts-4.14.0.RELEASE//plugins/org.eclipse.justj.openjdk.hotspot.jre.full.win32.x86_64_17.0.2.v20220201-1208/jre/bin;C:\Program Files\AdoptOpenJDK\jdk-11.0.8.10-hotspot\bin;C:\Python39\Scripts\;C:\Python39\;C:\Program Files\AdoptOpenJDK\jdk-11.0.8.10-hotspot\\bin;C:\Windows\System32;C:\Windows;C:\Windows\System32\wbem;C:\Windows\System32\WindowsPowerShell\v1.0\;C:\Windows\System32\OpenSSH\;C:\Program Files (x86)\CrSSL\bin;D:\maven\bin;C:\Program Files\MongoDB\Server\4.4\bin;C:\Program Files\instantclient_19_8;C:\Program Files\Git\cmd;C:\Program Files (x86)\GnuPG\bin;C:\Program Files\Amazon\AWSCLIV2\;D:\flutter\bin;D:\android\sdk\platform-tools;D:\android\sdk\tools\bin;C:\Program Files (x86)\nodejs\;C:\ProgramData\chocolatey\bin;C:\Program Files\Docker\Docker\resources\bin;C:\ProgramData\DockerDesktop\version-bin;C:\Program Files\Go\bin;C:\Users\Fijaz\AppData\Local\Microsoft\WindowsApps;C:\Users\Fijaz\AppData\Local\Programs\Microsoft VS Code\bin;C:\Users\Fijaz\AppData\Roaming\npm;C:\Program Files (x86)\Sophos\Sophos SSL VPN Client\bin;C:\Users\Fijaz\go\bin;;D:\sts-4.14.0.RELEASE;
USERNAME=Fijaz
OS=Windows_NT
PROCESSOR_IDENTIFIER=Intel64 Family 6 Model 142 Stepping 12, GenuineIntel



---------------  S Y S T E M  ---------------

OS:
 Windows 10 , 64 bit Build 19041 (10.0.19041.1889)
OS uptime: 0 days 23:18 hours
Hyper-V role detected

CPU: total 8 (initial active 8) (4 cores per cpu, 2 threads per core) family 6 model 142 stepping 12 microcode 0xd6, cx8, cmov, fxsr, ht, mmx, 3dnowpref, sse, sse2, sse3, ssse3, sse4.1, sse4.2, popcnt, lzcnt, tsc, tscinvbit, avx, avx2, aes, erms, clmul, bmi1, bmi2, adx, fma, vzeroupper, clflush, clflushopt, hv

Memory: 4k page, system-wide physical 15608M (4036M free)
TotalPageFile size 21752M (AvailPageFile size 6159M)
current process WorkingSet (physical memory assigned to process): 466M, peak: 508M
current process commit charge ("private bytes"): 503M, peak: 654M

vm_info: OpenJDK 64-Bit Server VM (17.0.2+8) for windows-amd64 JRE (17.0.2+8), built on Jan 20 2022 04:52:34 by "" with MS VC++ 16.7 (VS2019)

END.
